# Logfile created on 2026-03-05 03:15:44 +0100 by logger.rb/v1.5.3
2026-03-05 03:15:44 +0100: Memory Usage (435304K) : Starting running IHP-SG13G2 KLayout DRC runset on /foss/designs/HPAmplifier/OTA_Telescopic/Layout_and_Related_files/OTA_Telescopic_TOP_wp.gds
2026-03-05 03:15:44 +0100: Memory Usage (435304K) : Ruby Version for klayout: 3.2.3
2026-03-05 03:15:44 +0100: Memory Usage (436456K) : Loading database to memory is complete.
2026-03-05 03:15:44 +0100: Memory Usage (436456K) : IHP-SG13G2 KLayout DRC runset output at: /foss/designs/HPAmplifier/OTA_Telescopic/Layout_and_Related_files/drc_run_OTA_Telescopic_TOP_wp/OTA_Telescopic_TOP_wp_OTA_Telescopic_TOP_wp_main.lyrdb
2026-03-05 03:15:44 +0100: Memory Usage (436456K) : Evaluate switches.
2026-03-05 03:15:44 +0100: Memory Usage (436456K) : tables selected: main
2026-03-05 03:15:44 +0100: Memory Usage (436456K) : KLayout will use 1 thread(s) in tiled mode.
2026-03-05 03:15:44 +0100: Memory Usage (436456K) : deep mode is enabled.
2026-03-05 03:15:44 +0100: Memory Usage (436456K) : FEOL enabled: true
2026-03-05 03:15:44 +0100: Memory Usage (436456K) : BEOL enabled: true
2026-03-05 03:15:44 +0100: Memory Usage (436456K) : OFFGRID enabled: true
2026-03-05 03:15:44 +0100: Memory Usage (436456K) : PIN enabled: true
2026-03-05 03:15:44 +0100: Memory Usage (436456K) : FORBIDDEN enabled: true
2026-03-05 03:15:44 +0100: Memory Usage (436456K) : RECOMMENDED enabled: true
2026-03-05 03:15:44 +0100: Memory Usage (436456K) : PreCheck DRC enabled: false
2026-03-05 03:15:44 +0100: Memory Usage (436456K) : CONNECTIVITY_RULES enabled: true.
2026-03-05 03:15:44 +0100: Memory Usage (436456K) : Read in polygons from layers.
2026-03-05 03:15:44 +0100: Memory Usage (437736K) : activ_drw has 3892 polygons
2026-03-05 03:15:44 +0100: Memory Usage (437864K) : activ_pin has 0 polygons
2026-03-05 03:15:44 +0100: Memory Usage (437992K) : activ_mask has 0 polygons
2026-03-05 03:15:44 +0100: Memory Usage (437992K) : activ_filler has 0 polygons
2026-03-05 03:15:44 +0100: Memory Usage (437992K) : activ_nofill has 0 polygons
2026-03-05 03:15:44 +0100: Memory Usage (438120K) : activ_opc has 0 polygons
2026-03-05 03:15:44 +0100: Memory Usage (438120K) : activ_iopc has 0 polygons
2026-03-05 03:15:44 +0100: Memory Usage (438248K) : activ_noqrc has 0 polygons
2026-03-05 03:15:44 +0100: Memory Usage (438248K) : biwind_drw has 0 polygons
2026-03-05 03:15:44 +0100: Memory Usage (438376K) : biwind_opc has 0 polygons
2026-03-05 03:15:44 +0100: Memory Usage (438376K) : pemwind_drw has 0 polygons
2026-03-05 03:15:44 +0100: Memory Usage (438376K) : gatpoly_drw has 2385 polygons
2026-03-05 03:15:44 +0100: Memory Usage (438632K) : gatpoly_pin has 253 polygons
2026-03-05 03:15:44 +0100: Memory Usage (438632K) : gatpoly_filler has 0 polygons
2026-03-05 03:15:44 +0100: Memory Usage (438632K) : gatpoly_nofill has 0 polygons
2026-03-05 03:15:44 +0100: Memory Usage (438760K) : gatpoly_opc has 0 polygons
2026-03-05 03:15:44 +0100: Memory Usage (438760K) : gatpoly_iopc has 0 polygons
2026-03-05 03:15:44 +0100: Memory Usage (438888K) : gatpoly_noqrc has 0 polygons
2026-03-05 03:15:44 +0100: Memory Usage (439528K) : cont_drw has 16765 polygons
2026-03-05 03:15:44 +0100: Memory Usage (439528K) : cont_opc has 0 polygons
2026-03-05 03:15:44 +0100: Memory Usage (439528K) : nsd_drw has 0 polygons
2026-03-05 03:15:44 +0100: Memory Usage (439528K) : nsd_block has 0 polygons
2026-03-05 03:15:44 +0100: Memory Usage (439528K) : metal1_drw has 6320 polygons
2026-03-05 03:15:44 +0100: Memory Usage (439784K) : metal1_pin has 1076 polygons
2026-03-05 03:15:44 +0100: Memory Usage (439784K) : metal1_mask has 0 polygons
2026-03-05 03:15:44 +0100: Memory Usage (439784K) : metal1_filler has 0 polygons
2026-03-05 03:15:44 +0100: Memory Usage (439784K) : metal1_nofill has 0 polygons
2026-03-05 03:15:44 +0100: Memory Usage (439912K) : metal1_slit has 0 polygons
2026-03-05 03:15:44 +0100: Memory Usage (440168K) : metal1_text has 2 polygons
2026-03-05 03:15:44 +0100: Memory Usage (440296K) : metal1_opc has 0 polygons
2026-03-05 03:15:44 +0100: Memory Usage (440296K) : metal1_noqrc has 0 polygons
2026-03-05 03:15:44 +0100: Memory Usage (440424K) : metal1_res has 0 polygons
2026-03-05 03:15:44 +0100: Memory Usage (440424K) : metal1_iprobe has 0 polygons
2026-03-05 03:15:44 +0100: Memory Usage (440424K) : metal1_diffprb has 0 polygons
2026-03-05 03:15:44 +0100: Memory Usage (440552K) : passiv_drw has 0 polygons
2026-03-05 03:15:44 +0100: Memory Usage (440552K) : passiv_pin has 0 polygons
2026-03-05 03:15:44 +0100: Memory Usage (440680K) : passiv_sbump has 0 polygons
2026-03-05 03:15:44 +0100: Memory Usage (440680K) : passiv_pillar has 0 polygons
2026-03-05 03:15:44 +0100: Memory Usage (440808K) : passiv_pdl has 0 polygons
2026-03-05 03:15:44 +0100: Memory Usage (440808K) : metal2_drw has 1102 polygons
2026-03-05 03:15:44 +0100: Memory Usage (440936K) : metal2_pin has 3 polygons
2026-03-05 03:15:44 +0100: Memory Usage (440936K) : metal2_mask has 0 polygons
2026-03-05 03:15:44 +0100: Memory Usage (441064K) : metal2_filler has 0 polygons
2026-03-05 03:15:44 +0100: Memory Usage (441064K) : metal2_nofill has 0 polygons
2026-03-05 03:15:44 +0100: Memory Usage (441064K) : metal2_slit has 0 polygons
2026-03-05 03:15:44 +0100: Memory Usage (441192K) : metal2_text has 7 polygons
2026-03-05 03:15:44 +0100: Memory Usage (441192K) : metal2_opc has 0 polygons
2026-03-05 03:15:44 +0100: Memory Usage (441320K) : metal2_noqrc has 0 polygons
2026-03-05 03:15:44 +0100: Memory Usage (441448K) : metal2_res has 0 polygons
2026-03-05 03:15:44 +0100: Memory Usage (441448K) : metal2_iprobe has 0 polygons
2026-03-05 03:15:44 +0100: Memory Usage (441576K) : metal2_diffprb has 0 polygons
2026-03-05 03:15:44 +0100: Memory Usage (441576K) : baspoly_drw has 0 polygons
2026-03-05 03:15:44 +0100: Memory Usage (441576K) : baspoly_pin has 0 polygons
2026-03-05 03:15:44 +0100: Memory Usage (441704K) : psd_drw has 992 polygons
2026-03-05 03:15:44 +0100: Memory Usage (441704K) : nldb_drw has 0 polygons
2026-03-05 03:15:44 +0100: Memory Usage (441832K) : digibnd_drw has 0 polygons
2026-03-05 03:15:44 +0100: Memory Usage (441960K) : via1_drw has 5546 polygons
2026-03-05 03:15:44 +0100: Memory Usage (442088K) : backmetal1_drw has 0 polygons
2026-03-05 03:15:44 +0100: Memory Usage (442088K) : backmetal1_pin has 0 polygons
2026-03-05 03:15:44 +0100: Memory Usage (442088K) : backmetal1_mask has 0 polygons
2026-03-05 03:15:44 +0100: Memory Usage (442216K) : backmetal1_filler has 0 polygons
2026-03-05 03:15:44 +0100: Memory Usage (442216K) : backmetal1_nofill has 0 polygons
2026-03-05 03:15:44 +0100: Memory Usage (442344K) : backmetal1_slit has 0 polygons
2026-03-05 03:15:44 +0100: Memory Usage (442344K) : backmetal1_text has 0 polygons
2026-03-05 03:15:44 +0100: Memory Usage (442344K) : backmetal1_opc has 0 polygons
2026-03-05 03:15:44 +0100: Memory Usage (442472K) : backmetal1_noqrc has 0 polygons
2026-03-05 03:15:44 +0100: Memory Usage (442472K) : backmetal1_res has 0 polygons
2026-03-05 03:15:44 +0100: Memory Usage (442600K) : backmetal1_iprobe has 0 polygons
2026-03-05 03:15:44 +0100: Memory Usage (442600K) : backmetal1_diffprb has 0 polygons
2026-03-05 03:15:44 +0100: Memory Usage (442728K) : backpassiv_drw has 0 polygons
2026-03-05 03:15:44 +0100: Memory Usage (442728K) : res_drw has 0 polygons
2026-03-05 03:15:44 +0100: Memory Usage (442728K) : sram_drw has 0 polygons
2026-03-05 03:15:44 +0100: Memory Usage (442856K) : trans_drw has 0 polygons
2026-03-05 03:15:44 +0100: Memory Usage (442984K) : ind_drw has 0 polygons
2026-03-05 03:15:44 +0100: Memory Usage (442984K) : ind_pin has 0 polygons
2026-03-05 03:15:44 +0100: Memory Usage (443112K) : ind_text has 0 polygons
2026-03-05 03:15:44 +0100: Memory Usage (443112K) : salblock_drw has 7 polygons
2026-03-05 03:15:44 +0100: Memory Usage (443112K) : via2_drw has 2412 polygons
2026-03-05 03:15:44 +0100: Memory Usage (443368K) : metal3_drw has 176 polygons
2026-03-05 03:15:44 +0100: Memory Usage (443368K) : metal3_pin has 8 polygons
2026-03-05 03:15:44 +0100: Memory Usage (443496K) : metal3_mask has 0 polygons
2026-03-05 03:15:44 +0100: Memory Usage (443496K) : metal3_filler has 0 polygons
2026-03-05 03:15:44 +0100: Memory Usage (443624K) : metal3_nofill has 0 polygons
2026-03-05 03:15:44 +0100: Memory Usage (443752K) : metal3_slit has 0 polygons
2026-03-05 03:15:44 +0100: Memory Usage (443752K) : metal3_text has 9 polygons
2026-03-05 03:15:44 +0100: Memory Usage (443752K) : metal3_opc has 0 polygons
2026-03-05 03:15:44 +0100: Memory Usage (443880K) : metal3_noqrc has 0 polygons
2026-03-05 03:15:44 +0100: Memory Usage (443880K) : metal3_res has 0 polygons
2026-03-05 03:15:44 +0100: Memory Usage (444008K) : metal3_iprobe has 0 polygons
2026-03-05 03:15:44 +0100: Memory Usage (444008K) : metal3_diffprb has 0 polygons
2026-03-05 03:15:44 +0100: Memory Usage (444136K) : nwell_drw has 1026 polygons
2026-03-05 03:15:44 +0100: Memory Usage (444136K) : nwell_pin has 0 polygons
2026-03-05 03:15:44 +0100: Memory Usage (444264K) : nbulay_drw has 0 polygons
2026-03-05 03:15:44 +0100: Memory Usage (444264K) : nbulay_pin has 0 polygons
2026-03-05 03:15:44 +0100: Memory Usage (444392K) : nbulay_block has 0 polygons
2026-03-05 03:15:44 +0100: Memory Usage (444392K) : emwind_drw has 0 polygons
2026-03-05 03:15:44 +0100: Memory Usage (444520K) : emwind_opc has 0 polygons
2026-03-05 03:15:44 +0100: Memory Usage (444520K) : deepco_drw has 0 polygons
2026-03-05 03:15:44 +0100: Memory Usage (444648K) : deepco_drw has 0 polygons
2026-03-05 03:15:44 +0100: Memory Usage (444776K) : mim_drw has 2 polygons
2026-03-05 03:15:44 +0100: Memory Usage (444776K) : edgeseal_drw has 0 polygons
2026-03-05 03:15:44 +0100: Memory Usage (444904K) : edgeseal_bound has 0 polygons
2026-03-05 03:15:44 +0100: Memory Usage (444904K) : substrate_drw has 705 polygons
2026-03-05 03:15:44 +0100: Memory Usage (445032K) : substrate_text has 0 polygons
2026-03-05 03:15:44 +0100: Memory Usage (445032K) : dfpad_drw has 0 polygons
2026-03-05 03:15:44 +0100: Memory Usage (445032K) : dfpad_pillar has 0 polygons
2026-03-05 03:15:44 +0100: Memory Usage (445160K) : dfpad_sbump has 0 polygons
2026-03-05 03:15:44 +0100: Memory Usage (445160K) : thickgateox_drw has 0 polygons
2026-03-05 03:15:44 +0100: Memory Usage (445288K) : pldb_drw has 0 polygons
2026-03-05 03:15:44 +0100: Memory Usage (445288K) : pwell_drw has 0 polygons
2026-03-05 03:15:44 +0100: Memory Usage (445416K) : pwell_pin has 0 polygons
2026-03-05 03:15:44 +0100: Memory Usage (445416K) : pwell_block has 0 polygons
2026-03-05 03:15:44 +0100: Memory Usage (445416K) : ic_drw has 0 polygons
2026-03-05 03:15:44 +0100: Memory Usage (445544K) : via3_drw has 2186 polygons
2026-03-05 03:15:44 +0100: Memory Usage (445800K) : metal4_drw has 117 polygons
2026-03-05 03:15:44 +0100: Memory Usage (445800K) : metal4_pin has 1 polygons
2026-03-05 03:15:44 +0100: Memory Usage (445800K) : metal4_mask has 0 polygons
2026-03-05 03:15:44 +0100: Memory Usage (445928K) : metal4_filler has 0 polygons
2026-03-05 03:15:44 +0100: Memory Usage (445928K) : metal4_nofill has 0 polygons
2026-03-05 03:15:44 +0100: Memory Usage (445928K) : metal4_slit has 0 polygons
2026-03-05 03:15:44 +0100: Memory Usage (446056K) : metal4_text has 3 polygons
2026-03-05 03:15:44 +0100: Memory Usage (446056K) : metal4_opc has 0 polygons
2026-03-05 03:15:44 +0100: Memory Usage (446184K) : metal4_noqrc has 0 polygons
2026-03-05 03:15:44 +0100: Memory Usage (446184K) : metal4_res has 0 polygons
2026-03-05 03:15:44 +0100: Memory Usage (446312K) : metal4_iprobe has 0 polygons
2026-03-05 03:15:44 +0100: Memory Usage (446440K) : metal4_diffprb has 0 polygons
2026-03-05 03:15:44 +0100: Memory Usage (446440K) : heattrans_drw has 1411 polygons
2026-03-05 03:15:44 +0100: Memory Usage (446568K) : heatres_drw has 7 polygons
2026-03-05 03:15:44 +0100: Memory Usage (446568K) : pempoly_drw has 0 polygons
2026-03-05 03:15:44 +0100: Memory Usage (446568K) : fbe_drw has 0 polygons
2026-03-05 03:15:44 +0100: Memory Usage (446696K) : empoly_drw has 0 polygons
2026-03-05 03:15:44 +0100: Memory Usage (446824K) : ldmos_drw has 0 polygons
2026-03-05 03:15:44 +0100: Memory Usage (446824K) : pbiwind_drw has 0 polygons
2026-03-05 03:15:44 +0100: Memory Usage (446952K) : digisub_drw has 0 polygons
2026-03-05 03:15:44 +0100: Memory Usage (446952K) : nodrc_drw has 0 polygons
2026-03-05 03:15:44 +0100: Memory Usage (447080K) : text_drw has 965 polygons
2026-03-05 03:15:44 +0100: Memory Usage (447080K) : via4_drw has 2108 polygons
2026-03-05 03:15:44 +0100: Memory Usage (447208K) : metal5_drw has 88 polygons
2026-03-05 03:15:44 +0100: Memory Usage (447336K) : metal5_pin has 6 polygons
2026-03-05 03:15:44 +0100: Memory Usage (447336K) : metal5_mask has 0 polygons
2026-03-05 03:15:44 +0100: Memory Usage (447336K) : metal5_filler has 0 polygons
2026-03-05 03:15:44 +0100: Memory Usage (447464K) : metal5_nofill has 0 polygons
2026-03-05 03:15:44 +0100: Memory Usage (447464K) : metal5_slit has 0 polygons
2026-03-05 03:15:44 +0100: Memory Usage (447592K) : metal5_text has 12 polygons
2026-03-05 03:15:44 +0100: Memory Usage (447592K) : metal5_opc has 0 polygons
2026-03-05 03:15:44 +0100: Memory Usage (447720K) : metal5_noqrc has 0 polygons
2026-03-05 03:15:44 +0100: Memory Usage (447720K) : metal5_res has 0 polygons
2026-03-05 03:15:44 +0100: Memory Usage (447720K) : metal5_iprobe has 0 polygons
2026-03-05 03:15:44 +0100: Memory Usage (447848K) : metal5_diffprb has 0 polygons
2026-03-05 03:15:44 +0100: Memory Usage (447976K) : radhard_drw has 0 polygons
2026-03-05 03:15:44 +0100: Memory Usage (448104K) : memcap_drw has 0 polygons
2026-03-05 03:15:44 +0100: Memory Usage (448104K) : varicap_drw has 0 polygons
2026-03-05 03:15:44 +0100: Memory Usage (448232K) : flash_drw has 0 polygons
2026-03-05 03:15:44 +0100: Memory Usage (448232K) : intbondvia_drw has 0 polygons
2026-03-05 03:15:44 +0100: Memory Usage (448232K) : intbondmet_drw has 0 polygons
2026-03-05 03:15:44 +0100: Memory Usage (448360K) : devbondvia_drw has 0 polygons
2026-03-05 03:15:44 +0100: Memory Usage (448360K) : devbondmet_drw has 0 polygons
2026-03-05 03:15:44 +0100: Memory Usage (448488K) : devtrench_drw has 0 polygons
2026-03-05 03:15:44 +0100: Memory Usage (448488K) : redist_drw has 0 polygons
2026-03-05 03:15:44 +0100: Memory Usage (448616K) : graphbot_drw has 0 polygons
2026-03-05 03:15:44 +0100: Memory Usage (448616K) : graphtop_drw has 0 polygons
2026-03-05 03:15:44 +0100: Memory Usage (448616K) : antvia1_drw has 0 polygons
2026-03-05 03:15:44 +0100: Memory Usage (448744K) : antmetal2_drw has 0 polygons
2026-03-05 03:15:44 +0100: Memory Usage (448744K) : graphcont_drw has 0 polygons
2026-03-05 03:15:44 +0100: Memory Usage (448872K) : siwg_drw has 0 polygons
2026-03-05 03:15:44 +0100: Memory Usage (448872K) : siwg_filler has 0 polygons
2026-03-05 03:15:44 +0100: Memory Usage (449000K) : siwg_nofill has 0 polygons
2026-03-05 03:15:44 +0100: Memory Usage (449128K) : sigrating_drw has 0 polygons
2026-03-05 03:15:44 +0100: Memory Usage (449128K) : singrating_drw has 0 polygons
2026-03-05 03:15:44 +0100: Memory Usage (449128K) : graphpas_drw has 0 polygons
2026-03-05 03:15:44 +0100: Memory Usage (449256K) : emwind3_drw has 0 polygons
2026-03-05 03:15:44 +0100: Memory Usage (449256K) : emwihv3_drw has 0 polygons
2026-03-05 03:15:44 +0100: Memory Usage (449384K) : redbulay_drw has 0 polygons
2026-03-05 03:15:44 +0100: Memory Usage (449384K) : smos_drw has 0 polygons
2026-03-05 03:15:44 +0100: Memory Usage (449384K) : graphpad_drw has 0 polygons
2026-03-05 03:15:44 +0100: Memory Usage (449512K) : polimide_drw has 0 polygons
2026-03-05 03:15:44 +0100: Memory Usage (449640K) : polimide_pin has 0 polygons
2026-03-05 03:15:44 +0100: Memory Usage (449640K) : recog_drw has 0 polygons
2026-03-05 03:15:44 +0100: Memory Usage (449768K) : recog_pin has 0 polygons
2026-03-05 03:15:44 +0100: Memory Usage (449896K) : recog_esd has 0 polygons
2026-03-05 03:15:44 +0100: Memory Usage (449896K) : recog_diode has 0 polygons
2026-03-05 03:15:44 +0100: Memory Usage (449896K) : recog_tsv has 0 polygons
2026-03-05 03:15:44 +0100: Memory Usage (449896K) : recog_iprobe has 0 polygons
2026-03-05 03:15:44 +0100: Memory Usage (450024K) : recog_diffprb has 0 polygons
2026-03-05 03:15:44 +0100: Memory Usage (450024K) : recog_pillar has 0 polygons
2026-03-05 03:15:44 +0100: Memory Usage (450024K) : recog_sbump has 0 polygons
2026-03-05 03:15:44 +0100: Memory Usage (450152K) : recog_otp has 0 polygons
2026-03-05 03:15:44 +0100: Memory Usage (450152K) : recog_pdiode has 0 polygons
2026-03-05 03:15:44 +0100: Memory Usage (450152K) : recog_mom has 0 polygons
2026-03-05 03:15:44 +0100: Memory Usage (450280K) : recog_pcm has 0 polygons
2026-03-05 03:15:44 +0100: Memory Usage (450280K) : colopen_drw has 0 polygons
2026-03-05 03:15:44 +0100: Memory Usage (450280K) : graphmetal1_drw has 0 polygons
2026-03-05 03:15:44 +0100: Memory Usage (450280K) : graphmetal1_filler has 0 polygons
2026-03-05 03:15:44 +0100: Memory Usage (450408K) : graphmetal1_nofill has 0 polygons
2026-03-05 03:15:44 +0100: Memory Usage (450408K) : graphmetal1_slit has 0 polygons
2026-03-05 03:15:44 +0100: Memory Usage (450408K) : graphmetal1_opc has 0 polygons
2026-03-05 03:15:44 +0100: Memory Usage (450536K) : graphmet1l_drw has 0 polygons
2026-03-05 03:15:44 +0100: Memory Usage (450536K) : graphmet1l_filler has 0 polygons
2026-03-05 03:15:44 +0100: Memory Usage (450664K) : graphmet1l_nofill has 0 polygons
2026-03-05 03:15:44 +0100: Memory Usage (450664K) : graphmet1l_slit has 0 polygons
2026-03-05 03:15:44 +0100: Memory Usage (450664K) : graphmet1l_opc has 0 polygons
2026-03-05 03:15:44 +0100: Memory Usage (450792K) : extblock_drw has 21 polygons
2026-03-05 03:15:44 +0100: Memory Usage (450792K) : nldd_drw has 0 polygons
2026-03-05 03:15:44 +0100: Memory Usage (450920K) : pldd_drw has 0 polygons
2026-03-05 03:15:44 +0100: Memory Usage (450920K) : next_drw has 0 polygons
2026-03-05 03:15:44 +0100: Memory Usage (451048K) : pext_drw has 0 polygons
2026-03-05 03:15:44 +0100: Memory Usage (451048K) : nexthv_drw has 0 polygons
2026-03-05 03:15:44 +0100: Memory Usage (451048K) : pexthv_drw has 0 polygons
2026-03-05 03:15:44 +0100: Memory Usage (451176K) : graphgate_drw has 0 polygons
2026-03-05 03:15:44 +0100: Memory Usage (451176K) : sinwg_drw has 0 polygons
2026-03-05 03:15:44 +0100: Memory Usage (451304K) : sinwg_filler has 0 polygons
2026-03-05 03:15:44 +0100: Memory Usage (451304K) : sinwg_nofill has 0 polygons
2026-03-05 03:15:44 +0100: Memory Usage (451304K) : mempad_drw has 0 polygons
2026-03-05 03:15:44 +0100: Memory Usage (451304K) : topvia1_drw has 66 polygons
2026-03-05 03:15:44 +0100: Memory Usage (451432K) : topmetal1_drw has 84 polygons
2026-03-05 03:15:44 +0100: Memory Usage (451432K) : topmetal1_pin has 6 polygons
2026-03-05 03:15:44 +0100: Memory Usage (451432K) : topmetal1_mask has 0 polygons
2026-03-05 03:15:44 +0100: Memory Usage (451560K) : topmetal1_filler has 0 polygons
2026-03-05 03:15:44 +0100: Memory Usage (451560K) : topmetal1_nofill has 0 polygons
2026-03-05 03:15:44 +0100: Memory Usage (451560K) : topmetal1_slit has 0 polygons
2026-03-05 03:15:44 +0100: Memory Usage (451688K) : topmetal1_text has 10 polygons
2026-03-05 03:15:44 +0100: Memory Usage (451688K) : topmetal1_noqrc has 0 polygons
2026-03-05 03:15:44 +0100: Memory Usage (451816K) : topmetal1_res has 0 polygons
2026-03-05 03:15:44 +0100: Memory Usage (451816K) : topmetal1_iprobe has 0 polygons
2026-03-05 03:15:44 +0100: Memory Usage (451816K) : topmetal1_diffprb has 0 polygons
2026-03-05 03:15:44 +0100: Memory Usage (451944K) : inldpwl_drw has 0 polygons
2026-03-05 03:15:44 +0100: Memory Usage (451944K) : polyres_drw has 7 polygons
2026-03-05 03:15:44 +0100: Memory Usage (452072K) : polyres_pin has 0 polygons
2026-03-05 03:15:44 +0100: Memory Usage (452072K) : vmim_drw has 578 polygons
2026-03-05 03:15:44 +0100: Memory Usage (452072K) : nbulaycut_drw has 0 polygons
2026-03-05 03:15:44 +0100: Memory Usage (452200K) : antmetal1_drw has 0 polygons
2026-03-05 03:15:44 +0100: Memory Usage (452200K) : topvia2_drw has 0 polygons
2026-03-05 03:15:44 +0100: Memory Usage (452328K) : topmetal2_drw has 0 polygons
2026-03-05 03:15:44 +0100: Memory Usage (452328K) : topmetal2_pin has 0 polygons
2026-03-05 03:15:44 +0100: Memory Usage (452456K) : topmetal2_mask has 0 polygons
2026-03-05 03:15:44 +0100: Memory Usage (452456K) : topmetal2_filler has 0 polygons
2026-03-05 03:15:44 +0100: Memory Usage (452456K) : topmetal2_nofill has 0 polygons
2026-03-05 03:15:44 +0100: Memory Usage (452584K) : topmetal2_slit has 0 polygons
2026-03-05 03:15:44 +0100: Memory Usage (452584K) : topmetal2_text has 0 polygons
2026-03-05 03:15:44 +0100: Memory Usage (452712K) : topmetal2_noqrc has 0 polygons
2026-03-05 03:15:44 +0100: Memory Usage (452712K) : topmetal2_res has 0 polygons
2026-03-05 03:15:44 +0100: Memory Usage (452840K) : topmetal2_iprobe has 0 polygons
2026-03-05 03:15:44 +0100: Memory Usage (452840K) : topmetal2_diffprb has 0 polygons
2026-03-05 03:15:44 +0100: Memory Usage (452840K) : snsring_drw has 0 polygons
2026-03-05 03:15:44 +0100: Memory Usage (452968K) : sensor_drw has 0 polygons
2026-03-05 03:15:44 +0100: Memory Usage (452968K) : snsarms_drw has 0 polygons
2026-03-05 03:15:44 +0100: Memory Usage (453096K) : snscmosvia_drw has 0 polygons
2026-03-05 03:15:44 +0100: Memory Usage (453096K) : colwind_drw has 0 polygons
2026-03-05 03:15:44 +0100: Memory Usage (453224K) : flm_drw has 0 polygons
2026-03-05 03:15:44 +0100: Memory Usage (453224K) : hafniumox_drw has 0 polygons
2026-03-05 03:15:44 +0100: Memory Usage (453224K) : memvia_drw has 0 polygons
2026-03-05 03:15:44 +0100: Memory Usage (453352K) : thinfilmres_drw has 0 polygons
2026-03-05 03:15:44 +0100: Memory Usage (453352K) : rfmem_drw has 0 polygons
2026-03-05 03:15:44 +0100: Memory Usage (453480K) : norcx_drw has 0 polygons
2026-03-05 03:15:44 +0100: Memory Usage (453480K) : norcx_m2m3 has 0 polygons
2026-03-05 03:15:44 +0100: Memory Usage (453480K) : norcx_m2m4 has 0 polygons
2026-03-05 03:15:44 +0100: Memory Usage (453480K) : norcx_m2m5 has 0 polygons
2026-03-05 03:15:44 +0100: Memory Usage (453480K) : norcx_m2tm1 has 0 polygons
2026-03-05 03:15:44 +0100: Memory Usage (453480K) : norcx_m2tm2 has 0 polygons
2026-03-05 03:15:44 +0100: Memory Usage (453480K) : norcx_m3m4 has 0 polygons
2026-03-05 03:15:44 +0100: Memory Usage (453480K) : norcx_m3m5 has 0 polygons
2026-03-05 03:15:44 +0100: Memory Usage (453480K) : norcx_m3tm1 has 0 polygons
2026-03-05 03:15:44 +0100: Memory Usage (453480K) : norcx_m3tm2 has 0 polygons
2026-03-05 03:15:44 +0100: Memory Usage (453480K) : norcx_m4m5 has 0 polygons
2026-03-05 03:15:44 +0100: Memory Usage (453480K) : norcx_m4tm1 has 0 polygons
2026-03-05 03:15:44 +0100: Memory Usage (453480K) : norcx_m4tm2 has 0 polygons
2026-03-05 03:15:44 +0100: Memory Usage (453480K) : norcx_m5tm1 has 0 polygons
2026-03-05 03:15:44 +0100: Memory Usage (453480K) : norcx_m5tm2 has 0 polygons
2026-03-05 03:15:44 +0100: Memory Usage (453480K) : norcx_tm1tm2 has 0 polygons
2026-03-05 03:15:44 +0100: Memory Usage (453480K) : norcx_m1sub has 0 polygons
2026-03-05 03:15:44 +0100: Memory Usage (453480K) : norcx_m2sub has 0 polygons
2026-03-05 03:15:44 +0100: Memory Usage (453480K) : norcx_m3sub has 0 polygons
2026-03-05 03:15:44 +0100: Memory Usage (453480K) : norcx_m4sub has 0 polygons
2026-03-05 03:15:44 +0100: Memory Usage (453480K) : norcx_m5sub has 0 polygons
2026-03-05 03:15:44 +0100: Memory Usage (453480K) : norcx_tm1sub has 0 polygons
2026-03-05 03:15:44 +0100: Memory Usage (453480K) : norcx_tm2sub has 0 polygons
2026-03-05 03:15:44 +0100: Memory Usage (453480K) : snsbotvia_drw has 0 polygons
2026-03-05 03:15:44 +0100: Memory Usage (453480K) : snstopvia_drw has 0 polygons
2026-03-05 03:15:44 +0100: Memory Usage (453480K) : deepvia_drw has 0 polygons
2026-03-05 03:15:44 +0100: Memory Usage (453480K) : fgetch_drw has 0 polygons
2026-03-05 03:15:44 +0100: Memory Usage (453480K) : ctrgat_drw has 0 polygons
2026-03-05 03:15:44 +0100: Memory Usage (453480K) : fgimp_drw has 0 polygons
2026-03-05 03:15:44 +0100: Memory Usage (453480K) : emwihv_drw has 0 polygons
2026-03-05 03:15:44 +0100: Memory Usage (453480K) : lbe_drw has 0 polygons
2026-03-05 03:15:44 +0100: Memory Usage (453480K) : alcustop_drw has 0 polygons
2026-03-05 03:15:44 +0100: Memory Usage (453480K) : nometfiller_drw has 0 polygons
2026-03-05 03:15:44 +0100: Memory Usage (453480K) : prboundary_drw has 0 polygons
2026-03-05 03:15:44 +0100: Memory Usage (453480K) : exchange0_drw has 0 polygons
2026-03-05 03:15:44 +0100: Memory Usage (453480K) : exchange0_pin has 0 polygons
2026-03-05 03:15:44 +0100: Memory Usage (453480K) : exchange0_text has 0 polygons
2026-03-05 03:15:44 +0100: Memory Usage (453480K) : exchange1_drw has 0 polygons
2026-03-05 03:15:44 +0100: Memory Usage (453480K) : exchange1_pin has 0 polygons
2026-03-05 03:15:44 +0100: Memory Usage (453480K) : exchange1_text has 0 polygons
2026-03-05 03:15:44 +0100: Memory Usage (453480K) : exchange2_drw has 0 polygons
2026-03-05 03:15:44 +0100: Memory Usage (453480K) : exchange2_pin has 0 polygons
2026-03-05 03:15:44 +0100: Memory Usage (453480K) : exchange2_text has 0 polygons
2026-03-05 03:15:44 +0100: Memory Usage (453480K) : exchange3_drw has 0 polygons
2026-03-05 03:15:44 +0100: Memory Usage (453480K) : exchange3_pin has 0 polygons
2026-03-05 03:15:44 +0100: Memory Usage (453480K) : exchange3_text has 0 polygons
2026-03-05 03:15:44 +0100: Memory Usage (453480K) : exchange4_drw has 0 polygons
2026-03-05 03:15:44 +0100: Memory Usage (453480K) : exchange4_pin has 0 polygons
2026-03-05 03:15:44 +0100: Memory Usage (453480K) : exchange4_text has 0 polygons
2026-03-05 03:15:44 +0100: Memory Usage (453480K) : isonwell_drw has 0 polygons
2026-03-05 03:15:44 +0100: Memory Usage (453480K) : Total no. of polygons in the design is 50364
2026-03-05 03:15:44 +0100: Memory Usage (453480K) : Loaded TECH DRC rules values from /foss/pdks/ihp-sg13g2/libs.tech/klayout/python/sg13g2_pycell_lib/sg13g2_tech_mod.json
2026-03-05 03:15:44 +0100: Memory Usage (453480K) : Loaded default DRC rules values from /foss/pdks/ihp-sg13g2/libs.tech/klayout/tech/drc/rule_decks/sg13g2_tech_default.json
2026-03-05 03:15:44 +0100: Memory Usage (453480K) : The following rules values were missing in tech json and default values were used:
2026-03-05 03:15:44 +0100: Memory Usage (453480K) :   - Cnt_c_digibnd
2026-03-05 03:15:44 +0100: Memory Usage (454504K) : Total area of the design is 13518.739 um^2.
2026-03-05 03:15:44 +0100: Memory Usage (454504K) : The design dimensions are 120.22 µm * 112.44999999999999 µm.
2026-03-05 03:15:44 +0100: Memory Usage (454504K) : Starting general IHP-SG13G2 derivations.
2026-03-05 03:15:44 +0100: Memory Usage (454504K) : Starting Pwell derivations
2026-03-05 03:15:44 +0100: Memory Usage (456936K) : Starting n-Activ derivations
2026-03-05 03:15:44 +0100: Memory Usage (459368K) : Starting p-Activ derivations
2026-03-05 03:15:44 +0100: Memory Usage (459368K) : Starting ptap derivations
2026-03-05 03:15:44 +0100: Memory Usage (459368K) : Starting ntap derivations
2026-03-05 03:15:44 +0100: Memory Usage (459368K) : Starting pact FET derivations
2026-03-05 03:15:44 +0100: Memory Usage (459368K) : Starting nact FET derivations
2026-03-05 03:15:44 +0100: Memory Usage (459368K) : Starting Gate derivations
2026-03-05 03:15:44 +0100: Memory Usage (459368K) : Starting cont/contbar general derivations
2026-03-05 03:15:44 +0100: Memory Usage (463592K) : Starting pad general derivations
2026-03-05 03:15:44 +0100: Memory Usage (463592K) : Starting IHP-SG13G2 DRC connectivity related derivations.
2026-03-05 03:15:44 +0100: Memory Usage (463592K) : Starting IHP-SG13G2 DRC connectivity setup
2026-03-05 03:15:45 +0100: Memory Usage (464232K) : Starting IHP-SG13G2 DRC rules.
2026-03-05 03:15:45 +0100: Memory Usage (464232K) : Running all FEOL rules
2026-03-05 03:15:45 +0100: Memory Usage (464232K) : Running all BEOL rules
2026-03-05 03:15:45 +0100: Memory Usage (464232K) : Running all PIN rules
2026-03-05 03:15:45 +0100: Memory Usage (464232K) : Running all FORBIDDEN rules
2026-03-05 03:15:45 +0100: Memory Usage (464232K) : Starting 5.1 NWell table
2026-03-05 03:15:45 +0100: Memory Usage (464232K) : Executing rule NW.b
2026-03-05 03:15:45 +0100: Memory Usage (464872K) : Executing rule NW.b1
2026-03-05 03:15:45 +0100: Memory Usage (465000K) : Starting 5.2 PWell:block
2026-03-05 03:15:45 +0100: Memory Usage (465000K) : Executing rule PWB.e
2026-03-05 03:15:45 +0100: Memory Usage (465000K) : Executing rule PWB.e1
2026-03-05 03:15:45 +0100: Memory Usage (465000K) : Executing rule PWB.f
2026-03-05 03:15:45 +0100: Memory Usage (465000K) : Executing rule PWB.f1
2026-03-05 03:15:45 +0100: Memory Usage (465000K) : Starting 5.3 nBuLay table
2026-03-05 03:15:45 +0100: Memory Usage (465000K) : Executing rule NBL.b
2026-03-05 03:15:45 +0100: Memory Usage (465000K) : Executing rule NBL.c
2026-03-05 03:15:45 +0100: Memory Usage (465000K) : Executing rule NBL.d
2026-03-05 03:15:45 +0100: Memory Usage (465000K) : Executing rule NBL.e
2026-03-05 03:15:45 +0100: Memory Usage (465000K) : Executing rule NBL.f
2026-03-05 03:15:45 +0100: Memory Usage (465000K) : Starting 5.5. Activ table
2026-03-05 03:15:45 +0100: Memory Usage (465000K) : Executing rule Act.a
2026-03-05 03:15:45 +0100: Memory Usage (465000K) : Executing rule Act.b
2026-03-05 03:15:45 +0100: Memory Usage (465128K) : Starting 5.6 Activ:filler table
2026-03-05 03:15:45 +0100: Memory Usage (465128K) : Executing rule AFil.c1
2026-03-05 03:15:45 +0100: Memory Usage (465128K) : Executing rule AFil.c
2026-03-05 03:15:45 +0100: Memory Usage (465128K) : Executing rule AFil.d
2026-03-05 03:15:45 +0100: Memory Usage (465128K) : Executing rule AFil.e
2026-03-05 03:15:45 +0100: Memory Usage (465128K) : Executing rule AFil.j
2026-03-05 03:15:45 +0100: Memory Usage (465128K) : Starting 5.7. ThickGateOx table
2026-03-05 03:15:45 +0100: Memory Usage (465128K) : Executing rule TGO.f
2026-03-05 03:15:45 +0100: Memory Usage (465128K) : Starting 5.8. GatPoly table
2026-03-05 03:15:45 +0100: Memory Usage (465128K) : Executing rule Gat.a
2026-03-05 03:15:45 +0100: Memory Usage (465128K) : Executing rule Gat.b
2026-03-05 03:15:45 +0100: Memory Usage (465128K) : Executing rule Gat.d
2026-03-05 03:15:45 +0100: Memory Usage (465128K) : Executing rule Gat.a1
2026-03-05 03:15:45 +0100: Memory Usage (465512K) : Executing rule Gat.a2
2026-03-05 03:15:45 +0100: Memory Usage (465512K) : Executing rule Gat.g
2026-03-05 03:15:45 +0100: Memory Usage (465512K) : Starting 5.9 GatPoly:filler
2026-03-05 03:15:45 +0100: Memory Usage (465512K) : Executing rule GFil.d
2026-03-05 03:15:45 +0100: Memory Usage (465512K) : Executing rule GFil.e
2026-03-05 03:15:45 +0100: Memory Usage (465512K) : Executing rule GFil.i
2026-03-05 03:15:45 +0100: Memory Usage (465512K) : Starting 5.10 pSD table
2026-03-05 03:15:45 +0100: Memory Usage (465512K) : Executing rule pSD.c1
2026-03-05 03:15:45 +0100: Memory Usage (465512K) : Starting 5.14. Cont table
2026-03-05 03:15:45 +0100: Memory Usage (465512K) : Executing rule Cnt.a
2026-03-05 03:15:45 +0100: Memory Usage (466792K) : Executing rule Cnt.b
2026-03-05 03:15:45 +0100: Memory Usage (466792K) : Executing rule Cnt.c
2026-03-05 03:15:45 +0100: Memory Usage (466792K) : Executing rule Cnt.c
2026-03-05 03:15:45 +0100: Memory Usage (466792K) : Executing rule Cnt.d
2026-03-05 03:15:45 +0100: Memory Usage (466792K) : Executing rule Cnt.e
2026-03-05 03:15:45 +0100: Memory Usage (466792K) : Executing rule Cnt.g1
2026-03-05 03:15:45 +0100: Memory Usage (466792K) : Executing rule Cnt.g2
2026-03-05 03:15:45 +0100: Memory Usage (467176K) : Starting 5.15. ContBar table
2026-03-05 03:15:45 +0100: Memory Usage (467176K) : Executing rule CntB.b1
2026-03-05 03:15:45 +0100: Memory Usage (467176K) : Executing rule CntB.h1
2026-03-05 03:15:45 +0100: Memory Usage (467176K) : Starting 6.1.3 NPN Substrate-Tie table
2026-03-05 03:15:45 +0100: Memory Usage (467176K) : Executing rule npn13G2.bR 
2026-03-05 03:15:45 +0100: Memory Usage (467176K) : Executing rule npn13G2L.cR 
2026-03-05 03:15:45 +0100: Memory Usage (467176K) : Executing rule npn13G2V.cR 
2026-03-05 03:15:45 +0100: Memory Usage (467176K) : Starting 6.7 Schottky diode table
2026-03-05 03:15:45 +0100: Memory Usage (467176K) : Executing rule Sdiod.d
2026-03-05 03:15:45 +0100: Memory Usage (467176K) : Executing rule Sdiod.e
2026-03-05 03:15:45 +0100: Memory Usage (467176K) : Starting 7.2 Latch-up table
2026-03-05 03:15:45 +0100: Memory Usage (467176K) : Executing rule LU.b
2026-03-05 03:15:46 +0100: Memory Usage (467176K) : Starting 5.16. Metal1 table
2026-03-05 03:15:46 +0100: Memory Usage (467176K) : Executing rule M1.a
2026-03-05 03:15:46 +0100: Memory Usage (467176K) : Executing rule M1.b
2026-03-05 03:15:46 +0100: Memory Usage (467176K) : Executing rule M1.e
2026-03-05 03:15:46 +0100: Memory Usage (467176K) : Executing rule M1.f
2026-03-05 03:15:46 +0100: Memory Usage (467176K) : Executing rule M1.g
2026-03-05 03:15:46 +0100: Memory Usage (467176K) : Executing rule M1.i
2026-03-05 03:15:46 +0100: Memory Usage (467176K) : Starting 5.17 Metaln table
2026-03-05 03:15:46 +0100: Memory Usage (467176K) : Executing rule M2.a
2026-03-05 03:15:46 +0100: Memory Usage (467176K) : Executing rule M2.b
2026-03-05 03:15:46 +0100: Memory Usage (467176K) : Executing rule M2.e
2026-03-05 03:15:46 +0100: Memory Usage (467176K) : Executing rule M2.f
2026-03-05 03:15:46 +0100: Memory Usage (467176K) : Executing rule M2.g
2026-03-05 03:15:46 +0100: Memory Usage (467176K) : Executing rule M2.i
2026-03-05 03:15:46 +0100: Memory Usage (467176K) : Executing rule M3.a
2026-03-05 03:15:46 +0100: Memory Usage (467176K) : Executing rule M3.b
2026-03-05 03:15:46 +0100: Memory Usage (467176K) : Executing rule M3.e
2026-03-05 03:15:46 +0100: Memory Usage (467176K) : Executing rule M3.f
2026-03-05 03:15:46 +0100: Memory Usage (467176K) : Executing rule M3.g
2026-03-05 03:15:46 +0100: Memory Usage (467176K) : Executing rule M3.i
2026-03-05 03:15:46 +0100: Memory Usage (467176K) : Executing rule M4.a
2026-03-05 03:15:46 +0100: Memory Usage (467176K) : Executing rule M4.b
2026-03-05 03:15:46 +0100: Memory Usage (467176K) : Executing rule M4.e
2026-03-05 03:15:46 +0100: Memory Usage (467176K) : Executing rule M4.f
2026-03-05 03:15:46 +0100: Memory Usage (467176K) : Executing rule M4.g
2026-03-05 03:15:46 +0100: Memory Usage (467176K) : Executing rule M4.i
2026-03-05 03:15:46 +0100: Memory Usage (467176K) : Executing rule M5.a
2026-03-05 03:15:46 +0100: Memory Usage (467176K) : Executing rule M5.b
2026-03-05 03:15:46 +0100: Memory Usage (467176K) : Executing rule M5.e
2026-03-05 03:15:46 +0100: Memory Usage (467176K) : Executing rule M5.f
2026-03-05 03:15:46 +0100: Memory Usage (467176K) : Executing rule M5.g
2026-03-05 03:15:46 +0100: Memory Usage (467176K) : Executing rule M5.i
2026-03-05 03:15:46 +0100: Memory Usage (467176K) : Starting 5.18 Metaln:filler table
2026-03-05 03:15:46 +0100: Memory Usage (467176K) : Executing rule M1Fil.c
2026-03-05 03:15:46 +0100: Memory Usage (467176K) : Executing rule M1Fil.a2
2026-03-05 03:15:46 +0100: Memory Usage (467176K) : Executing rule M2Fil.c
2026-03-05 03:15:46 +0100: Memory Usage (467176K) : Executing rule M2Fil.a2
2026-03-05 03:15:46 +0100: Memory Usage (467176K) : Executing rule M3Fil.c
2026-03-05 03:15:46 +0100: Memory Usage (467176K) : Executing rule M3Fil.a2
2026-03-05 03:15:46 +0100: Memory Usage (467176K) : Executing rule M4Fil.c
2026-03-05 03:15:46 +0100: Memory Usage (467176K) : Executing rule M4Fil.a2
2026-03-05 03:15:46 +0100: Memory Usage (467176K) : Executing rule M5Fil.c
2026-03-05 03:15:46 +0100: Memory Usage (467176K) : Executing rule M5Fil.a2
2026-03-05 03:15:46 +0100: Memory Usage (467176K) : Starting 5.19. Via1 table
2026-03-05 03:15:46 +0100: Memory Usage (467176K) : Starting 5.19. Via1 table derivations
2026-03-05 03:15:46 +0100: Memory Usage (467176K) : Executing rule V1.a
2026-03-05 03:15:46 +0100: Memory Usage (467176K) : Executing rule V1.b
2026-03-05 03:15:46 +0100: Memory Usage (467176K) : Executing rule V1.c
2026-03-05 03:15:46 +0100: Memory Usage (467176K) : Starting 5.20. Vian table
2026-03-05 03:15:46 +0100: Memory Usage (467176K) : Executing rule V2.a
2026-03-05 03:15:46 +0100: Memory Usage (467176K) : Executing rule V2.b
2026-03-05 03:15:46 +0100: Memory Usage (467176K) : Executing rule V2.c
2026-03-05 03:15:46 +0100: Memory Usage (467176K) : Executing rule V3.a
2026-03-05 03:15:46 +0100: Memory Usage (467176K) : Executing rule V3.b
2026-03-05 03:15:46 +0100: Memory Usage (467176K) : Executing rule V3.c
2026-03-05 03:15:46 +0100: Memory Usage (467176K) : Executing rule V4.a
2026-03-05 03:15:46 +0100: Memory Usage (467176K) : Executing rule V4.b
2026-03-05 03:15:46 +0100: Memory Usage (467176K) : Executing rule V4.c
2026-03-05 03:15:46 +0100: Memory Usage (467176K) : Starting 5.21. TopVia1 table
2026-03-05 03:15:46 +0100: Memory Usage (467176K) : Executing rule TV1.a
2026-03-05 03:15:46 +0100: Memory Usage (467176K) : Executing rule TV1.b
2026-03-05 03:15:46 +0100: Memory Usage (467176K) : Executing rule TV1.c
2026-03-05 03:15:46 +0100: Memory Usage (467176K) : Executing rule TV1.d
2026-03-05 03:15:46 +0100: Memory Usage (467176K) : Starting 5.22. TopMetal1 table
2026-03-05 03:15:46 +0100: Memory Usage (467176K) : Executing rule TM1.a
2026-03-05 03:15:46 +0100: Memory Usage (467176K) : Executing rule TM1.b
2026-03-05 03:15:46 +0100: Memory Usage (467176K) : Starting 5.23 TopMetal1:filler table
2026-03-05 03:15:46 +0100: Memory Usage (467176K) : Executing rule TM1Fil.c
2026-03-05 03:15:46 +0100: Memory Usage (467176K) : Executing rule TM1Fil.a1
2026-03-05 03:15:46 +0100: Memory Usage (467176K) : Starting 5.24. TopVia2 table
2026-03-05 03:15:46 +0100: Memory Usage (467176K) : Executing rule TV2.a
2026-03-05 03:15:46 +0100: Memory Usage (467176K) : Executing rule TV2.b
2026-03-05 03:15:46 +0100: Memory Usage (467176K) : Executing rule TV2.c
2026-03-05 03:15:46 +0100: Memory Usage (467176K) : Executing rule TV2.d
2026-03-05 03:15:46 +0100: Memory Usage (467176K) : Starting 5.25. TopMetal2 table
2026-03-05 03:15:46 +0100: Memory Usage (467176K) : Executing rule TM2.a
2026-03-05 03:15:46 +0100: Memory Usage (467176K) : Executing rule TM2.b
2026-03-05 03:15:46 +0100: Memory Usage (467176K) : Executing rule TM2.bR
2026-03-05 03:15:46 +0100: Memory Usage (467176K) : Starting 5.26 TopMetal2:filler table
2026-03-05 03:15:46 +0100: Memory Usage (467176K) : Executing rule TM2Fil.c
2026-03-05 03:15:46 +0100: Memory Usage (467176K) : Executing rule TM2Fil.a1
2026-03-05 03:15:46 +0100: Memory Usage (467176K) : Starting 5.27. Passiv table
2026-03-05 03:15:46 +0100: Memory Usage (467176K) : Executing rule Pas.a
2026-03-05 03:15:46 +0100: Memory Usage (467176K) : Executing rule Pas.b
2026-03-05 03:15:46 +0100: Memory Usage (467176K) : Executing rule Pas.c
2026-03-05 03:15:46 +0100: Memory Usage (467176K) : Starting 6.9.2 Copper Pillar table
2026-03-05 03:15:46 +0100: Memory Usage (467176K) : Executing rule Padc.a
2026-03-05 03:15:46 +0100: Memory Usage (467176K) : Executing rule Padc.b
2026-03-05 03:15:46 +0100: Memory Usage (467176K) : Executing rule Padc.c
2026-03-05 03:15:46 +0100: Memory Usage (467176K) : Executing rule Padb.f
2026-03-05 03:15:46 +0100: Memory Usage (467176K) : Starting 6.9 Pad table
2026-03-05 03:15:46 +0100: Memory Usage (467176K) : Executing rule Pad.m
2026-03-05 03:15:46 +0100: Memory Usage (467176K) : Executing rule Pad.fR_M1
2026-03-05 03:15:46 +0100: Memory Usage (467176K) : Executing rule Pad.fR_M2
2026-03-05 03:15:46 +0100: Memory Usage (467176K) : Executing rule Pad.fR_M3
2026-03-05 03:15:46 +0100: Memory Usage (467176K) : Executing rule Pad.fR_M4
2026-03-05 03:15:46 +0100: Memory Usage (467176K) : Executing rule Pad.fR_M5
2026-03-05 03:15:46 +0100: Memory Usage (467176K) : Executing rule Pad.fR_TM1
2026-03-05 03:15:46 +0100: Memory Usage (467176K) : Executing rule Pad.fR_TM2
2026-03-05 03:15:46 +0100: Memory Usage (467176K) : Executing rule Pad.i
2026-03-05 03:15:46 +0100: Memory Usage (467176K) : Starting 6.9.1 Solder Bump
2026-03-05 03:15:46 +0100: Memory Usage (467176K) : Executing rule Padb.a
2026-03-05 03:15:46 +0100: Memory Usage (467176K) : Executing rule Padb.b
2026-03-05 03:15:46 +0100: Memory Usage (467176K) : Executing rule Padb.c
2026-03-05 03:15:46 +0100: Memory Usage (467176K) : Executing rule Padb.f
2026-03-05 03:15:46 +0100: Memory Usage (467176K) : Executing rule Padb.d
2026-03-05 03:15:46 +0100: Memory Usage (467176K) : Starting 6.10 Sealring table
2026-03-05 03:15:46 +0100: Memory Usage (467176K) : Executing rule Seal.l
2026-03-05 03:15:46 +0100: Memory Usage (467176K) : Executing rule Seal.n
2026-03-05 03:15:46 +0100: Memory Usage (467176K) : Executing rule seal.b_metal1
2026-03-05 03:15:46 +0100: Memory Usage (467176K) : Executing rule seal.b_metal2
2026-03-05 03:15:46 +0100: Memory Usage (467176K) : Executing rule seal.b_metal3
2026-03-05 03:15:46 +0100: Memory Usage (467176K) : Executing rule seal.b_metal4
2026-03-05 03:15:46 +0100: Memory Usage (467176K) : Executing rule seal.b_metal5
2026-03-05 03:15:46 +0100: Memory Usage (467176K) : Executing rule seal.b_topmetal1
2026-03-05 03:15:46 +0100: Memory Usage (467176K) : Executing rule seal.b_topmetal2
2026-03-05 03:15:46 +0100: Memory Usage (467176K) : Executing rule seal.b_activ
2026-03-05 03:15:46 +0100: Memory Usage (467176K) : Executing rule seal.b_psd
2026-03-05 03:15:46 +0100: Memory Usage (467176K) : Executing rule Seal.k
2026-03-05 03:15:46 +0100: Memory Usage (467176K) : Executing rule Seal.m
2026-03-05 03:15:46 +0100: Memory Usage (467176K) : Starting 6.11 MIM table
2026-03-05 03:15:46 +0100: Memory Usage (467176K) : Executing rule MIM.c
2026-03-05 03:15:46 +0100: Memory Usage (467176K) : Executing rule MIM.d
2026-03-05 03:15:46 +0100: Memory Usage (467176K) : Executing rule MIM.gR
2026-03-05 03:15:46 +0100: Memory Usage (467176K) : Starting 7.3 Metal Slits table
2026-03-05 03:15:46 +0100: Memory Usage (467176K) : Executing rule Slt.e1_M1
2026-03-05 03:15:46 +0100: Memory Usage (467176K) : Executing rule Slt.e1_M2
2026-03-05 03:15:46 +0100: Memory Usage (467176K) : Executing rule Slt.e1_M3
2026-03-05 03:15:46 +0100: Memory Usage (467176K) : Executing rule Slt.e1_M4
2026-03-05 03:15:46 +0100: Memory Usage (467176K) : Executing rule Slt.e1_M5
2026-03-05 03:15:46 +0100: Memory Usage (467176K) : Executing rule Slt.e1_TM1
2026-03-05 03:15:46 +0100: Memory Usage (467176K) : Executing rule Slt.e1_TM2
2026-03-05 03:15:46 +0100: Memory Usage (467176K) : Starting 9.1. LBE table
2026-03-05 03:15:46 +0100: Memory Usage (467176K) : Executing rule LBE.a
2026-03-05 03:15:46 +0100: Memory Usage (467176K) : Executing rule LBE.b
2026-03-05 03:15:46 +0100: Memory Usage (467176K) : Executing rule LBE.b1
2026-03-05 03:15:46 +0100: Memory Usage (467176K) : Executing rule LBE.c
2026-03-05 03:15:46 +0100: Memory Usage (467176K) : Executing rule LBE.d
2026-03-05 03:15:46 +0100: Memory Usage (467176K) : Executing rule LBE.h
2026-03-05 03:15:46 +0100: Memory Usage (467176K) : Starting 7.4. PIN table
2026-03-05 03:15:46 +0100: Memory Usage (467176K) : Executing rule Pin.a
2026-03-05 03:15:46 +0100: Memory Usage (467176K) : Executing rule Pin.b
2026-03-05 03:15:46 +0100: Memory Usage (467176K) : Executing rule Pin.e
2026-03-05 03:15:46 +0100: Memory Usage (467176K) : Executing rule Pin.f_M2
2026-03-05 03:15:46 +0100: Memory Usage (467176K) : Executing rule Pin.f_M3
2026-03-05 03:15:46 +0100: Memory Usage (467176K) : Executing rule Pin.f_M4
2026-03-05 03:15:46 +0100: Memory Usage (467176K) : Executing rule Pin.f_M5
2026-03-05 03:15:46 +0100: Memory Usage (467176K) : Executing rule Pin.g
2026-03-05 03:15:46 +0100: Memory Usage (467176K) : Executing rule Pin.h
2026-03-05 03:15:46 +0100: Memory Usage (467176K) : Starting 3.2. FORBIDDEN table
2026-03-05 03:15:46 +0100: Memory Usage (467176K) : Executing rule forbidden.biwind
2026-03-05 03:15:46 +0100: Memory Usage (467176K) : Executing rule forbidden.pemwind
2026-03-05 03:15:46 +0100: Memory Usage (467176K) : Executing rule forbidden.baspoly
2026-03-05 03:15:46 +0100: Memory Usage (467176K) : Executing rule forbidden.deepco
2026-03-05 03:15:46 +0100: Memory Usage (467176K) : Executing rule forbidden.pempoly
2026-03-05 03:15:46 +0100: Memory Usage (467176K) : Executing rule forbidden.empoly
2026-03-05 03:15:46 +0100: Memory Usage (467176K) : Executing rule forbidden.ldmos
2026-03-05 03:15:46 +0100: Memory Usage (467176K) : Executing rule forbidden.pbiwind
2026-03-05 03:15:46 +0100: Memory Usage (467176K) : Executing rule forbidden.nodrc
2026-03-05 03:15:46 +0100: Memory Usage (467176K) : Executing rule forbidden.flash
2026-03-05 03:15:46 +0100: Memory Usage (467176K) : Executing rule forbidden.colwind
2026-03-05 03:15:46 +0100: Memory Usage (467176K) : KLayout DRC run for tables 'main' completed in 2.89 seconds
