# Logfile created on 2026-03-05 03:17:18 +0100 by logger.rb/v1.5.3
2026-03-05 03:17:18 +0100: Memory Usage (436104K) : Starting running IHP-SG13G2 KLayout DRC runset on /foss/designs/HPAmplifier/OTA_Telescopic/Layout_and_Related_files/HPA.gds
2026-03-05 03:17:18 +0100: Memory Usage (436104K) : Ruby Version for klayout: 3.2.3
2026-03-05 03:17:18 +0100: Memory Usage (437384K) : Loading database to memory is complete.
2026-03-05 03:17:18 +0100: Memory Usage (437384K) : IHP-SG13G2 KLayout DRC runset output at: /foss/designs/HPAmplifier/OTA_Telescopic/Layout_and_Related_files/drc_run_HPA/HPA_HPA_main.lyrdb
2026-03-05 03:17:18 +0100: Memory Usage (437384K) : Evaluate switches.
2026-03-05 03:17:18 +0100: Memory Usage (437384K) : tables selected: main
2026-03-05 03:17:18 +0100: Memory Usage (437384K) : KLayout will use 1 thread(s) in tiled mode.
2026-03-05 03:17:18 +0100: Memory Usage (437384K) : deep mode is enabled.
2026-03-05 03:17:18 +0100: Memory Usage (437384K) : FEOL enabled: true
2026-03-05 03:17:18 +0100: Memory Usage (437384K) : BEOL enabled: true
2026-03-05 03:17:18 +0100: Memory Usage (437384K) : OFFGRID enabled: true
2026-03-05 03:17:18 +0100: Memory Usage (437384K) : PIN enabled: true
2026-03-05 03:17:18 +0100: Memory Usage (437384K) : FORBIDDEN enabled: true
2026-03-05 03:17:18 +0100: Memory Usage (437384K) : RECOMMENDED enabled: true
2026-03-05 03:17:18 +0100: Memory Usage (437384K) : PreCheck DRC enabled: false
2026-03-05 03:17:18 +0100: Memory Usage (437384K) : CONNECTIVITY_RULES enabled: true.
2026-03-05 03:17:18 +0100: Memory Usage (437384K) : Read in polygons from layers.
2026-03-05 03:17:18 +0100: Memory Usage (438536K) : activ_drw has 3892 polygons
2026-03-05 03:17:18 +0100: Memory Usage (438664K) : activ_pin has 0 polygons
2026-03-05 03:17:18 +0100: Memory Usage (438664K) : activ_mask has 0 polygons
2026-03-05 03:17:18 +0100: Memory Usage (438792K) : activ_filler has 0 polygons
2026-03-05 03:17:18 +0100: Memory Usage (438792K) : activ_nofill has 0 polygons
2026-03-05 03:17:18 +0100: Memory Usage (438920K) : activ_opc has 0 polygons
2026-03-05 03:17:18 +0100: Memory Usage (438920K) : activ_iopc has 0 polygons
2026-03-05 03:17:18 +0100: Memory Usage (438920K) : activ_noqrc has 0 polygons
2026-03-05 03:17:18 +0100: Memory Usage (439048K) : biwind_drw has 0 polygons
2026-03-05 03:17:18 +0100: Memory Usage (439048K) : biwind_opc has 0 polygons
2026-03-05 03:17:18 +0100: Memory Usage (439176K) : pemwind_drw has 0 polygons
2026-03-05 03:17:18 +0100: Memory Usage (439176K) : gatpoly_drw has 2385 polygons
2026-03-05 03:17:18 +0100: Memory Usage (439304K) : gatpoly_pin has 253 polygons
2026-03-05 03:17:18 +0100: Memory Usage (439432K) : gatpoly_filler has 0 polygons
2026-03-05 03:17:18 +0100: Memory Usage (439432K) : gatpoly_nofill has 0 polygons
2026-03-05 03:17:18 +0100: Memory Usage (439560K) : gatpoly_opc has 0 polygons
2026-03-05 03:17:18 +0100: Memory Usage (439560K) : gatpoly_iopc has 0 polygons
2026-03-05 03:17:18 +0100: Memory Usage (439560K) : gatpoly_noqrc has 0 polygons
2026-03-05 03:17:18 +0100: Memory Usage (440328K) : cont_drw has 16765 polygons
2026-03-05 03:17:18 +0100: Memory Usage (440328K) : cont_opc has 0 polygons
2026-03-05 03:17:18 +0100: Memory Usage (440328K) : nsd_drw has 0 polygons
2026-03-05 03:17:18 +0100: Memory Usage (440328K) : nsd_block has 0 polygons
2026-03-05 03:17:18 +0100: Memory Usage (440328K) : metal1_drw has 6320 polygons
2026-03-05 03:17:18 +0100: Memory Usage (440584K) : metal1_pin has 1076 polygons
2026-03-05 03:17:18 +0100: Memory Usage (440584K) : metal1_mask has 0 polygons
2026-03-05 03:17:18 +0100: Memory Usage (440584K) : metal1_filler has 0 polygons
2026-03-05 03:17:18 +0100: Memory Usage (440584K) : metal1_nofill has 0 polygons
2026-03-05 03:17:18 +0100: Memory Usage (440712K) : metal1_slit has 0 polygons
2026-03-05 03:17:18 +0100: Memory Usage (440840K) : metal1_text has 2 polygons
2026-03-05 03:17:18 +0100: Memory Usage (440968K) : metal1_opc has 0 polygons
2026-03-05 03:17:18 +0100: Memory Usage (440968K) : metal1_noqrc has 0 polygons
2026-03-05 03:17:18 +0100: Memory Usage (440968K) : metal1_res has 0 polygons
2026-03-05 03:17:18 +0100: Memory Usage (441096K) : metal1_iprobe has 0 polygons
2026-03-05 03:17:18 +0100: Memory Usage (441096K) : metal1_diffprb has 0 polygons
2026-03-05 03:17:18 +0100: Memory Usage (441224K) : passiv_drw has 0 polygons
2026-03-05 03:17:18 +0100: Memory Usage (441224K) : passiv_pin has 0 polygons
2026-03-05 03:17:18 +0100: Memory Usage (441352K) : passiv_sbump has 0 polygons
2026-03-05 03:17:18 +0100: Memory Usage (441352K) : passiv_pillar has 0 polygons
2026-03-05 03:17:18 +0100: Memory Usage (441352K) : passiv_pdl has 0 polygons
2026-03-05 03:17:18 +0100: Memory Usage (441480K) : metal2_drw has 1104 polygons
2026-03-05 03:17:18 +0100: Memory Usage (441608K) : metal2_pin has 3 polygons
2026-03-05 03:17:18 +0100: Memory Usage (441608K) : metal2_mask has 0 polygons
2026-03-05 03:17:18 +0100: Memory Usage (441608K) : metal2_filler has 0 polygons
2026-03-05 03:17:18 +0100: Memory Usage (441736K) : metal2_nofill has 0 polygons
2026-03-05 03:17:18 +0100: Memory Usage (441736K) : metal2_slit has 0 polygons
2026-03-05 03:17:18 +0100: Memory Usage (441864K) : metal2_text has 7 polygons
2026-03-05 03:17:18 +0100: Memory Usage (441992K) : metal2_opc has 0 polygons
2026-03-05 03:17:18 +0100: Memory Usage (441992K) : metal2_noqrc has 0 polygons
2026-03-05 03:17:18 +0100: Memory Usage (442120K) : metal2_res has 0 polygons
2026-03-05 03:17:18 +0100: Memory Usage (442120K) : metal2_iprobe has 0 polygons
2026-03-05 03:17:18 +0100: Memory Usage (442120K) : metal2_diffprb has 0 polygons
2026-03-05 03:17:18 +0100: Memory Usage (442248K) : baspoly_drw has 0 polygons
2026-03-05 03:17:18 +0100: Memory Usage (442248K) : baspoly_pin has 0 polygons
2026-03-05 03:17:18 +0100: Memory Usage (442376K) : psd_drw has 992 polygons
2026-03-05 03:17:18 +0100: Memory Usage (442376K) : nldb_drw has 0 polygons
2026-03-05 03:17:18 +0100: Memory Usage (442504K) : digibnd_drw has 0 polygons
2026-03-05 03:17:18 +0100: Memory Usage (442632K) : via1_drw has 5546 polygons
2026-03-05 03:17:18 +0100: Memory Usage (442760K) : backmetal1_drw has 0 polygons
2026-03-05 03:17:18 +0100: Memory Usage (442760K) : backmetal1_pin has 0 polygons
2026-03-05 03:17:18 +0100: Memory Usage (442760K) : backmetal1_mask has 0 polygons
2026-03-05 03:17:18 +0100: Memory Usage (442888K) : backmetal1_filler has 0 polygons
2026-03-05 03:17:18 +0100: Memory Usage (442888K) : backmetal1_nofill has 0 polygons
2026-03-05 03:17:18 +0100: Memory Usage (442888K) : backmetal1_slit has 0 polygons
2026-03-05 03:17:18 +0100: Memory Usage (443016K) : backmetal1_text has 0 polygons
2026-03-05 03:17:18 +0100: Memory Usage (443016K) : backmetal1_opc has 0 polygons
2026-03-05 03:17:18 +0100: Memory Usage (443144K) : backmetal1_noqrc has 0 polygons
2026-03-05 03:17:18 +0100: Memory Usage (443144K) : backmetal1_res has 0 polygons
2026-03-05 03:17:18 +0100: Memory Usage (443272K) : backmetal1_iprobe has 0 polygons
2026-03-05 03:17:18 +0100: Memory Usage (443272K) : backmetal1_diffprb has 0 polygons
2026-03-05 03:17:18 +0100: Memory Usage (443272K) : backpassiv_drw has 0 polygons
2026-03-05 03:17:18 +0100: Memory Usage (443400K) : res_drw has 0 polygons
2026-03-05 03:17:18 +0100: Memory Usage (443528K) : sram_drw has 0 polygons
2026-03-05 03:17:18 +0100: Memory Usage (443528K) : trans_drw has 0 polygons
2026-03-05 03:17:18 +0100: Memory Usage (443656K) : ind_drw has 0 polygons
2026-03-05 03:17:18 +0100: Memory Usage (443656K) : ind_pin has 0 polygons
2026-03-05 03:17:18 +0100: Memory Usage (443784K) : ind_text has 0 polygons
2026-03-05 03:17:18 +0100: Memory Usage (443784K) : salblock_drw has 7 polygons
2026-03-05 03:17:18 +0100: Memory Usage (443912K) : via2_drw has 2420 polygons
2026-03-05 03:17:18 +0100: Memory Usage (444040K) : metal3_drw has 181 polygons
2026-03-05 03:17:18 +0100: Memory Usage (444040K) : metal3_pin has 8 polygons
2026-03-05 03:17:18 +0100: Memory Usage (444168K) : metal3_mask has 0 polygons
2026-03-05 03:17:18 +0100: Memory Usage (444296K) : metal3_filler has 0 polygons
2026-03-05 03:17:18 +0100: Memory Usage (444296K) : metal3_nofill has 0 polygons
2026-03-05 03:17:18 +0100: Memory Usage (444424K) : metal3_slit has 0 polygons
2026-03-05 03:17:18 +0100: Memory Usage (444424K) : metal3_text has 9 polygons
2026-03-05 03:17:18 +0100: Memory Usage (444424K) : metal3_opc has 0 polygons
2026-03-05 03:17:18 +0100: Memory Usage (444552K) : metal3_noqrc has 0 polygons
2026-03-05 03:17:18 +0100: Memory Usage (444552K) : metal3_res has 0 polygons
2026-03-05 03:17:18 +0100: Memory Usage (444680K) : metal3_iprobe has 0 polygons
2026-03-05 03:17:18 +0100: Memory Usage (444680K) : metal3_diffprb has 0 polygons
2026-03-05 03:17:18 +0100: Memory Usage (444680K) : nwell_drw has 1026 polygons
2026-03-05 03:17:18 +0100: Memory Usage (444808K) : nwell_pin has 0 polygons
2026-03-05 03:17:18 +0100: Memory Usage (444936K) : nbulay_drw has 0 polygons
2026-03-05 03:17:18 +0100: Memory Usage (444936K) : nbulay_pin has 0 polygons
2026-03-05 03:17:18 +0100: Memory Usage (444936K) : nbulay_block has 0 polygons
2026-03-05 03:17:18 +0100: Memory Usage (445064K) : emwind_drw has 0 polygons
2026-03-05 03:17:18 +0100: Memory Usage (445192K) : emwind_opc has 0 polygons
2026-03-05 03:17:18 +0100: Memory Usage (445320K) : deepco_drw has 0 polygons
2026-03-05 03:17:18 +0100: Memory Usage (445320K) : deepco_drw has 0 polygons
2026-03-05 03:17:18 +0100: Memory Usage (445448K) : mim_drw has 2 polygons
2026-03-05 03:17:18 +0100: Memory Usage (445448K) : edgeseal_drw has 0 polygons
2026-03-05 03:17:18 +0100: Memory Usage (445448K) : edgeseal_bound has 0 polygons
2026-03-05 03:17:18 +0100: Memory Usage (445576K) : substrate_drw has 705 polygons
2026-03-05 03:17:18 +0100: Memory Usage (445576K) : substrate_text has 0 polygons
2026-03-05 03:17:18 +0100: Memory Usage (445704K) : dfpad_drw has 0 polygons
2026-03-05 03:17:18 +0100: Memory Usage (445704K) : dfpad_pillar has 0 polygons
2026-03-05 03:17:18 +0100: Memory Usage (445832K) : dfpad_sbump has 0 polygons
2026-03-05 03:17:18 +0100: Memory Usage (445832K) : thickgateox_drw has 0 polygons
2026-03-05 03:17:18 +0100: Memory Usage (445960K) : pldb_drw has 0 polygons
2026-03-05 03:17:18 +0100: Memory Usage (445960K) : pwell_drw has 0 polygons
2026-03-05 03:17:18 +0100: Memory Usage (445960K) : pwell_pin has 0 polygons
2026-03-05 03:17:18 +0100: Memory Usage (446088K) : pwell_block has 0 polygons
2026-03-05 03:17:18 +0100: Memory Usage (446088K) : ic_drw has 0 polygons
2026-03-05 03:17:18 +0100: Memory Usage (446216K) : via3_drw has 2198 polygons
2026-03-05 03:17:18 +0100: Memory Usage (446344K) : metal4_drw has 120 polygons
2026-03-05 03:17:18 +0100: Memory Usage (446472K) : metal4_pin has 1 polygons
2026-03-05 03:17:18 +0100: Memory Usage (446472K) : metal4_mask has 0 polygons
2026-03-05 03:17:18 +0100: Memory Usage (446600K) : metal4_filler has 0 polygons
2026-03-05 03:17:18 +0100: Memory Usage (446600K) : metal4_nofill has 0 polygons
2026-03-05 03:17:18 +0100: Memory Usage (446600K) : metal4_slit has 0 polygons
2026-03-05 03:17:18 +0100: Memory Usage (446728K) : metal4_text has 3 polygons
2026-03-05 03:17:18 +0100: Memory Usage (446728K) : metal4_opc has 0 polygons
2026-03-05 03:17:18 +0100: Memory Usage (446856K) : metal4_noqrc has 0 polygons
2026-03-05 03:17:18 +0100: Memory Usage (446984K) : metal4_res has 0 polygons
2026-03-05 03:17:18 +0100: Memory Usage (446984K) : metal4_iprobe has 0 polygons
2026-03-05 03:17:18 +0100: Memory Usage (446984K) : metal4_diffprb has 0 polygons
2026-03-05 03:17:18 +0100: Memory Usage (447112K) : heattrans_drw has 1411 polygons
2026-03-05 03:17:18 +0100: Memory Usage (447240K) : heatres_drw has 7 polygons
2026-03-05 03:17:18 +0100: Memory Usage (447240K) : pempoly_drw has 0 polygons
2026-03-05 03:17:18 +0100: Memory Usage (447240K) : fbe_drw has 0 polygons
2026-03-05 03:17:18 +0100: Memory Usage (447368K) : empoly_drw has 0 polygons
2026-03-05 03:17:18 +0100: Memory Usage (447496K) : ldmos_drw has 0 polygons
2026-03-05 03:17:18 +0100: Memory Usage (447496K) : pbiwind_drw has 0 polygons
2026-03-05 03:17:18 +0100: Memory Usage (447624K) : digisub_drw has 0 polygons
2026-03-05 03:17:18 +0100: Memory Usage (447624K) : nodrc_drw has 0 polygons
2026-03-05 03:17:18 +0100: Memory Usage (447624K) : text_drw has 965 polygons
2026-03-05 03:17:18 +0100: Memory Usage (447752K) : via4_drw has 2120 polygons
2026-03-05 03:17:18 +0100: Memory Usage (447880K) : metal5_drw has 95 polygons
2026-03-05 03:17:18 +0100: Memory Usage (448008K) : metal5_pin has 6 polygons
2026-03-05 03:17:18 +0100: Memory Usage (448008K) : metal5_mask has 0 polygons
2026-03-05 03:17:18 +0100: Memory Usage (448008K) : metal5_filler has 0 polygons
2026-03-05 03:17:18 +0100: Memory Usage (448136K) : metal5_nofill has 0 polygons
2026-03-05 03:17:18 +0100: Memory Usage (448136K) : metal5_slit has 0 polygons
2026-03-05 03:17:18 +0100: Memory Usage (448264K) : metal5_text has 12 polygons
2026-03-05 03:17:18 +0100: Memory Usage (448264K) : metal5_opc has 0 polygons
2026-03-05 03:17:18 +0100: Memory Usage (448264K) : metal5_noqrc has 0 polygons
2026-03-05 03:17:18 +0100: Memory Usage (448392K) : metal5_res has 0 polygons
2026-03-05 03:17:18 +0100: Memory Usage (448392K) : metal5_iprobe has 0 polygons
2026-03-05 03:17:18 +0100: Memory Usage (448520K) : metal5_diffprb has 0 polygons
2026-03-05 03:17:18 +0100: Memory Usage (448648K) : radhard_drw has 0 polygons
2026-03-05 03:17:18 +0100: Memory Usage (448776K) : memcap_drw has 0 polygons
2026-03-05 03:17:18 +0100: Memory Usage (448776K) : varicap_drw has 0 polygons
2026-03-05 03:17:18 +0100: Memory Usage (448776K) : flash_drw has 0 polygons
2026-03-05 03:17:18 +0100: Memory Usage (448904K) : intbondvia_drw has 0 polygons
2026-03-05 03:17:18 +0100: Memory Usage (448904K) : intbondmet_drw has 0 polygons
2026-03-05 03:17:18 +0100: Memory Usage (449032K) : devbondvia_drw has 0 polygons
2026-03-05 03:17:18 +0100: Memory Usage (449032K) : devbondmet_drw has 0 polygons
2026-03-05 03:17:18 +0100: Memory Usage (449160K) : devtrench_drw has 0 polygons
2026-03-05 03:17:18 +0100: Memory Usage (449160K) : redist_drw has 0 polygons
2026-03-05 03:17:18 +0100: Memory Usage (449160K) : graphbot_drw has 0 polygons
2026-03-05 03:17:18 +0100: Memory Usage (449288K) : graphtop_drw has 0 polygons
2026-03-05 03:17:18 +0100: Memory Usage (449288K) : antvia1_drw has 0 polygons
2026-03-05 03:17:18 +0100: Memory Usage (449416K) : antmetal2_drw has 0 polygons
2026-03-05 03:17:18 +0100: Memory Usage (449416K) : graphcont_drw has 0 polygons
2026-03-05 03:17:18 +0100: Memory Usage (449544K) : siwg_drw has 0 polygons
2026-03-05 03:17:18 +0100: Memory Usage (449544K) : siwg_filler has 0 polygons
2026-03-05 03:17:18 +0100: Memory Usage (449672K) : siwg_nofill has 0 polygons
2026-03-05 03:17:18 +0100: Memory Usage (449672K) : sigrating_drw has 0 polygons
2026-03-05 03:17:18 +0100: Memory Usage (449800K) : singrating_drw has 0 polygons
2026-03-05 03:17:18 +0100: Memory Usage (449800K) : graphpas_drw has 0 polygons
2026-03-05 03:17:18 +0100: Memory Usage (449928K) : emwind3_drw has 0 polygons
2026-03-05 03:17:18 +0100: Memory Usage (449928K) : emwihv3_drw has 0 polygons
2026-03-05 03:17:18 +0100: Memory Usage (449928K) : redbulay_drw has 0 polygons
2026-03-05 03:17:18 +0100: Memory Usage (450056K) : smos_drw has 0 polygons
2026-03-05 03:17:18 +0100: Memory Usage (450056K) : graphpad_drw has 0 polygons
2026-03-05 03:17:18 +0100: Memory Usage (450184K) : polimide_drw has 0 polygons
2026-03-05 03:17:18 +0100: Memory Usage (450184K) : polimide_pin has 0 polygons
2026-03-05 03:17:18 +0100: Memory Usage (450312K) : recog_drw has 0 polygons
2026-03-05 03:17:18 +0100: Memory Usage (450312K) : recog_pin has 0 polygons
2026-03-05 03:17:18 +0100: Memory Usage (450312K) : recog_esd has 0 polygons
2026-03-05 03:17:18 +0100: Memory Usage (450312K) : recog_diode has 0 polygons
2026-03-05 03:17:18 +0100: Memory Usage (450440K) : recog_tsv has 0 polygons
2026-03-05 03:17:18 +0100: Memory Usage (450440K) : recog_iprobe has 0 polygons
2026-03-05 03:17:18 +0100: Memory Usage (450440K) : recog_diffprb has 0 polygons
2026-03-05 03:17:18 +0100: Memory Usage (450568K) : recog_pillar has 0 polygons
2026-03-05 03:17:18 +0100: Memory Usage (450568K) : recog_sbump has 0 polygons
2026-03-05 03:17:18 +0100: Memory Usage (450568K) : recog_otp has 0 polygons
2026-03-05 03:17:18 +0100: Memory Usage (450696K) : recog_pdiode has 0 polygons
2026-03-05 03:17:18 +0100: Memory Usage (450696K) : recog_mom has 0 polygons
2026-03-05 03:17:18 +0100: Memory Usage (450696K) : recog_pcm has 0 polygons
2026-03-05 03:17:18 +0100: Memory Usage (450696K) : colopen_drw has 0 polygons
2026-03-05 03:17:18 +0100: Memory Usage (450824K) : graphmetal1_drw has 0 polygons
2026-03-05 03:17:18 +0100: Memory Usage (450824K) : graphmetal1_filler has 0 polygons
2026-03-05 03:17:18 +0100: Memory Usage (450824K) : graphmetal1_nofill has 0 polygons
2026-03-05 03:17:18 +0100: Memory Usage (450952K) : graphmetal1_slit has 0 polygons
2026-03-05 03:17:18 +0100: Memory Usage (450952K) : graphmetal1_opc has 0 polygons
2026-03-05 03:17:18 +0100: Memory Usage (451080K) : graphmet1l_drw has 0 polygons
2026-03-05 03:17:18 +0100: Memory Usage (451080K) : graphmet1l_filler has 0 polygons
2026-03-05 03:17:18 +0100: Memory Usage (451208K) : graphmet1l_nofill has 0 polygons
2026-03-05 03:17:18 +0100: Memory Usage (451208K) : graphmet1l_slit has 0 polygons
2026-03-05 03:17:18 +0100: Memory Usage (451208K) : graphmet1l_opc has 0 polygons
2026-03-05 03:17:18 +0100: Memory Usage (451336K) : extblock_drw has 21 polygons
2026-03-05 03:17:18 +0100: Memory Usage (451336K) : nldd_drw has 0 polygons
2026-03-05 03:17:18 +0100: Memory Usage (451464K) : pldd_drw has 0 polygons
2026-03-05 03:17:18 +0100: Memory Usage (451464K) : next_drw has 0 polygons
2026-03-05 03:17:18 +0100: Memory Usage (451592K) : pext_drw has 0 polygons
2026-03-05 03:17:18 +0100: Memory Usage (451592K) : nexthv_drw has 0 polygons
2026-03-05 03:17:18 +0100: Memory Usage (451592K) : pexthv_drw has 0 polygons
2026-03-05 03:17:18 +0100: Memory Usage (451720K) : graphgate_drw has 0 polygons
2026-03-05 03:17:18 +0100: Memory Usage (451720K) : sinwg_drw has 0 polygons
2026-03-05 03:17:18 +0100: Memory Usage (451720K) : sinwg_filler has 0 polygons
2026-03-05 03:17:18 +0100: Memory Usage (451848K) : sinwg_nofill has 0 polygons
2026-03-05 03:17:18 +0100: Memory Usage (451848K) : mempad_drw has 0 polygons
2026-03-05 03:17:18 +0100: Memory Usage (451848K) : topvia1_drw has 71 polygons
2026-03-05 03:17:18 +0100: Memory Usage (451848K) : topmetal1_drw has 89 polygons
2026-03-05 03:17:19 +0100: Memory Usage (451976K) : topmetal1_pin has 11 polygons
2026-03-05 03:17:19 +0100: Memory Usage (451976K) : topmetal1_mask has 0 polygons
2026-03-05 03:17:19 +0100: Memory Usage (452104K) : topmetal1_filler has 0 polygons
2026-03-05 03:17:19 +0100: Memory Usage (452104K) : topmetal1_nofill has 0 polygons
2026-03-05 03:17:19 +0100: Memory Usage (452104K) : topmetal1_slit has 0 polygons
2026-03-05 03:17:19 +0100: Memory Usage (452232K) : topmetal1_text has 17 polygons
2026-03-05 03:17:19 +0100: Memory Usage (452232K) : topmetal1_noqrc has 0 polygons
2026-03-05 03:17:19 +0100: Memory Usage (452360K) : topmetal1_res has 0 polygons
2026-03-05 03:17:19 +0100: Memory Usage (452360K) : topmetal1_iprobe has 0 polygons
2026-03-05 03:17:19 +0100: Memory Usage (452360K) : topmetal1_diffprb has 0 polygons
2026-03-05 03:17:19 +0100: Memory Usage (452488K) : inldpwl_drw has 0 polygons
2026-03-05 03:17:19 +0100: Memory Usage (452488K) : polyres_drw has 7 polygons
2026-03-05 03:17:19 +0100: Memory Usage (452616K) : polyres_pin has 0 polygons
2026-03-05 03:17:19 +0100: Memory Usage (452616K) : vmim_drw has 578 polygons
2026-03-05 03:17:19 +0100: Memory Usage (452616K) : nbulaycut_drw has 0 polygons
2026-03-05 03:17:19 +0100: Memory Usage (452744K) : antmetal1_drw has 0 polygons
2026-03-05 03:17:19 +0100: Memory Usage (452744K) : topvia2_drw has 0 polygons
2026-03-05 03:17:19 +0100: Memory Usage (452872K) : topmetal2_drw has 0 polygons
2026-03-05 03:17:19 +0100: Memory Usage (452872K) : topmetal2_pin has 0 polygons
2026-03-05 03:17:19 +0100: Memory Usage (453000K) : topmetal2_mask has 0 polygons
2026-03-05 03:17:19 +0100: Memory Usage (453000K) : topmetal2_filler has 0 polygons
2026-03-05 03:17:19 +0100: Memory Usage (453000K) : topmetal2_nofill has 0 polygons
2026-03-05 03:17:19 +0100: Memory Usage (453128K) : topmetal2_slit has 0 polygons
2026-03-05 03:17:19 +0100: Memory Usage (453128K) : topmetal2_text has 0 polygons
2026-03-05 03:17:19 +0100: Memory Usage (453256K) : topmetal2_noqrc has 0 polygons
2026-03-05 03:17:19 +0100: Memory Usage (453256K) : topmetal2_res has 0 polygons
2026-03-05 03:17:19 +0100: Memory Usage (453256K) : topmetal2_iprobe has 0 polygons
2026-03-05 03:17:19 +0100: Memory Usage (453384K) : topmetal2_diffprb has 0 polygons
2026-03-05 03:17:19 +0100: Memory Usage (453384K) : snsring_drw has 0 polygons
2026-03-05 03:17:19 +0100: Memory Usage (453384K) : sensor_drw has 0 polygons
2026-03-05 03:17:19 +0100: Memory Usage (453384K) : snsarms_drw has 0 polygons
2026-03-05 03:17:19 +0100: Memory Usage (453384K) : snscmosvia_drw has 0 polygons
2026-03-05 03:17:19 +0100: Memory Usage (453384K) : colwind_drw has 0 polygons
2026-03-05 03:17:19 +0100: Memory Usage (453384K) : flm_drw has 0 polygons
2026-03-05 03:17:19 +0100: Memory Usage (453384K) : hafniumox_drw has 0 polygons
2026-03-05 03:17:19 +0100: Memory Usage (453384K) : memvia_drw has 0 polygons
2026-03-05 03:17:19 +0100: Memory Usage (453384K) : thinfilmres_drw has 0 polygons
2026-03-05 03:17:19 +0100: Memory Usage (453384K) : rfmem_drw has 0 polygons
2026-03-05 03:17:19 +0100: Memory Usage (453384K) : norcx_drw has 0 polygons
2026-03-05 03:17:19 +0100: Memory Usage (453384K) : norcx_m2m3 has 0 polygons
2026-03-05 03:17:19 +0100: Memory Usage (453384K) : norcx_m2m4 has 0 polygons
2026-03-05 03:17:19 +0100: Memory Usage (453384K) : norcx_m2m5 has 0 polygons
2026-03-05 03:17:19 +0100: Memory Usage (453384K) : norcx_m2tm1 has 0 polygons
2026-03-05 03:17:19 +0100: Memory Usage (453384K) : norcx_m2tm2 has 0 polygons
2026-03-05 03:17:19 +0100: Memory Usage (453384K) : norcx_m3m4 has 0 polygons
2026-03-05 03:17:19 +0100: Memory Usage (453384K) : norcx_m3m5 has 0 polygons
2026-03-05 03:17:19 +0100: Memory Usage (453384K) : norcx_m3tm1 has 0 polygons
2026-03-05 03:17:19 +0100: Memory Usage (453384K) : norcx_m3tm2 has 0 polygons
2026-03-05 03:17:19 +0100: Memory Usage (453384K) : norcx_m4m5 has 0 polygons
2026-03-05 03:17:19 +0100: Memory Usage (453384K) : norcx_m4tm1 has 0 polygons
2026-03-05 03:17:19 +0100: Memory Usage (453384K) : norcx_m4tm2 has 0 polygons
2026-03-05 03:17:19 +0100: Memory Usage (453384K) : norcx_m5tm1 has 0 polygons
2026-03-05 03:17:19 +0100: Memory Usage (453384K) : norcx_m5tm2 has 0 polygons
2026-03-05 03:17:19 +0100: Memory Usage (453384K) : norcx_tm1tm2 has 0 polygons
2026-03-05 03:17:19 +0100: Memory Usage (453384K) : norcx_m1sub has 0 polygons
2026-03-05 03:17:19 +0100: Memory Usage (453384K) : norcx_m2sub has 0 polygons
2026-03-05 03:17:19 +0100: Memory Usage (453384K) : norcx_m3sub has 0 polygons
2026-03-05 03:17:19 +0100: Memory Usage (453384K) : norcx_m4sub has 0 polygons
2026-03-05 03:17:19 +0100: Memory Usage (453384K) : norcx_m5sub has 0 polygons
2026-03-05 03:17:19 +0100: Memory Usage (453384K) : norcx_tm1sub has 0 polygons
2026-03-05 03:17:19 +0100: Memory Usage (453384K) : norcx_tm2sub has 0 polygons
2026-03-05 03:17:19 +0100: Memory Usage (453384K) : snsbotvia_drw has 0 polygons
2026-03-05 03:17:19 +0100: Memory Usage (453384K) : snstopvia_drw has 0 polygons
2026-03-05 03:17:19 +0100: Memory Usage (453384K) : deepvia_drw has 0 polygons
2026-03-05 03:17:19 +0100: Memory Usage (453384K) : fgetch_drw has 0 polygons
2026-03-05 03:17:19 +0100: Memory Usage (453384K) : ctrgat_drw has 0 polygons
2026-03-05 03:17:19 +0100: Memory Usage (453384K) : fgimp_drw has 0 polygons
2026-03-05 03:17:19 +0100: Memory Usage (453384K) : emwihv_drw has 0 polygons
2026-03-05 03:17:19 +0100: Memory Usage (453384K) : lbe_drw has 0 polygons
2026-03-05 03:17:19 +0100: Memory Usage (453384K) : alcustop_drw has 0 polygons
2026-03-05 03:17:19 +0100: Memory Usage (453384K) : nometfiller_drw has 0 polygons
2026-03-05 03:17:19 +0100: Memory Usage (453384K) : prboundary_drw has 0 polygons
2026-03-05 03:17:19 +0100: Memory Usage (453384K) : exchange0_drw has 0 polygons
2026-03-05 03:17:19 +0100: Memory Usage (453384K) : exchange0_pin has 0 polygons
2026-03-05 03:17:19 +0100: Memory Usage (453384K) : exchange0_text has 0 polygons
2026-03-05 03:17:19 +0100: Memory Usage (453384K) : exchange1_drw has 0 polygons
2026-03-05 03:17:19 +0100: Memory Usage (453384K) : exchange1_pin has 0 polygons
2026-03-05 03:17:19 +0100: Memory Usage (453384K) : exchange1_text has 0 polygons
2026-03-05 03:17:19 +0100: Memory Usage (453384K) : exchange2_drw has 0 polygons
2026-03-05 03:17:19 +0100: Memory Usage (453384K) : exchange2_pin has 0 polygons
2026-03-05 03:17:19 +0100: Memory Usage (453384K) : exchange2_text has 0 polygons
2026-03-05 03:17:19 +0100: Memory Usage (453384K) : exchange3_drw has 0 polygons
2026-03-05 03:17:19 +0100: Memory Usage (453384K) : exchange3_pin has 0 polygons
2026-03-05 03:17:19 +0100: Memory Usage (453384K) : exchange3_text has 0 polygons
2026-03-05 03:17:19 +0100: Memory Usage (453384K) : exchange4_drw has 0 polygons
2026-03-05 03:17:19 +0100: Memory Usage (453384K) : exchange4_pin has 0 polygons
2026-03-05 03:17:19 +0100: Memory Usage (453384K) : exchange4_text has 0 polygons
2026-03-05 03:17:19 +0100: Memory Usage (453384K) : isonwell_drw has 0 polygons
2026-03-05 03:17:19 +0100: Memory Usage (453384K) : Total no. of polygons in the design is 50435
2026-03-05 03:17:19 +0100: Memory Usage (453512K) : Loaded TECH DRC rules values from /foss/pdks/ihp-sg13g2/libs.tech/klayout/python/sg13g2_pycell_lib/sg13g2_tech_mod.json
2026-03-05 03:17:19 +0100: Memory Usage (453512K) : Loaded default DRC rules values from /foss/pdks/ihp-sg13g2/libs.tech/klayout/tech/drc/rule_decks/sg13g2_tech_default.json
2026-03-05 03:17:19 +0100: Memory Usage (453512K) : The following rules values were missing in tech json and default values were used:
2026-03-05 03:17:19 +0100: Memory Usage (453512K) :   - Cnt_c_digibnd
2026-03-05 03:17:19 +0100: Memory Usage (454664K) : Total area of the design is 13590.706999999999 um^2.
2026-03-05 03:17:19 +0100: Memory Usage (454664K) : The design dimensions are 120.86 µm * 112.44999999999999 µm.
2026-03-05 03:17:19 +0100: Memory Usage (454664K) : Starting general IHP-SG13G2 derivations.
2026-03-05 03:17:19 +0100: Memory Usage (454664K) : Starting Pwell derivations
2026-03-05 03:17:19 +0100: Memory Usage (457096K) : Starting n-Activ derivations
2026-03-05 03:17:19 +0100: Memory Usage (459400K) : Starting p-Activ derivations
2026-03-05 03:17:19 +0100: Memory Usage (459400K) : Starting ptap derivations
2026-03-05 03:17:19 +0100: Memory Usage (459400K) : Starting ntap derivations
2026-03-05 03:17:19 +0100: Memory Usage (459400K) : Starting pact FET derivations
2026-03-05 03:17:19 +0100: Memory Usage (459400K) : Starting nact FET derivations
2026-03-05 03:17:19 +0100: Memory Usage (459400K) : Starting Gate derivations
2026-03-05 03:17:19 +0100: Memory Usage (459400K) : Starting cont/contbar general derivations
2026-03-05 03:17:19 +0100: Memory Usage (463624K) : Starting pad general derivations
2026-03-05 03:17:19 +0100: Memory Usage (463624K) : Starting IHP-SG13G2 DRC connectivity related derivations.
2026-03-05 03:17:19 +0100: Memory Usage (463624K) : Starting IHP-SG13G2 DRC connectivity setup
2026-03-05 03:17:19 +0100: Memory Usage (464264K) : Starting IHP-SG13G2 DRC rules.
2026-03-05 03:17:19 +0100: Memory Usage (464264K) : Running all FEOL rules
2026-03-05 03:17:19 +0100: Memory Usage (464264K) : Running all BEOL rules
2026-03-05 03:17:19 +0100: Memory Usage (464264K) : Running all PIN rules
2026-03-05 03:17:19 +0100: Memory Usage (464264K) : Running all FORBIDDEN rules
2026-03-05 03:17:19 +0100: Memory Usage (464264K) : Starting 5.1 NWell table
2026-03-05 03:17:19 +0100: Memory Usage (464264K) : Executing rule NW.b
2026-03-05 03:17:19 +0100: Memory Usage (464904K) : Executing rule NW.b1
2026-03-05 03:17:19 +0100: Memory Usage (465032K) : Starting 5.2 PWell:block
2026-03-05 03:17:19 +0100: Memory Usage (465032K) : Executing rule PWB.e
2026-03-05 03:17:19 +0100: Memory Usage (465032K) : Executing rule PWB.e1
2026-03-05 03:17:19 +0100: Memory Usage (465032K) : Executing rule PWB.f
2026-03-05 03:17:19 +0100: Memory Usage (465032K) : Executing rule PWB.f1
2026-03-05 03:17:19 +0100: Memory Usage (465032K) : Starting 5.3 nBuLay table
2026-03-05 03:17:19 +0100: Memory Usage (465032K) : Executing rule NBL.b
2026-03-05 03:17:19 +0100: Memory Usage (465032K) : Executing rule NBL.c
2026-03-05 03:17:19 +0100: Memory Usage (465032K) : Executing rule NBL.d
2026-03-05 03:17:19 +0100: Memory Usage (465032K) : Executing rule NBL.e
2026-03-05 03:17:19 +0100: Memory Usage (465032K) : Executing rule NBL.f
2026-03-05 03:17:19 +0100: Memory Usage (465032K) : Starting 5.5. Activ table
2026-03-05 03:17:19 +0100: Memory Usage (465032K) : Executing rule Act.a
2026-03-05 03:17:19 +0100: Memory Usage (465032K) : Executing rule Act.b
2026-03-05 03:17:19 +0100: Memory Usage (465032K) : Starting 5.6 Activ:filler table
2026-03-05 03:17:19 +0100: Memory Usage (465032K) : Executing rule AFil.c1
2026-03-05 03:17:19 +0100: Memory Usage (465032K) : Executing rule AFil.c
2026-03-05 03:17:19 +0100: Memory Usage (465032K) : Executing rule AFil.d
2026-03-05 03:17:19 +0100: Memory Usage (465032K) : Executing rule AFil.e
2026-03-05 03:17:19 +0100: Memory Usage (465032K) : Executing rule AFil.j
2026-03-05 03:17:19 +0100: Memory Usage (465032K) : Starting 5.7. ThickGateOx table
2026-03-05 03:17:19 +0100: Memory Usage (465032K) : Executing rule TGO.f
2026-03-05 03:17:19 +0100: Memory Usage (465032K) : Starting 5.8. GatPoly table
2026-03-05 03:17:19 +0100: Memory Usage (465032K) : Executing rule Gat.a
2026-03-05 03:17:19 +0100: Memory Usage (465032K) : Executing rule Gat.b
2026-03-05 03:17:19 +0100: Memory Usage (465032K) : Executing rule Gat.d
2026-03-05 03:17:19 +0100: Memory Usage (465032K) : Executing rule Gat.a1
2026-03-05 03:17:19 +0100: Memory Usage (465544K) : Executing rule Gat.a2
2026-03-05 03:17:20 +0100: Memory Usage (465544K) : Executing rule Gat.g
2026-03-05 03:17:20 +0100: Memory Usage (465544K) : Starting 5.9 GatPoly:filler
2026-03-05 03:17:20 +0100: Memory Usage (465544K) : Executing rule GFil.d
2026-03-05 03:17:20 +0100: Memory Usage (465544K) : Executing rule GFil.e
2026-03-05 03:17:20 +0100: Memory Usage (465544K) : Executing rule GFil.i
2026-03-05 03:17:20 +0100: Memory Usage (465544K) : Starting 5.10 pSD table
2026-03-05 03:17:20 +0100: Memory Usage (465544K) : Executing rule pSD.c1
2026-03-05 03:17:20 +0100: Memory Usage (465544K) : Starting 5.14. Cont table
2026-03-05 03:17:20 +0100: Memory Usage (465544K) : Executing rule Cnt.a
2026-03-05 03:17:20 +0100: Memory Usage (465928K) : Executing rule Cnt.b
2026-03-05 03:17:20 +0100: Memory Usage (465928K) : Executing rule Cnt.c
2026-03-05 03:17:20 +0100: Memory Usage (466056K) : Executing rule Cnt.c
2026-03-05 03:17:20 +0100: Memory Usage (466056K) : Executing rule Cnt.d
2026-03-05 03:17:20 +0100: Memory Usage (466056K) : Executing rule Cnt.e
2026-03-05 03:17:20 +0100: Memory Usage (466056K) : Executing rule Cnt.g1
2026-03-05 03:17:20 +0100: Memory Usage (466056K) : Executing rule Cnt.g2
2026-03-05 03:17:20 +0100: Memory Usage (466568K) : Starting 5.15. ContBar table
2026-03-05 03:17:20 +0100: Memory Usage (466568K) : Executing rule CntB.b1
2026-03-05 03:17:20 +0100: Memory Usage (466568K) : Executing rule CntB.h1
2026-03-05 03:17:20 +0100: Memory Usage (466568K) : Starting 6.1.3 NPN Substrate-Tie table
2026-03-05 03:17:20 +0100: Memory Usage (466568K) : Executing rule npn13G2.bR 
2026-03-05 03:17:20 +0100: Memory Usage (466568K) : Executing rule npn13G2L.cR 
2026-03-05 03:17:20 +0100: Memory Usage (466568K) : Executing rule npn13G2V.cR 
2026-03-05 03:17:20 +0100: Memory Usage (466568K) : Starting 6.7 Schottky diode table
2026-03-05 03:17:20 +0100: Memory Usage (466568K) : Executing rule Sdiod.d
2026-03-05 03:17:20 +0100: Memory Usage (466568K) : Executing rule Sdiod.e
2026-03-05 03:17:20 +0100: Memory Usage (466568K) : Starting 7.2 Latch-up table
2026-03-05 03:17:20 +0100: Memory Usage (466568K) : Executing rule LU.b
2026-03-05 03:17:20 +0100: Memory Usage (466568K) : Starting 5.16. Metal1 table
2026-03-05 03:17:20 +0100: Memory Usage (466568K) : Executing rule M1.a
2026-03-05 03:17:20 +0100: Memory Usage (466568K) : Executing rule M1.b
2026-03-05 03:17:20 +0100: Memory Usage (466568K) : Executing rule M1.e
2026-03-05 03:17:20 +0100: Memory Usage (466568K) : Executing rule M1.f
2026-03-05 03:17:20 +0100: Memory Usage (466568K) : Executing rule M1.g
2026-03-05 03:17:20 +0100: Memory Usage (466568K) : Executing rule M1.i
2026-03-05 03:17:20 +0100: Memory Usage (466568K) : Starting 5.17 Metaln table
2026-03-05 03:17:20 +0100: Memory Usage (466568K) : Executing rule M2.a
2026-03-05 03:17:20 +0100: Memory Usage (466568K) : Executing rule M2.b
2026-03-05 03:17:20 +0100: Memory Usage (466568K) : Executing rule M2.e
2026-03-05 03:17:20 +0100: Memory Usage (466568K) : Executing rule M2.f
2026-03-05 03:17:20 +0100: Memory Usage (466568K) : Executing rule M2.g
2026-03-05 03:17:20 +0100: Memory Usage (466568K) : Executing rule M2.i
2026-03-05 03:17:20 +0100: Memory Usage (466568K) : Executing rule M3.a
2026-03-05 03:17:20 +0100: Memory Usage (466568K) : Executing rule M3.b
2026-03-05 03:17:20 +0100: Memory Usage (466568K) : Executing rule M3.e
2026-03-05 03:17:20 +0100: Memory Usage (466568K) : Executing rule M3.f
2026-03-05 03:17:20 +0100: Memory Usage (466568K) : Executing rule M3.g
2026-03-05 03:17:20 +0100: Memory Usage (466568K) : Executing rule M3.i
2026-03-05 03:17:20 +0100: Memory Usage (466568K) : Executing rule M4.a
2026-03-05 03:17:20 +0100: Memory Usage (466568K) : Executing rule M4.b
2026-03-05 03:17:20 +0100: Memory Usage (466568K) : Executing rule M4.e
2026-03-05 03:17:20 +0100: Memory Usage (466568K) : Executing rule M4.f
2026-03-05 03:17:20 +0100: Memory Usage (466568K) : Executing rule M4.g
2026-03-05 03:17:20 +0100: Memory Usage (466568K) : Executing rule M4.i
2026-03-05 03:17:20 +0100: Memory Usage (466568K) : Executing rule M5.a
2026-03-05 03:17:20 +0100: Memory Usage (466568K) : Executing rule M5.b
2026-03-05 03:17:20 +0100: Memory Usage (466568K) : Executing rule M5.e
2026-03-05 03:17:20 +0100: Memory Usage (466568K) : Executing rule M5.f
2026-03-05 03:17:20 +0100: Memory Usage (466568K) : Executing rule M5.g
2026-03-05 03:17:20 +0100: Memory Usage (466568K) : Executing rule M5.i
2026-03-05 03:17:20 +0100: Memory Usage (466568K) : Starting 5.18 Metaln:filler table
2026-03-05 03:17:20 +0100: Memory Usage (466568K) : Executing rule M1Fil.c
2026-03-05 03:17:20 +0100: Memory Usage (466568K) : Executing rule M1Fil.a2
2026-03-05 03:17:20 +0100: Memory Usage (466568K) : Executing rule M2Fil.c
2026-03-05 03:17:20 +0100: Memory Usage (466568K) : Executing rule M2Fil.a2
2026-03-05 03:17:20 +0100: Memory Usage (466568K) : Executing rule M3Fil.c
2026-03-05 03:17:20 +0100: Memory Usage (466568K) : Executing rule M3Fil.a2
2026-03-05 03:17:20 +0100: Memory Usage (466568K) : Executing rule M4Fil.c
2026-03-05 03:17:20 +0100: Memory Usage (466568K) : Executing rule M4Fil.a2
2026-03-05 03:17:20 +0100: Memory Usage (466568K) : Executing rule M5Fil.c
2026-03-05 03:17:20 +0100: Memory Usage (466568K) : Executing rule M5Fil.a2
2026-03-05 03:17:20 +0100: Memory Usage (466568K) : Starting 5.19. Via1 table
2026-03-05 03:17:20 +0100: Memory Usage (466568K) : Starting 5.19. Via1 table derivations
2026-03-05 03:17:20 +0100: Memory Usage (466568K) : Executing rule V1.a
2026-03-05 03:17:20 +0100: Memory Usage (466568K) : Executing rule V1.b
2026-03-05 03:17:20 +0100: Memory Usage (466568K) : Executing rule V1.c
2026-03-05 03:17:20 +0100: Memory Usage (466568K) : Starting 5.20. Vian table
2026-03-05 03:17:20 +0100: Memory Usage (466568K) : Executing rule V2.a
2026-03-05 03:17:20 +0100: Memory Usage (466568K) : Executing rule V2.b
2026-03-05 03:17:20 +0100: Memory Usage (466568K) : Executing rule V2.c
2026-03-05 03:17:20 +0100: Memory Usage (466568K) : Executing rule V3.a
2026-03-05 03:17:21 +0100: Memory Usage (466568K) : Executing rule V3.b
2026-03-05 03:17:21 +0100: Memory Usage (466568K) : Executing rule V3.c
2026-03-05 03:17:21 +0100: Memory Usage (466568K) : Executing rule V4.a
2026-03-05 03:17:21 +0100: Memory Usage (466568K) : Executing rule V4.b
2026-03-05 03:17:21 +0100: Memory Usage (466568K) : Executing rule V4.c
2026-03-05 03:17:21 +0100: Memory Usage (466568K) : Starting 5.21. TopVia1 table
2026-03-05 03:17:21 +0100: Memory Usage (466568K) : Executing rule TV1.a
2026-03-05 03:17:21 +0100: Memory Usage (466568K) : Executing rule TV1.b
2026-03-05 03:17:21 +0100: Memory Usage (466568K) : Executing rule TV1.c
2026-03-05 03:17:21 +0100: Memory Usage (466568K) : Executing rule TV1.d
2026-03-05 03:17:21 +0100: Memory Usage (466568K) : Starting 5.22. TopMetal1 table
2026-03-05 03:17:21 +0100: Memory Usage (466568K) : Executing rule TM1.a
2026-03-05 03:17:21 +0100: Memory Usage (466568K) : Executing rule TM1.b
2026-03-05 03:17:21 +0100: Memory Usage (466568K) : Starting 5.23 TopMetal1:filler table
2026-03-05 03:17:21 +0100: Memory Usage (466568K) : Executing rule TM1Fil.c
2026-03-05 03:17:21 +0100: Memory Usage (466568K) : Executing rule TM1Fil.a1
2026-03-05 03:17:21 +0100: Memory Usage (466568K) : Starting 5.24. TopVia2 table
2026-03-05 03:17:21 +0100: Memory Usage (466568K) : Executing rule TV2.a
2026-03-05 03:17:21 +0100: Memory Usage (466568K) : Executing rule TV2.b
2026-03-05 03:17:21 +0100: Memory Usage (466568K) : Executing rule TV2.c
2026-03-05 03:17:21 +0100: Memory Usage (466568K) : Executing rule TV2.d
2026-03-05 03:17:21 +0100: Memory Usage (466568K) : Starting 5.25. TopMetal2 table
2026-03-05 03:17:21 +0100: Memory Usage (466568K) : Executing rule TM2.a
2026-03-05 03:17:21 +0100: Memory Usage (466568K) : Executing rule TM2.b
2026-03-05 03:17:21 +0100: Memory Usage (466568K) : Executing rule TM2.bR
2026-03-05 03:17:21 +0100: Memory Usage (466568K) : Starting 5.26 TopMetal2:filler table
2026-03-05 03:17:21 +0100: Memory Usage (466568K) : Executing rule TM2Fil.c
2026-03-05 03:17:21 +0100: Memory Usage (466568K) : Executing rule TM2Fil.a1
2026-03-05 03:17:21 +0100: Memory Usage (466568K) : Starting 5.27. Passiv table
2026-03-05 03:17:21 +0100: Memory Usage (466568K) : Executing rule Pas.a
2026-03-05 03:17:21 +0100: Memory Usage (466568K) : Executing rule Pas.b
2026-03-05 03:17:21 +0100: Memory Usage (466568K) : Executing rule Pas.c
2026-03-05 03:17:21 +0100: Memory Usage (466568K) : Starting 6.9.2 Copper Pillar table
2026-03-05 03:17:21 +0100: Memory Usage (466568K) : Executing rule Padc.a
2026-03-05 03:17:21 +0100: Memory Usage (466568K) : Executing rule Padc.b
2026-03-05 03:17:21 +0100: Memory Usage (466568K) : Executing rule Padc.c
2026-03-05 03:17:21 +0100: Memory Usage (466568K) : Executing rule Padb.f
2026-03-05 03:17:21 +0100: Memory Usage (466568K) : Starting 6.9 Pad table
2026-03-05 03:17:21 +0100: Memory Usage (466568K) : Executing rule Pad.m
2026-03-05 03:17:21 +0100: Memory Usage (466568K) : Executing rule Pad.fR_M1
2026-03-05 03:17:21 +0100: Memory Usage (466568K) : Executing rule Pad.fR_M2
2026-03-05 03:17:21 +0100: Memory Usage (466568K) : Executing rule Pad.fR_M3
2026-03-05 03:17:21 +0100: Memory Usage (466568K) : Executing rule Pad.fR_M4
2026-03-05 03:17:21 +0100: Memory Usage (466568K) : Executing rule Pad.fR_M5
2026-03-05 03:17:21 +0100: Memory Usage (466568K) : Executing rule Pad.fR_TM1
2026-03-05 03:17:21 +0100: Memory Usage (466568K) : Executing rule Pad.fR_TM2
2026-03-05 03:17:21 +0100: Memory Usage (466568K) : Executing rule Pad.i
2026-03-05 03:17:21 +0100: Memory Usage (466568K) : Starting 6.9.1 Solder Bump
2026-03-05 03:17:21 +0100: Memory Usage (466568K) : Executing rule Padb.a
2026-03-05 03:17:21 +0100: Memory Usage (466568K) : Executing rule Padb.b
2026-03-05 03:17:21 +0100: Memory Usage (466568K) : Executing rule Padb.c
2026-03-05 03:17:21 +0100: Memory Usage (466568K) : Executing rule Padb.f
2026-03-05 03:17:21 +0100: Memory Usage (466568K) : Executing rule Padb.d
2026-03-05 03:17:21 +0100: Memory Usage (466568K) : Starting 6.10 Sealring table
2026-03-05 03:17:21 +0100: Memory Usage (466568K) : Executing rule Seal.l
2026-03-05 03:17:21 +0100: Memory Usage (466568K) : Executing rule Seal.n
2026-03-05 03:17:21 +0100: Memory Usage (466568K) : Executing rule seal.b_metal1
2026-03-05 03:17:21 +0100: Memory Usage (466568K) : Executing rule seal.b_metal2
2026-03-05 03:17:21 +0100: Memory Usage (466568K) : Executing rule seal.b_metal3
2026-03-05 03:17:21 +0100: Memory Usage (466568K) : Executing rule seal.b_metal4
2026-03-05 03:17:21 +0100: Memory Usage (466568K) : Executing rule seal.b_metal5
2026-03-05 03:17:21 +0100: Memory Usage (466568K) : Executing rule seal.b_topmetal1
2026-03-05 03:17:21 +0100: Memory Usage (466568K) : Executing rule seal.b_topmetal2
2026-03-05 03:17:21 +0100: Memory Usage (466568K) : Executing rule seal.b_activ
2026-03-05 03:17:21 +0100: Memory Usage (466568K) : Executing rule seal.b_psd
2026-03-05 03:17:21 +0100: Memory Usage (466568K) : Executing rule Seal.k
2026-03-05 03:17:21 +0100: Memory Usage (466568K) : Executing rule Seal.m
2026-03-05 03:17:21 +0100: Memory Usage (466568K) : Starting 6.11 MIM table
2026-03-05 03:17:21 +0100: Memory Usage (466568K) : Executing rule MIM.c
2026-03-05 03:17:21 +0100: Memory Usage (466568K) : Executing rule MIM.d
2026-03-05 03:17:21 +0100: Memory Usage (466568K) : Executing rule MIM.gR
2026-03-05 03:17:21 +0100: Memory Usage (466568K) : Starting 7.3 Metal Slits table
2026-03-05 03:17:21 +0100: Memory Usage (466568K) : Executing rule Slt.e1_M1
2026-03-05 03:17:21 +0100: Memory Usage (466568K) : Executing rule Slt.e1_M2
2026-03-05 03:17:21 +0100: Memory Usage (466568K) : Executing rule Slt.e1_M3
2026-03-05 03:17:21 +0100: Memory Usage (466568K) : Executing rule Slt.e1_M4
2026-03-05 03:17:21 +0100: Memory Usage (466568K) : Executing rule Slt.e1_M5
2026-03-05 03:17:21 +0100: Memory Usage (466568K) : Executing rule Slt.e1_TM1
2026-03-05 03:17:21 +0100: Memory Usage (466568K) : Executing rule Slt.e1_TM2
2026-03-05 03:17:21 +0100: Memory Usage (466568K) : Starting 9.1. LBE table
2026-03-05 03:17:21 +0100: Memory Usage (466568K) : Executing rule LBE.a
2026-03-05 03:17:21 +0100: Memory Usage (466568K) : Executing rule LBE.b
2026-03-05 03:17:21 +0100: Memory Usage (466568K) : Executing rule LBE.b1
2026-03-05 03:17:21 +0100: Memory Usage (466568K) : Executing rule LBE.c
2026-03-05 03:17:21 +0100: Memory Usage (466568K) : Executing rule LBE.d
2026-03-05 03:17:21 +0100: Memory Usage (466568K) : Executing rule LBE.h
2026-03-05 03:17:21 +0100: Memory Usage (466568K) : Starting 7.4. PIN table
2026-03-05 03:17:21 +0100: Memory Usage (466568K) : Executing rule Pin.a
2026-03-05 03:17:21 +0100: Memory Usage (466568K) : Executing rule Pin.b
2026-03-05 03:17:21 +0100: Memory Usage (466568K) : Executing rule Pin.e
2026-03-05 03:17:21 +0100: Memory Usage (466568K) : Executing rule Pin.f_M2
2026-03-05 03:17:21 +0100: Memory Usage (466568K) : Executing rule Pin.f_M3
2026-03-05 03:17:21 +0100: Memory Usage (466568K) : Executing rule Pin.f_M4
2026-03-05 03:17:21 +0100: Memory Usage (466568K) : Executing rule Pin.f_M5
2026-03-05 03:17:21 +0100: Memory Usage (466568K) : Executing rule Pin.g
2026-03-05 03:17:21 +0100: Memory Usage (466568K) : Executing rule Pin.h
2026-03-05 03:17:21 +0100: Memory Usage (466568K) : Starting 3.2. FORBIDDEN table
2026-03-05 03:17:21 +0100: Memory Usage (466568K) : Executing rule forbidden.biwind
2026-03-05 03:17:21 +0100: Memory Usage (466568K) : Executing rule forbidden.pemwind
2026-03-05 03:17:21 +0100: Memory Usage (466568K) : Executing rule forbidden.baspoly
2026-03-05 03:17:21 +0100: Memory Usage (466568K) : Executing rule forbidden.deepco
2026-03-05 03:17:21 +0100: Memory Usage (466568K) : Executing rule forbidden.pempoly
2026-03-05 03:17:21 +0100: Memory Usage (466568K) : Executing rule forbidden.empoly
2026-03-05 03:17:21 +0100: Memory Usage (466568K) : Executing rule forbidden.ldmos
2026-03-05 03:17:21 +0100: Memory Usage (466568K) : Executing rule forbidden.pbiwind
2026-03-05 03:17:21 +0100: Memory Usage (466568K) : Executing rule forbidden.nodrc
2026-03-05 03:17:21 +0100: Memory Usage (466568K) : Executing rule forbidden.flash
2026-03-05 03:17:21 +0100: Memory Usage (466568K) : Executing rule forbidden.colwind
2026-03-05 03:17:21 +0100: Memory Usage (466568K) : KLayout DRC run for tables 'main' completed in 2.83 seconds
