# Logfile created on 2026-03-02 03:34:09 +0100 by logger.rb/v1.5.3
2026-03-02 03:34:09 +0100: Memory Usage (436340K) : Starting running IHP-SG13G2 KLayout DRC runset on /foss/designs/HPAmplifier/OTA_Telescopic/Layout_and_Related_files/TOP.gds
2026-03-02 03:34:09 +0100: Memory Usage (436468K) : Ruby Version for klayout: 3.2.3
2026-03-02 03:34:09 +0100: Memory Usage (437748K) : Loading database to memory is complete.
2026-03-02 03:34:09 +0100: Memory Usage (437748K) : IHP-SG13G2 KLayout DRC runset output at: /foss/designs/HPAmplifier/OTA_Telescopic/Layout_and_Related_files/drc_run_TOP/TOP_TOP_main.lyrdb
2026-03-02 03:34:09 +0100: Memory Usage (437748K) : Evaluate switches.
2026-03-02 03:34:09 +0100: Memory Usage (437748K) : tables selected: main
2026-03-02 03:34:09 +0100: Memory Usage (437748K) : KLayout will use 1 thread(s) in tiled mode.
2026-03-02 03:34:09 +0100: Memory Usage (437748K) : deep mode is enabled.
2026-03-02 03:34:09 +0100: Memory Usage (437748K) : FEOL enabled: true
2026-03-02 03:34:09 +0100: Memory Usage (437748K) : BEOL enabled: true
2026-03-02 03:34:09 +0100: Memory Usage (437748K) : OFFGRID enabled: true
2026-03-02 03:34:09 +0100: Memory Usage (437748K) : PIN enabled: true
2026-03-02 03:34:09 +0100: Memory Usage (437748K) : FORBIDDEN enabled: true
2026-03-02 03:34:09 +0100: Memory Usage (437748K) : RECOMMENDED enabled: true
2026-03-02 03:34:09 +0100: Memory Usage (437748K) : PreCheck DRC enabled: false
2026-03-02 03:34:09 +0100: Memory Usage (437748K) : CONNECTIVITY_RULES enabled: true.
2026-03-02 03:34:09 +0100: Memory Usage (437748K) : Read in polygons from layers.
2026-03-02 03:34:09 +0100: Memory Usage (438644K) : activ_drw has 3122 polygons
2026-03-02 03:34:09 +0100: Memory Usage (438644K) : activ_pin has 0 polygons
2026-03-02 03:34:09 +0100: Memory Usage (438644K) : activ_mask has 0 polygons
2026-03-02 03:34:09 +0100: Memory Usage (438644K) : activ_filler has 0 polygons
2026-03-02 03:34:09 +0100: Memory Usage (438644K) : activ_nofill has 0 polygons
2026-03-02 03:34:09 +0100: Memory Usage (438644K) : activ_opc has 0 polygons
2026-03-02 03:34:09 +0100: Memory Usage (438644K) : activ_iopc has 0 polygons
2026-03-02 03:34:09 +0100: Memory Usage (438644K) : activ_noqrc has 0 polygons
2026-03-02 03:34:09 +0100: Memory Usage (438644K) : biwind_drw has 0 polygons
2026-03-02 03:34:09 +0100: Memory Usage (438644K) : biwind_opc has 0 polygons
2026-03-02 03:34:09 +0100: Memory Usage (438644K) : pemwind_drw has 0 polygons
2026-03-02 03:34:09 +0100: Memory Usage (438644K) : gatpoly_drw has 1696 polygons
2026-03-02 03:34:09 +0100: Memory Usage (438644K) : gatpoly_pin has 240 polygons
2026-03-02 03:34:09 +0100: Memory Usage (438644K) : gatpoly_filler has 0 polygons
2026-03-02 03:34:09 +0100: Memory Usage (438644K) : gatpoly_nofill has 0 polygons
2026-03-02 03:34:09 +0100: Memory Usage (438644K) : gatpoly_opc has 0 polygons
2026-03-02 03:34:09 +0100: Memory Usage (438644K) : gatpoly_iopc has 0 polygons
2026-03-02 03:34:09 +0100: Memory Usage (438644K) : gatpoly_noqrc has 0 polygons
2026-03-02 03:34:09 +0100: Memory Usage (438900K) : cont_drw has 13250 polygons
2026-03-02 03:34:09 +0100: Memory Usage (438900K) : cont_opc has 0 polygons
2026-03-02 03:34:09 +0100: Memory Usage (438900K) : nsd_drw has 0 polygons
2026-03-02 03:34:09 +0100: Memory Usage (438900K) : nsd_block has 0 polygons
2026-03-02 03:34:09 +0100: Memory Usage (439028K) : metal1_drw has 5167 polygons
2026-03-02 03:34:09 +0100: Memory Usage (439156K) : metal1_pin has 942 polygons
2026-03-02 03:34:09 +0100: Memory Usage (439156K) : metal1_mask has 0 polygons
2026-03-02 03:34:09 +0100: Memory Usage (439284K) : metal1_filler has 0 polygons
2026-03-02 03:34:09 +0100: Memory Usage (439284K) : metal1_nofill has 0 polygons
2026-03-02 03:34:09 +0100: Memory Usage (439284K) : metal1_slit has 0 polygons
2026-03-02 03:34:09 +0100: Memory Usage (439540K) : metal1_text has 0 polygons
2026-03-02 03:34:09 +0100: Memory Usage (439540K) : metal1_opc has 0 polygons
2026-03-02 03:34:09 +0100: Memory Usage (439668K) : metal1_noqrc has 0 polygons
2026-03-02 03:34:09 +0100: Memory Usage (439668K) : metal1_res has 0 polygons
2026-03-02 03:34:09 +0100: Memory Usage (439668K) : metal1_iprobe has 0 polygons
2026-03-02 03:34:09 +0100: Memory Usage (439796K) : metal1_diffprb has 0 polygons
2026-03-02 03:34:09 +0100: Memory Usage (439796K) : passiv_drw has 0 polygons
2026-03-02 03:34:09 +0100: Memory Usage (439924K) : passiv_pin has 0 polygons
2026-03-02 03:34:09 +0100: Memory Usage (439924K) : passiv_sbump has 0 polygons
2026-03-02 03:34:09 +0100: Memory Usage (440052K) : passiv_pillar has 0 polygons
2026-03-02 03:34:09 +0100: Memory Usage (440052K) : passiv_pdl has 0 polygons
2026-03-02 03:34:09 +0100: Memory Usage (440052K) : metal2_drw has 1001 polygons
2026-03-02 03:34:09 +0100: Memory Usage (440180K) : metal2_pin has 3 polygons
2026-03-02 03:34:09 +0100: Memory Usage (440308K) : metal2_mask has 0 polygons
2026-03-02 03:34:09 +0100: Memory Usage (440308K) : metal2_filler has 0 polygons
2026-03-02 03:34:09 +0100: Memory Usage (440308K) : metal2_nofill has 0 polygons
2026-03-02 03:34:09 +0100: Memory Usage (440436K) : metal2_slit has 0 polygons
2026-03-02 03:34:09 +0100: Memory Usage (440564K) : metal2_text has 3 polygons
2026-03-02 03:34:09 +0100: Memory Usage (440692K) : metal2_opc has 0 polygons
2026-03-02 03:34:09 +0100: Memory Usage (440820K) : metal2_noqrc has 0 polygons
2026-03-02 03:34:09 +0100: Memory Usage (440820K) : metal2_res has 0 polygons
2026-03-02 03:34:09 +0100: Memory Usage (440820K) : metal2_iprobe has 0 polygons
2026-03-02 03:34:09 +0100: Memory Usage (440948K) : metal2_diffprb has 0 polygons
2026-03-02 03:34:09 +0100: Memory Usage (440948K) : baspoly_drw has 0 polygons
2026-03-02 03:34:09 +0100: Memory Usage (441076K) : baspoly_pin has 0 polygons
2026-03-02 03:34:09 +0100: Memory Usage (441076K) : psd_drw has 850 polygons
2026-03-02 03:34:09 +0100: Memory Usage (441204K) : nldb_drw has 0 polygons
2026-03-02 03:34:09 +0100: Memory Usage (441204K) : digibnd_drw has 0 polygons
2026-03-02 03:34:09 +0100: Memory Usage (441204K) : via1_drw has 5079 polygons
2026-03-02 03:34:09 +0100: Memory Usage (441332K) : backmetal1_drw has 0 polygons
2026-03-02 03:34:09 +0100: Memory Usage (441460K) : backmetal1_pin has 0 polygons
2026-03-02 03:34:09 +0100: Memory Usage (441460K) : backmetal1_mask has 0 polygons
2026-03-02 03:34:09 +0100: Memory Usage (441588K) : backmetal1_filler has 0 polygons
2026-03-02 03:34:09 +0100: Memory Usage (441588K) : backmetal1_nofill has 0 polygons
2026-03-02 03:34:09 +0100: Memory Usage (441588K) : backmetal1_slit has 0 polygons
2026-03-02 03:34:09 +0100: Memory Usage (441716K) : backmetal1_text has 0 polygons
2026-03-02 03:34:09 +0100: Memory Usage (441716K) : backmetal1_opc has 0 polygons
2026-03-02 03:34:09 +0100: Memory Usage (441844K) : backmetal1_noqrc has 0 polygons
2026-03-02 03:34:09 +0100: Memory Usage (441844K) : backmetal1_res has 0 polygons
2026-03-02 03:34:09 +0100: Memory Usage (441972K) : backmetal1_iprobe has 0 polygons
2026-03-02 03:34:09 +0100: Memory Usage (441972K) : backmetal1_diffprb has 0 polygons
2026-03-02 03:34:09 +0100: Memory Usage (441972K) : backpassiv_drw has 0 polygons
2026-03-02 03:34:09 +0100: Memory Usage (442100K) : res_drw has 0 polygons
2026-03-02 03:34:09 +0100: Memory Usage (442228K) : sram_drw has 0 polygons
2026-03-02 03:34:09 +0100: Memory Usage (442228K) : trans_drw has 0 polygons
2026-03-02 03:34:09 +0100: Memory Usage (442356K) : ind_drw has 0 polygons
2026-03-02 03:34:09 +0100: Memory Usage (442356K) : ind_pin has 0 polygons
2026-03-02 03:34:09 +0100: Memory Usage (442356K) : ind_text has 0 polygons
2026-03-02 03:34:09 +0100: Memory Usage (442484K) : salblock_drw has 2 polygons
2026-03-02 03:34:10 +0100: Memory Usage (442612K) : via2_drw has 1877 polygons
2026-03-02 03:34:10 +0100: Memory Usage (442612K) : metal3_drw has 116 polygons
2026-03-02 03:34:10 +0100: Memory Usage (442740K) : metal3_pin has 2 polygons
2026-03-02 03:34:10 +0100: Memory Usage (442868K) : metal3_mask has 0 polygons
2026-03-02 03:34:10 +0100: Memory Usage (442868K) : metal3_filler has 0 polygons
2026-03-02 03:34:10 +0100: Memory Usage (442996K) : metal3_nofill has 0 polygons
2026-03-02 03:34:10 +0100: Memory Usage (442996K) : metal3_slit has 0 polygons
2026-03-02 03:34:10 +0100: Memory Usage (442996K) : metal3_text has 2 polygons
2026-03-02 03:34:10 +0100: Memory Usage (443124K) : metal3_opc has 0 polygons
2026-03-02 03:34:10 +0100: Memory Usage (443124K) : metal3_noqrc has 0 polygons
2026-03-02 03:34:10 +0100: Memory Usage (443252K) : metal3_res has 0 polygons
2026-03-02 03:34:10 +0100: Memory Usage (443252K) : metal3_iprobe has 0 polygons
2026-03-02 03:34:10 +0100: Memory Usage (443380K) : metal3_diffprb has 0 polygons
2026-03-02 03:34:10 +0100: Memory Usage (443380K) : nwell_drw has 896 polygons
2026-03-02 03:34:10 +0100: Memory Usage (443380K) : nwell_pin has 0 polygons
2026-03-02 03:34:10 +0100: Memory Usage (443508K) : nbulay_drw has 0 polygons
2026-03-02 03:34:10 +0100: Memory Usage (443508K) : nbulay_pin has 0 polygons
2026-03-02 03:34:10 +0100: Memory Usage (443636K) : nbulay_block has 0 polygons
2026-03-02 03:34:10 +0100: Memory Usage (443764K) : emwind_drw has 0 polygons
2026-03-02 03:34:10 +0100: Memory Usage (443764K) : emwind_opc has 0 polygons
2026-03-02 03:34:10 +0100: Memory Usage (443892K) : deepco_drw has 0 polygons
2026-03-02 03:34:10 +0100: Memory Usage (443892K) : deepco_drw has 0 polygons
2026-03-02 03:34:10 +0100: Memory Usage (444020K) : mim_drw has 2 polygons
2026-03-02 03:34:10 +0100: Memory Usage (444020K) : edgeseal_drw has 0 polygons
2026-03-02 03:34:10 +0100: Memory Usage (444148K) : edgeseal_bound has 0 polygons
2026-03-02 03:34:10 +0100: Memory Usage (444148K) : substrate_drw has 630 polygons
2026-03-02 03:34:10 +0100: Memory Usage (444276K) : substrate_text has 0 polygons
2026-03-02 03:34:10 +0100: Memory Usage (444276K) : dfpad_drw has 0 polygons
2026-03-02 03:34:10 +0100: Memory Usage (444276K) : dfpad_pillar has 0 polygons
2026-03-02 03:34:10 +0100: Memory Usage (444404K) : dfpad_sbump has 0 polygons
2026-03-02 03:34:10 +0100: Memory Usage (444404K) : thickgateox_drw has 0 polygons
2026-03-02 03:34:10 +0100: Memory Usage (444532K) : pldb_drw has 0 polygons
2026-03-02 03:34:10 +0100: Memory Usage (444532K) : pwell_drw has 0 polygons
2026-03-02 03:34:10 +0100: Memory Usage (444660K) : pwell_pin has 0 polygons
2026-03-02 03:34:10 +0100: Memory Usage (444660K) : pwell_block has 0 polygons
2026-03-02 03:34:10 +0100: Memory Usage (444660K) : ic_drw has 0 polygons
2026-03-02 03:34:10 +0100: Memory Usage (444788K) : via3_drw has 1685 polygons
2026-03-02 03:34:10 +0100: Memory Usage (444916K) : metal4_drw has 70 polygons
2026-03-02 03:34:10 +0100: Memory Usage (444916K) : metal4_pin has 1 polygons
2026-03-02 03:34:10 +0100: Memory Usage (445044K) : metal4_mask has 0 polygons
2026-03-02 03:34:10 +0100: Memory Usage (445044K) : metal4_filler has 0 polygons
2026-03-02 03:34:10 +0100: Memory Usage (445172K) : metal4_nofill has 0 polygons
2026-03-02 03:34:10 +0100: Memory Usage (445172K) : metal4_slit has 0 polygons
2026-03-02 03:34:10 +0100: Memory Usage (445172K) : metal4_text has 1 polygons
2026-03-02 03:34:10 +0100: Memory Usage (445300K) : metal4_opc has 0 polygons
2026-03-02 03:34:10 +0100: Memory Usage (445300K) : metal4_noqrc has 0 polygons
2026-03-02 03:34:10 +0100: Memory Usage (445428K) : metal4_res has 0 polygons
2026-03-02 03:34:10 +0100: Memory Usage (445556K) : metal4_iprobe has 0 polygons
2026-03-02 03:34:10 +0100: Memory Usage (445556K) : metal4_diffprb has 0 polygons
2026-03-02 03:34:10 +0100: Memory Usage (445556K) : heattrans_drw has 918 polygons
2026-03-02 03:34:10 +0100: Memory Usage (445684K) : heatres_drw has 2 polygons
2026-03-02 03:34:10 +0100: Memory Usage (445684K) : pempoly_drw has 0 polygons
2026-03-02 03:34:10 +0100: Memory Usage (445812K) : fbe_drw has 0 polygons
2026-03-02 03:34:10 +0100: Memory Usage (445812K) : empoly_drw has 0 polygons
2026-03-02 03:34:10 +0100: Memory Usage (445940K) : ldmos_drw has 0 polygons
2026-03-02 03:34:10 +0100: Memory Usage (446068K) : pbiwind_drw has 0 polygons
2026-03-02 03:34:10 +0100: Memory Usage (446068K) : digisub_drw has 0 polygons
2026-03-02 03:34:10 +0100: Memory Usage (446068K) : nodrc_drw has 0 polygons
2026-03-02 03:34:10 +0100: Memory Usage (446196K) : text_drw has 872 polygons
2026-03-02 03:34:10 +0100: Memory Usage (446196K) : via4_drw has 1638 polygons
2026-03-02 03:34:10 +0100: Memory Usage (446324K) : metal5_drw has 52 polygons
2026-03-02 03:34:10 +0100: Memory Usage (446324K) : metal5_pin has 0 polygons
2026-03-02 03:34:10 +0100: Memory Usage (446452K) : metal5_mask has 0 polygons
2026-03-02 03:34:10 +0100: Memory Usage (446452K) : metal5_filler has 0 polygons
2026-03-02 03:34:10 +0100: Memory Usage (446580K) : metal5_nofill has 0 polygons
2026-03-02 03:34:10 +0100: Memory Usage (446580K) : metal5_slit has 0 polygons
2026-03-02 03:34:10 +0100: Memory Usage (446580K) : metal5_text has 0 polygons
2026-03-02 03:34:10 +0100: Memory Usage (446708K) : metal5_opc has 0 polygons
2026-03-02 03:34:10 +0100: Memory Usage (446708K) : metal5_noqrc has 0 polygons
2026-03-02 03:34:10 +0100: Memory Usage (446836K) : metal5_res has 0 polygons
2026-03-02 03:34:10 +0100: Memory Usage (446836K) : metal5_iprobe has 0 polygons
2026-03-02 03:34:10 +0100: Memory Usage (446964K) : metal5_diffprb has 0 polygons
2026-03-02 03:34:10 +0100: Memory Usage (447092K) : radhard_drw has 0 polygons
2026-03-02 03:34:10 +0100: Memory Usage (447092K) : memcap_drw has 0 polygons
2026-03-02 03:34:10 +0100: Memory Usage (447220K) : varicap_drw has 0 polygons
2026-03-02 03:34:10 +0100: Memory Usage (447220K) : flash_drw has 0 polygons
2026-03-02 03:34:10 +0100: Memory Usage (447348K) : intbondvia_drw has 0 polygons
2026-03-02 03:34:10 +0100: Memory Usage (447348K) : intbondmet_drw has 0 polygons
2026-03-02 03:34:10 +0100: Memory Usage (447476K) : devbondvia_drw has 0 polygons
2026-03-02 03:34:10 +0100: Memory Usage (447476K) : devbondmet_drw has 0 polygons
2026-03-02 03:34:10 +0100: Memory Usage (447476K) : devtrench_drw has 0 polygons
2026-03-02 03:34:10 +0100: Memory Usage (447604K) : redist_drw has 0 polygons
2026-03-02 03:34:10 +0100: Memory Usage (447604K) : graphbot_drw has 0 polygons
2026-03-02 03:34:10 +0100: Memory Usage (447732K) : graphtop_drw has 0 polygons
2026-03-02 03:34:10 +0100: Memory Usage (447732K) : antvia1_drw has 0 polygons
2026-03-02 03:34:10 +0100: Memory Usage (447860K) : antmetal2_drw has 0 polygons
2026-03-02 03:34:10 +0100: Memory Usage (447860K) : graphcont_drw has 0 polygons
2026-03-02 03:34:10 +0100: Memory Usage (447860K) : siwg_drw has 0 polygons
2026-03-02 03:34:10 +0100: Memory Usage (447988K) : siwg_filler has 0 polygons
2026-03-02 03:34:10 +0100: Memory Usage (448116K) : siwg_nofill has 0 polygons
2026-03-02 03:34:10 +0100: Memory Usage (448116K) : sigrating_drw has 0 polygons
2026-03-02 03:34:10 +0100: Memory Usage (448244K) : singrating_drw has 0 polygons
2026-03-02 03:34:10 +0100: Memory Usage (448244K) : graphpas_drw has 0 polygons
2026-03-02 03:34:10 +0100: Memory Usage (448244K) : emwind3_drw has 0 polygons
2026-03-02 03:34:10 +0100: Memory Usage (448372K) : emwihv3_drw has 0 polygons
2026-03-02 03:34:10 +0100: Memory Usage (448372K) : redbulay_drw has 0 polygons
2026-03-02 03:34:10 +0100: Memory Usage (448500K) : smos_drw has 0 polygons
2026-03-02 03:34:10 +0100: Memory Usage (448500K) : graphpad_drw has 0 polygons
2026-03-02 03:34:10 +0100: Memory Usage (448628K) : polimide_drw has 0 polygons
2026-03-02 03:34:10 +0100: Memory Usage (448628K) : polimide_pin has 0 polygons
2026-03-02 03:34:10 +0100: Memory Usage (448756K) : recog_drw has 0 polygons
2026-03-02 03:34:10 +0100: Memory Usage (448756K) : recog_pin has 0 polygons
2026-03-02 03:34:10 +0100: Memory Usage (448756K) : recog_esd has 0 polygons
2026-03-02 03:34:10 +0100: Memory Usage (448756K) : recog_diode has 0 polygons
2026-03-02 03:34:10 +0100: Memory Usage (448884K) : recog_tsv has 0 polygons
2026-03-02 03:34:10 +0100: Memory Usage (448884K) : recog_iprobe has 0 polygons
2026-03-02 03:34:10 +0100: Memory Usage (448884K) : recog_diffprb has 0 polygons
2026-03-02 03:34:10 +0100: Memory Usage (449012K) : recog_pillar has 0 polygons
2026-03-02 03:34:10 +0100: Memory Usage (449012K) : recog_sbump has 0 polygons
2026-03-02 03:34:10 +0100: Memory Usage (449012K) : recog_otp has 0 polygons
2026-03-02 03:34:10 +0100: Memory Usage (449140K) : recog_pdiode has 0 polygons
2026-03-02 03:34:10 +0100: Memory Usage (449140K) : recog_mom has 0 polygons
2026-03-02 03:34:10 +0100: Memory Usage (449140K) : recog_pcm has 0 polygons
2026-03-02 03:34:10 +0100: Memory Usage (449140K) : colopen_drw has 0 polygons
2026-03-02 03:34:10 +0100: Memory Usage (449268K) : graphmetal1_drw has 0 polygons
2026-03-02 03:34:10 +0100: Memory Usage (449268K) : graphmetal1_filler has 0 polygons
2026-03-02 03:34:10 +0100: Memory Usage (449268K) : graphmetal1_nofill has 0 polygons
2026-03-02 03:34:10 +0100: Memory Usage (449396K) : graphmetal1_slit has 0 polygons
2026-03-02 03:34:10 +0100: Memory Usage (449396K) : graphmetal1_opc has 0 polygons
2026-03-02 03:34:10 +0100: Memory Usage (449524K) : graphmet1l_drw has 0 polygons
2026-03-02 03:34:10 +0100: Memory Usage (449524K) : graphmet1l_filler has 0 polygons
2026-03-02 03:34:10 +0100: Memory Usage (449524K) : graphmet1l_nofill has 0 polygons
2026-03-02 03:34:10 +0100: Memory Usage (449652K) : graphmet1l_slit has 0 polygons
2026-03-02 03:34:10 +0100: Memory Usage (449652K) : graphmet1l_opc has 0 polygons
2026-03-02 03:34:10 +0100: Memory Usage (449780K) : extblock_drw has 6 polygons
2026-03-02 03:34:10 +0100: Memory Usage (449780K) : nldd_drw has 0 polygons
2026-03-02 03:34:10 +0100: Memory Usage (449908K) : pldd_drw has 0 polygons
2026-03-02 03:34:10 +0100: Memory Usage (449908K) : next_drw has 0 polygons
2026-03-02 03:34:10 +0100: Memory Usage (449908K) : pext_drw has 0 polygons
2026-03-02 03:34:10 +0100: Memory Usage (450036K) : nexthv_drw has 0 polygons
2026-03-02 03:34:10 +0100: Memory Usage (450036K) : pexthv_drw has 0 polygons
2026-03-02 03:34:10 +0100: Memory Usage (450164K) : graphgate_drw has 0 polygons
2026-03-02 03:34:10 +0100: Memory Usage (450164K) : sinwg_drw has 0 polygons
2026-03-02 03:34:10 +0100: Memory Usage (450164K) : sinwg_filler has 0 polygons
2026-03-02 03:34:10 +0100: Memory Usage (450164K) : sinwg_nofill has 0 polygons
2026-03-02 03:34:10 +0100: Memory Usage (450292K) : mempad_drw has 0 polygons
2026-03-02 03:34:10 +0100: Memory Usage (450292K) : topvia1_drw has 42 polygons
2026-03-02 03:34:10 +0100: Memory Usage (450292K) : topmetal1_drw has 50 polygons
2026-03-02 03:34:10 +0100: Memory Usage (450420K) : topmetal1_pin has 2 polygons
2026-03-02 03:34:10 +0100: Memory Usage (450420K) : topmetal1_mask has 0 polygons
2026-03-02 03:34:10 +0100: Memory Usage (450420K) : topmetal1_filler has 0 polygons
2026-03-02 03:34:10 +0100: Memory Usage (450548K) : topmetal1_nofill has 0 polygons
2026-03-02 03:34:10 +0100: Memory Usage (450548K) : topmetal1_slit has 0 polygons
2026-03-02 03:34:10 +0100: Memory Usage (450676K) : topmetal1_text has 2 polygons
2026-03-02 03:34:10 +0100: Memory Usage (450676K) : topmetal1_noqrc has 0 polygons
2026-03-02 03:34:10 +0100: Memory Usage (450676K) : topmetal1_res has 0 polygons
2026-03-02 03:34:10 +0100: Memory Usage (450804K) : topmetal1_iprobe has 0 polygons
2026-03-02 03:34:10 +0100: Memory Usage (450804K) : topmetal1_diffprb has 0 polygons
2026-03-02 03:34:10 +0100: Memory Usage (450932K) : inldpwl_drw has 0 polygons
2026-03-02 03:34:10 +0100: Memory Usage (450932K) : polyres_drw has 2 polygons
2026-03-02 03:34:10 +0100: Memory Usage (450932K) : polyres_pin has 0 polygons
2026-03-02 03:34:10 +0100: Memory Usage (451060K) : vmim_drw has 578 polygons
2026-03-02 03:34:10 +0100: Memory Usage (451060K) : nbulaycut_drw has 0 polygons
2026-03-02 03:34:10 +0100: Memory Usage (451188K) : antmetal1_drw has 0 polygons
2026-03-02 03:34:10 +0100: Memory Usage (451188K) : topvia2_drw has 0 polygons
2026-03-02 03:34:10 +0100: Memory Usage (451316K) : topmetal2_drw has 0 polygons
2026-03-02 03:34:10 +0100: Memory Usage (451316K) : topmetal2_pin has 0 polygons
2026-03-02 03:34:10 +0100: Memory Usage (451316K) : topmetal2_mask has 0 polygons
2026-03-02 03:34:10 +0100: Memory Usage (451444K) : topmetal2_filler has 0 polygons
2026-03-02 03:34:10 +0100: Memory Usage (451444K) : topmetal2_nofill has 0 polygons
2026-03-02 03:34:10 +0100: Memory Usage (451572K) : topmetal2_slit has 0 polygons
2026-03-02 03:34:10 +0100: Memory Usage (451572K) : topmetal2_text has 0 polygons
2026-03-02 03:34:10 +0100: Memory Usage (451572K) : topmetal2_noqrc has 0 polygons
2026-03-02 03:34:10 +0100: Memory Usage (451700K) : topmetal2_res has 0 polygons
2026-03-02 03:34:10 +0100: Memory Usage (451700K) : topmetal2_iprobe has 0 polygons
2026-03-02 03:34:10 +0100: Memory Usage (451828K) : topmetal2_diffprb has 0 polygons
2026-03-02 03:34:10 +0100: Memory Usage (451828K) : snsring_drw has 0 polygons
2026-03-02 03:34:10 +0100: Memory Usage (451956K) : sensor_drw has 0 polygons
2026-03-02 03:34:10 +0100: Memory Usage (451956K) : snsarms_drw has 0 polygons
2026-03-02 03:34:10 +0100: Memory Usage (451956K) : snscmosvia_drw has 0 polygons
2026-03-02 03:34:10 +0100: Memory Usage (452084K) : colwind_drw has 0 polygons
2026-03-02 03:34:10 +0100: Memory Usage (452084K) : flm_drw has 0 polygons
2026-03-02 03:34:10 +0100: Memory Usage (452212K) : hafniumox_drw has 0 polygons
2026-03-02 03:34:10 +0100: Memory Usage (452212K) : memvia_drw has 0 polygons
2026-03-02 03:34:10 +0100: Memory Usage (452340K) : thinfilmres_drw has 0 polygons
2026-03-02 03:34:10 +0100: Memory Usage (452340K) : rfmem_drw has 0 polygons
2026-03-02 03:34:10 +0100: Memory Usage (452340K) : norcx_drw has 0 polygons
2026-03-02 03:34:10 +0100: Memory Usage (452468K) : norcx_m2m3 has 0 polygons
2026-03-02 03:34:10 +0100: Memory Usage (452468K) : norcx_m2m4 has 0 polygons
2026-03-02 03:34:10 +0100: Memory Usage (452468K) : norcx_m2m5 has 0 polygons
2026-03-02 03:34:10 +0100: Memory Usage (452596K) : norcx_m2tm1 has 0 polygons
2026-03-02 03:34:10 +0100: Memory Usage (452596K) : norcx_m2tm2 has 0 polygons
2026-03-02 03:34:10 +0100: Memory Usage (452596K) : norcx_m3m4 has 0 polygons
2026-03-02 03:34:10 +0100: Memory Usage (452596K) : norcx_m3m5 has 0 polygons
2026-03-02 03:34:10 +0100: Memory Usage (452724K) : norcx_m3tm1 has 0 polygons
2026-03-02 03:34:10 +0100: Memory Usage (452724K) : norcx_m3tm2 has 0 polygons
2026-03-02 03:34:10 +0100: Memory Usage (452724K) : norcx_m4m5 has 0 polygons
2026-03-02 03:34:10 +0100: Memory Usage (452852K) : norcx_m4tm1 has 0 polygons
2026-03-02 03:34:10 +0100: Memory Usage (452852K) : norcx_m4tm2 has 0 polygons
2026-03-02 03:34:10 +0100: Memory Usage (452852K) : norcx_m5tm1 has 0 polygons
2026-03-02 03:34:10 +0100: Memory Usage (452980K) : norcx_m5tm2 has 0 polygons
2026-03-02 03:34:10 +0100: Memory Usage (452980K) : norcx_tm1tm2 has 0 polygons
2026-03-02 03:34:10 +0100: Memory Usage (452980K) : norcx_m1sub has 0 polygons
2026-03-02 03:34:10 +0100: Memory Usage (452980K) : norcx_m2sub has 0 polygons
2026-03-02 03:34:10 +0100: Memory Usage (453108K) : norcx_m3sub has 0 polygons
2026-03-02 03:34:10 +0100: Memory Usage (453108K) : norcx_m4sub has 0 polygons
2026-03-02 03:34:10 +0100: Memory Usage (453108K) : norcx_m5sub has 0 polygons
2026-03-02 03:34:10 +0100: Memory Usage (453236K) : norcx_tm1sub has 0 polygons
2026-03-02 03:34:10 +0100: Memory Usage (453236K) : norcx_tm2sub has 0 polygons
2026-03-02 03:34:10 +0100: Memory Usage (453236K) : snsbotvia_drw has 0 polygons
2026-03-02 03:34:10 +0100: Memory Usage (453364K) : snstopvia_drw has 0 polygons
2026-03-02 03:34:10 +0100: Memory Usage (453364K) : deepvia_drw has 0 polygons
2026-03-02 03:34:10 +0100: Memory Usage (453364K) : fgetch_drw has 0 polygons
2026-03-02 03:34:10 +0100: Memory Usage (453364K) : ctrgat_drw has 0 polygons
2026-03-02 03:34:10 +0100: Memory Usage (453492K) : fgimp_drw has 0 polygons
2026-03-02 03:34:10 +0100: Memory Usage (453492K) : emwihv_drw has 0 polygons
2026-03-02 03:34:10 +0100: Memory Usage (453492K) : lbe_drw has 0 polygons
2026-03-02 03:34:10 +0100: Memory Usage (453620K) : alcustop_drw has 0 polygons
2026-03-02 03:34:10 +0100: Memory Usage (453620K) : nometfiller_drw has 0 polygons
2026-03-02 03:34:10 +0100: Memory Usage (453620K) : prboundary_drw has 0 polygons
2026-03-02 03:34:10 +0100: Memory Usage (453748K) : exchange0_drw has 0 polygons
2026-03-02 03:34:10 +0100: Memory Usage (453748K) : exchange0_pin has 0 polygons
2026-03-02 03:34:10 +0100: Memory Usage (453748K) : exchange0_text has 0 polygons
2026-03-02 03:34:10 +0100: Memory Usage (453876K) : exchange1_drw has 0 polygons
2026-03-02 03:34:10 +0100: Memory Usage (453876K) : exchange1_pin has 0 polygons
2026-03-02 03:34:10 +0100: Memory Usage (454004K) : exchange1_text has 0 polygons
2026-03-02 03:34:10 +0100: Memory Usage (454004K) : exchange2_drw has 0 polygons
2026-03-02 03:34:10 +0100: Memory Usage (454004K) : exchange2_pin has 0 polygons
2026-03-02 03:34:10 +0100: Memory Usage (454132K) : exchange2_text has 0 polygons
2026-03-02 03:34:10 +0100: Memory Usage (454132K) : exchange3_drw has 0 polygons
2026-03-02 03:34:10 +0100: Memory Usage (454132K) : exchange3_pin has 0 polygons
2026-03-02 03:34:10 +0100: Memory Usage (454132K) : exchange3_text has 0 polygons
2026-03-02 03:34:10 +0100: Memory Usage (454132K) : exchange4_drw has 0 polygons
2026-03-02 03:34:10 +0100: Memory Usage (454132K) : exchange4_pin has 0 polygons
2026-03-02 03:34:10 +0100: Memory Usage (454132K) : exchange4_text has 0 polygons
2026-03-02 03:34:10 +0100: Memory Usage (454132K) : isonwell_drw has 0 polygons
2026-03-02 03:34:10 +0100: Memory Usage (454132K) : Total no. of polygons in the design is 40801
2026-03-02 03:34:10 +0100: Memory Usage (454132K) : Loaded TECH DRC rules values from /foss/pdks/ihp-sg13g2/libs.tech/klayout/python/sg13g2_pycell_lib/sg13g2_tech_mod.json
2026-03-02 03:34:10 +0100: Memory Usage (454132K) : Loaded default DRC rules values from /foss/pdks/ihp-sg13g2/libs.tech/klayout/tech/drc/rule_decks/sg13g2_tech_default.json
2026-03-02 03:34:10 +0100: Memory Usage (454132K) : The following rules values were missing in tech json and default values were used:
2026-03-02 03:34:10 +0100: Memory Usage (454132K) :   - Cnt_c_digibnd
2026-03-02 03:34:10 +0100: Memory Usage (455540K) : Total area of the design is 7428.8279999999995 um^2.
2026-03-02 03:34:10 +0100: Memory Usage (455540K) : The design dimensions are 110.22 µm * 67.4 µm.
2026-03-02 03:34:10 +0100: Memory Usage (455540K) : Starting general IHP-SG13G2 derivations.
2026-03-02 03:34:10 +0100: Memory Usage (455540K) : Starting Pwell derivations
2026-03-02 03:34:10 +0100: Memory Usage (458868K) : Starting n-Activ derivations
2026-03-02 03:34:10 +0100: Memory Usage (459636K) : Starting p-Activ derivations
2026-03-02 03:34:10 +0100: Memory Usage (459636K) : Starting ptap derivations
2026-03-02 03:34:10 +0100: Memory Usage (459764K) : Starting ntap derivations
2026-03-02 03:34:10 +0100: Memory Usage (459764K) : Starting pact FET derivations
2026-03-02 03:34:10 +0100: Memory Usage (459764K) : Starting nact FET derivations
2026-03-02 03:34:10 +0100: Memory Usage (459764K) : Starting Gate derivations
2026-03-02 03:34:10 +0100: Memory Usage (459764K) : Starting cont/contbar general derivations
2026-03-02 03:34:10 +0100: Memory Usage (459764K) : Starting pad general derivations
2026-03-02 03:34:10 +0100: Memory Usage (459764K) : Starting IHP-SG13G2 DRC connectivity related derivations.
2026-03-02 03:34:10 +0100: Memory Usage (459764K) : Starting IHP-SG13G2 DRC connectivity setup
2026-03-02 03:34:10 +0100: Memory Usage (460148K) : Starting IHP-SG13G2 DRC rules.
2026-03-02 03:34:10 +0100: Memory Usage (460148K) : Running all FEOL rules
2026-03-02 03:34:10 +0100: Memory Usage (460148K) : Running all BEOL rules
2026-03-02 03:34:10 +0100: Memory Usage (460148K) : Running all PIN rules
2026-03-02 03:34:10 +0100: Memory Usage (460148K) : Running all FORBIDDEN rules
2026-03-02 03:34:10 +0100: Memory Usage (460148K) : Starting 5.1 NWell table
2026-03-02 03:34:10 +0100: Memory Usage (460148K) : Executing rule NW.b
2026-03-02 03:34:10 +0100: Memory Usage (460532K) : Executing rule NW.b1
2026-03-02 03:34:10 +0100: Memory Usage (460660K) : Starting 5.2 PWell:block
2026-03-02 03:34:10 +0100: Memory Usage (460660K) : Executing rule PWB.e
2026-03-02 03:34:10 +0100: Memory Usage (460660K) : Executing rule PWB.e1
2026-03-02 03:34:10 +0100: Memory Usage (460660K) : Executing rule PWB.f
2026-03-02 03:34:10 +0100: Memory Usage (460660K) : Executing rule PWB.f1
2026-03-02 03:34:10 +0100: Memory Usage (460660K) : Starting 5.3 nBuLay table
2026-03-02 03:34:11 +0100: Memory Usage (460660K) : Executing rule NBL.b
2026-03-02 03:34:11 +0100: Memory Usage (460660K) : Executing rule NBL.c
2026-03-02 03:34:11 +0100: Memory Usage (460660K) : Executing rule NBL.d
2026-03-02 03:34:11 +0100: Memory Usage (460660K) : Executing rule NBL.e
2026-03-02 03:34:11 +0100: Memory Usage (460660K) : Executing rule NBL.f
2026-03-02 03:34:11 +0100: Memory Usage (460660K) : Starting 5.5. Activ table
2026-03-02 03:34:11 +0100: Memory Usage (460660K) : Executing rule Act.a
2026-03-02 03:34:11 +0100: Memory Usage (460660K) : Executing rule Act.b
2026-03-02 03:34:11 +0100: Memory Usage (460660K) : Starting 5.6 Activ:filler table
2026-03-02 03:34:11 +0100: Memory Usage (460788K) : Executing rule AFil.c1
2026-03-02 03:34:11 +0100: Memory Usage (460788K) : Executing rule AFil.c
2026-03-02 03:34:11 +0100: Memory Usage (460788K) : Executing rule AFil.d
2026-03-02 03:34:11 +0100: Memory Usage (460788K) : Executing rule AFil.e
2026-03-02 03:34:11 +0100: Memory Usage (460788K) : Executing rule AFil.j
2026-03-02 03:34:11 +0100: Memory Usage (460788K) : Starting 5.7. ThickGateOx table
2026-03-02 03:34:11 +0100: Memory Usage (460788K) : Executing rule TGO.f
2026-03-02 03:34:11 +0100: Memory Usage (460788K) : Starting 5.8. GatPoly table
2026-03-02 03:34:11 +0100: Memory Usage (460788K) : Executing rule Gat.a
2026-03-02 03:34:11 +0100: Memory Usage (460788K) : Executing rule Gat.b
2026-03-02 03:34:11 +0100: Memory Usage (460788K) : Executing rule Gat.d
2026-03-02 03:34:11 +0100: Memory Usage (460788K) : Executing rule Gat.a1
2026-03-02 03:34:11 +0100: Memory Usage (461172K) : Executing rule Gat.a2
2026-03-02 03:34:11 +0100: Memory Usage (461172K) : Executing rule Gat.g
2026-03-02 03:34:11 +0100: Memory Usage (461172K) : Starting 5.9 GatPoly:filler
2026-03-02 03:34:11 +0100: Memory Usage (461172K) : Executing rule GFil.d
2026-03-02 03:34:11 +0100: Memory Usage (461172K) : Executing rule GFil.e
2026-03-02 03:34:11 +0100: Memory Usage (461172K) : Executing rule GFil.i
2026-03-02 03:34:11 +0100: Memory Usage (461172K) : Starting 5.10 pSD table
2026-03-02 03:34:11 +0100: Memory Usage (461172K) : Executing rule pSD.c1
2026-03-02 03:34:11 +0100: Memory Usage (461172K) : Starting 5.14. Cont table
2026-03-02 03:34:11 +0100: Memory Usage (461172K) : Executing rule Cnt.a
2026-03-02 03:34:11 +0100: Memory Usage (461172K) : Executing rule Cnt.b
2026-03-02 03:34:11 +0100: Memory Usage (461172K) : Executing rule Cnt.c
2026-03-02 03:34:11 +0100: Memory Usage (461172K) : Executing rule Cnt.c
2026-03-02 03:34:11 +0100: Memory Usage (461172K) : Executing rule Cnt.d
2026-03-02 03:34:11 +0100: Memory Usage (461172K) : Executing rule Cnt.e
2026-03-02 03:34:11 +0100: Memory Usage (461172K) : Executing rule Cnt.g1
2026-03-02 03:34:11 +0100: Memory Usage (461172K) : Executing rule Cnt.g2
2026-03-02 03:34:12 +0100: Memory Usage (461172K) : Starting 5.15. ContBar table
2026-03-02 03:34:12 +0100: Memory Usage (461172K) : Executing rule CntB.b1
2026-03-02 03:34:12 +0100: Memory Usage (461172K) : Executing rule CntB.h1
2026-03-02 03:34:12 +0100: Memory Usage (461172K) : Starting 6.1.3 NPN Substrate-Tie table
2026-03-02 03:34:12 +0100: Memory Usage (461172K) : Executing rule npn13G2.bR 
2026-03-02 03:34:12 +0100: Memory Usage (461172K) : Executing rule npn13G2L.cR 
2026-03-02 03:34:12 +0100: Memory Usage (461172K) : Executing rule npn13G2V.cR 
2026-03-02 03:34:12 +0100: Memory Usage (461172K) : Starting 6.7 Schottky diode table
2026-03-02 03:34:12 +0100: Memory Usage (461172K) : Executing rule Sdiod.d
2026-03-02 03:34:12 +0100: Memory Usage (461172K) : Executing rule Sdiod.e
2026-03-02 03:34:12 +0100: Memory Usage (461172K) : Starting 7.2 Latch-up table
2026-03-02 03:34:12 +0100: Memory Usage (461172K) : Executing rule LU.b
2026-03-02 03:34:12 +0100: Memory Usage (461172K) : Starting 5.16. Metal1 table
2026-03-02 03:34:12 +0100: Memory Usage (461172K) : Executing rule M1.a
2026-03-02 03:34:12 +0100: Memory Usage (461172K) : Executing rule M1.b
2026-03-02 03:34:12 +0100: Memory Usage (461684K) : Executing rule M1.e
2026-03-02 03:34:12 +0100: Memory Usage (461684K) : Executing rule M1.f
2026-03-02 03:34:12 +0100: Memory Usage (461684K) : Executing rule M1.g
2026-03-02 03:34:12 +0100: Memory Usage (461684K) : Executing rule M1.i
2026-03-02 03:34:12 +0100: Memory Usage (461684K) : Starting 5.17 Metaln table
2026-03-02 03:34:12 +0100: Memory Usage (461684K) : Executing rule M2.a
2026-03-02 03:34:12 +0100: Memory Usage (461684K) : Executing rule M2.b
2026-03-02 03:34:12 +0100: Memory Usage (461684K) : Executing rule M2.e
2026-03-02 03:34:12 +0100: Memory Usage (461684K) : Executing rule M2.f
2026-03-02 03:34:12 +0100: Memory Usage (461684K) : Executing rule M2.g
2026-03-02 03:34:12 +0100: Memory Usage (461684K) : Executing rule M2.i
2026-03-02 03:34:12 +0100: Memory Usage (461684K) : Executing rule M3.a
2026-03-02 03:34:12 +0100: Memory Usage (461684K) : Executing rule M3.b
2026-03-02 03:34:12 +0100: Memory Usage (461684K) : Executing rule M3.e
2026-03-02 03:34:12 +0100: Memory Usage (461684K) : Executing rule M3.f
2026-03-02 03:34:12 +0100: Memory Usage (461684K) : Executing rule M3.g
2026-03-02 03:34:12 +0100: Memory Usage (461684K) : Executing rule M3.i
2026-03-02 03:34:12 +0100: Memory Usage (461684K) : Executing rule M4.a
2026-03-02 03:34:12 +0100: Memory Usage (461684K) : Executing rule M4.b
2026-03-02 03:34:12 +0100: Memory Usage (461684K) : Executing rule M4.e
2026-03-02 03:34:12 +0100: Memory Usage (461684K) : Executing rule M4.f
2026-03-02 03:34:12 +0100: Memory Usage (461684K) : Executing rule M4.g
2026-03-02 03:34:12 +0100: Memory Usage (461684K) : Executing rule M4.i
2026-03-02 03:34:12 +0100: Memory Usage (461684K) : Executing rule M5.a
2026-03-02 03:34:12 +0100: Memory Usage (461684K) : Executing rule M5.b
2026-03-02 03:34:13 +0100: Memory Usage (461684K) : Executing rule M5.e
2026-03-02 03:34:13 +0100: Memory Usage (461684K) : Executing rule M5.f
2026-03-02 03:34:13 +0100: Memory Usage (461684K) : Executing rule M5.g
2026-03-02 03:34:13 +0100: Memory Usage (461684K) : Executing rule M5.i
2026-03-02 03:34:13 +0100: Memory Usage (461684K) : Starting 5.18 Metaln:filler table
2026-03-02 03:34:13 +0100: Memory Usage (461684K) : Executing rule M1Fil.c
2026-03-02 03:34:13 +0100: Memory Usage (461684K) : Executing rule M1Fil.a2
2026-03-02 03:34:13 +0100: Memory Usage (461684K) : Executing rule M2Fil.c
2026-03-02 03:34:13 +0100: Memory Usage (461684K) : Executing rule M2Fil.a2
2026-03-02 03:34:13 +0100: Memory Usage (461684K) : Executing rule M3Fil.c
2026-03-02 03:34:13 +0100: Memory Usage (461684K) : Executing rule M3Fil.a2
2026-03-02 03:34:13 +0100: Memory Usage (461684K) : Executing rule M4Fil.c
2026-03-02 03:34:13 +0100: Memory Usage (461684K) : Executing rule M4Fil.a2
2026-03-02 03:34:13 +0100: Memory Usage (461684K) : Executing rule M5Fil.c
2026-03-02 03:34:13 +0100: Memory Usage (461684K) : Executing rule M5Fil.a2
2026-03-02 03:34:13 +0100: Memory Usage (461684K) : Starting 5.19. Via1 table
2026-03-02 03:34:13 +0100: Memory Usage (461684K) : Starting 5.19. Via1 table derivations
2026-03-02 03:34:13 +0100: Memory Usage (461684K) : Executing rule V1.a
2026-03-02 03:34:13 +0100: Memory Usage (461684K) : Executing rule V1.b
2026-03-02 03:34:13 +0100: Memory Usage (461684K) : Executing rule V1.c
2026-03-02 03:34:13 +0100: Memory Usage (461684K) : Starting 5.20. Vian table
2026-03-02 03:34:13 +0100: Memory Usage (461684K) : Executing rule V2.a
2026-03-02 03:34:13 +0100: Memory Usage (461684K) : Executing rule V2.b
2026-03-02 03:34:13 +0100: Memory Usage (461684K) : Executing rule V2.c
2026-03-02 03:34:13 +0100: Memory Usage (461684K) : Executing rule V3.a
2026-03-02 03:34:13 +0100: Memory Usage (461684K) : Executing rule V3.b
2026-03-02 03:34:13 +0100: Memory Usage (461684K) : Executing rule V3.c
2026-03-02 03:34:13 +0100: Memory Usage (461684K) : Executing rule V4.a
2026-03-02 03:34:13 +0100: Memory Usage (461684K) : Executing rule V4.b
2026-03-02 03:34:13 +0100: Memory Usage (461684K) : Executing rule V4.c
2026-03-02 03:34:13 +0100: Memory Usage (461684K) : Starting 5.21. TopVia1 table
2026-03-02 03:34:13 +0100: Memory Usage (461684K) : Executing rule TV1.a
2026-03-02 03:34:13 +0100: Memory Usage (461684K) : Executing rule TV1.b
2026-03-02 03:34:13 +0100: Memory Usage (461684K) : Executing rule TV1.c
2026-03-02 03:34:13 +0100: Memory Usage (461684K) : Executing rule TV1.d
2026-03-02 03:34:13 +0100: Memory Usage (461684K) : Starting 5.22. TopMetal1 table
2026-03-02 03:34:13 +0100: Memory Usage (461684K) : Executing rule TM1.a
2026-03-02 03:34:13 +0100: Memory Usage (461684K) : Executing rule TM1.b
2026-03-02 03:34:13 +0100: Memory Usage (461684K) : Starting 5.23 TopMetal1:filler table
2026-03-02 03:34:13 +0100: Memory Usage (461684K) : Executing rule TM1Fil.c
2026-03-02 03:34:13 +0100: Memory Usage (461684K) : Executing rule TM1Fil.a1
2026-03-02 03:34:13 +0100: Memory Usage (461684K) : Starting 5.24. TopVia2 table
2026-03-02 03:34:13 +0100: Memory Usage (461684K) : Executing rule TV2.a
2026-03-02 03:34:13 +0100: Memory Usage (461684K) : Executing rule TV2.b
2026-03-02 03:34:13 +0100: Memory Usage (461684K) : Executing rule TV2.c
2026-03-02 03:34:13 +0100: Memory Usage (461684K) : Executing rule TV2.d
2026-03-02 03:34:13 +0100: Memory Usage (461684K) : Starting 5.25. TopMetal2 table
2026-03-02 03:34:13 +0100: Memory Usage (461684K) : Executing rule TM2.a
2026-03-02 03:34:13 +0100: Memory Usage (461684K) : Executing rule TM2.b
2026-03-02 03:34:13 +0100: Memory Usage (461684K) : Executing rule TM2.bR
2026-03-02 03:34:13 +0100: Memory Usage (461684K) : Starting 5.26 TopMetal2:filler table
2026-03-02 03:34:13 +0100: Memory Usage (461684K) : Executing rule TM2Fil.c
2026-03-02 03:34:13 +0100: Memory Usage (461684K) : Executing rule TM2Fil.a1
2026-03-02 03:34:13 +0100: Memory Usage (461684K) : Starting 5.27. Passiv table
2026-03-02 03:34:13 +0100: Memory Usage (461684K) : Executing rule Pas.a
2026-03-02 03:34:13 +0100: Memory Usage (461684K) : Executing rule Pas.b
2026-03-02 03:34:13 +0100: Memory Usage (461684K) : Executing rule Pas.c
2026-03-02 03:34:13 +0100: Memory Usage (461684K) : Starting 6.9.2 Copper Pillar table
2026-03-02 03:34:13 +0100: Memory Usage (461684K) : Executing rule Padc.a
2026-03-02 03:34:13 +0100: Memory Usage (461684K) : Executing rule Padc.b
2026-03-02 03:34:13 +0100: Memory Usage (461684K) : Executing rule Padc.c
2026-03-02 03:34:13 +0100: Memory Usage (461684K) : Executing rule Padb.f
2026-03-02 03:34:13 +0100: Memory Usage (461684K) : Starting 6.9 Pad table
2026-03-02 03:34:13 +0100: Memory Usage (461684K) : Executing rule Pad.m
2026-03-02 03:34:13 +0100: Memory Usage (461684K) : Executing rule Pad.fR_M1
2026-03-02 03:34:13 +0100: Memory Usage (461684K) : Executing rule Pad.fR_M2
2026-03-02 03:34:13 +0100: Memory Usage (461684K) : Executing rule Pad.fR_M3
2026-03-02 03:34:13 +0100: Memory Usage (461684K) : Executing rule Pad.fR_M4
2026-03-02 03:34:13 +0100: Memory Usage (461684K) : Executing rule Pad.fR_M5
2026-03-02 03:34:13 +0100: Memory Usage (461684K) : Executing rule Pad.fR_TM1
2026-03-02 03:34:13 +0100: Memory Usage (461684K) : Executing rule Pad.fR_TM2
2026-03-02 03:34:13 +0100: Memory Usage (461684K) : Executing rule Pad.i
2026-03-02 03:34:13 +0100: Memory Usage (461684K) : Starting 6.9.1 Solder Bump
2026-03-02 03:34:13 +0100: Memory Usage (461684K) : Executing rule Padb.a
2026-03-02 03:34:13 +0100: Memory Usage (461812K) : Executing rule Padb.b
2026-03-02 03:34:13 +0100: Memory Usage (461812K) : Executing rule Padb.c
2026-03-02 03:34:13 +0100: Memory Usage (462196K) : Executing rule Padb.f
2026-03-02 03:34:13 +0100: Memory Usage (463092K) : Executing rule Padb.d
2026-03-02 03:34:13 +0100: Memory Usage (463220K) : Starting 6.10 Sealring table
2026-03-02 03:34:13 +0100: Memory Usage (463220K) : Executing rule Seal.l
2026-03-02 03:34:13 +0100: Memory Usage (463220K) : Executing rule Seal.n
2026-03-02 03:34:13 +0100: Memory Usage (463476K) : Executing rule seal.b_metal1
2026-03-02 03:34:13 +0100: Memory Usage (463732K) : Executing rule seal.b_metal2
2026-03-02 03:34:13 +0100: Memory Usage (463860K) : Executing rule seal.b_metal3
2026-03-02 03:34:13 +0100: Memory Usage (463988K) : Executing rule seal.b_metal4
2026-03-02 03:34:13 +0100: Memory Usage (464244K) : Executing rule seal.b_metal5
2026-03-02 03:34:13 +0100: Memory Usage (464372K) : Executing rule seal.b_topmetal1
2026-03-02 03:34:13 +0100: Memory Usage (464628K) : Executing rule seal.b_topmetal2
2026-03-02 03:34:13 +0100: Memory Usage (464756K) : Executing rule seal.b_activ
2026-03-02 03:34:13 +0100: Memory Usage (465012K) : Executing rule seal.b_psd
2026-03-02 03:34:13 +0100: Memory Usage (465140K) : Executing rule Seal.k
2026-03-02 03:34:13 +0100: Memory Usage (465396K) : Executing rule Seal.m
2026-03-02 03:34:13 +0100: Memory Usage (465524K) : Starting 6.11 MIM table
2026-03-02 03:34:13 +0100: Memory Usage (465524K) : Executing rule MIM.c
2026-03-02 03:34:13 +0100: Memory Usage (465652K) : Executing rule MIM.d
2026-03-02 03:34:13 +0100: Memory Usage (465652K) : Executing rule MIM.gR
2026-03-02 03:34:13 +0100: Memory Usage (465652K) : Starting 7.3 Metal Slits table
2026-03-02 03:34:13 +0100: Memory Usage (465652K) : Executing rule Slt.e1_M1
2026-03-02 03:34:13 +0100: Memory Usage (465652K) : Executing rule Slt.e1_M2
2026-03-02 03:34:13 +0100: Memory Usage (465652K) : Executing rule Slt.e1_M3
2026-03-02 03:34:13 +0100: Memory Usage (465652K) : Executing rule Slt.e1_M4
2026-03-02 03:34:13 +0100: Memory Usage (465652K) : Executing rule Slt.e1_M5
2026-03-02 03:34:13 +0100: Memory Usage (465652K) : Executing rule Slt.e1_TM1
2026-03-02 03:34:13 +0100: Memory Usage (465652K) : Executing rule Slt.e1_TM2
2026-03-02 03:34:13 +0100: Memory Usage (465652K) : Starting 9.1. LBE table
2026-03-02 03:34:13 +0100: Memory Usage (465652K) : Executing rule LBE.a
2026-03-02 03:34:13 +0100: Memory Usage (465652K) : Executing rule LBE.b
2026-03-02 03:34:13 +0100: Memory Usage (465652K) : Executing rule LBE.b1
2026-03-02 03:34:13 +0100: Memory Usage (465652K) : Executing rule LBE.c
2026-03-02 03:34:13 +0100: Memory Usage (465652K) : Executing rule LBE.d
2026-03-02 03:34:13 +0100: Memory Usage (465652K) : Executing rule LBE.h
2026-03-02 03:34:13 +0100: Memory Usage (465652K) : Starting 7.4. PIN table
2026-03-02 03:34:13 +0100: Memory Usage (465652K) : Executing rule Pin.a
2026-03-02 03:34:13 +0100: Memory Usage (465652K) : Executing rule Pin.b
2026-03-02 03:34:13 +0100: Memory Usage (465652K) : Executing rule Pin.e
2026-03-02 03:34:13 +0100: Memory Usage (465652K) : Executing rule Pin.f_M2
2026-03-02 03:34:13 +0100: Memory Usage (465652K) : Executing rule Pin.f_M3
2026-03-02 03:34:13 +0100: Memory Usage (465652K) : Executing rule Pin.f_M4
2026-03-02 03:34:13 +0100: Memory Usage (465652K) : Executing rule Pin.f_M5
2026-03-02 03:34:13 +0100: Memory Usage (465652K) : Executing rule Pin.g
2026-03-02 03:34:13 +0100: Memory Usage (465652K) : Executing rule Pin.h
2026-03-02 03:34:13 +0100: Memory Usage (465652K) : Starting 3.2. FORBIDDEN table
2026-03-02 03:34:13 +0100: Memory Usage (465652K) : Executing rule forbidden.biwind
2026-03-02 03:34:13 +0100: Memory Usage (465652K) : Executing rule forbidden.pemwind
2026-03-02 03:34:13 +0100: Memory Usage (465652K) : Executing rule forbidden.baspoly
2026-03-02 03:34:13 +0100: Memory Usage (465652K) : Executing rule forbidden.deepco
2026-03-02 03:34:13 +0100: Memory Usage (465652K) : Executing rule forbidden.pempoly
2026-03-02 03:34:13 +0100: Memory Usage (465652K) : Executing rule forbidden.empoly
2026-03-02 03:34:13 +0100: Memory Usage (465652K) : Executing rule forbidden.ldmos
2026-03-02 03:34:13 +0100: Memory Usage (465652K) : Executing rule forbidden.pbiwind
2026-03-02 03:34:13 +0100: Memory Usage (465652K) : Executing rule forbidden.nodrc
2026-03-02 03:34:13 +0100: Memory Usage (465652K) : Executing rule forbidden.flash
2026-03-02 03:34:13 +0100: Memory Usage (465652K) : Executing rule forbidden.colwind
2026-03-02 03:34:13 +0100: Memory Usage (465652K) : KLayout DRC run for tables 'main' completed in 3.98 seconds
