# Logfile created on 2026-03-02 04:01:24 +0100 by logger.rb/v1.5.3
2026-03-02 04:01:24 +0100: Memory Usage (437024K) : Starting running IHP-SG13G2 KLayout DRC runset on /foss/designs/HPAmplifier/OTA_Telescopic/Layout_and_Related_files/OTA_Telescopic_core.gds
2026-03-02 04:01:24 +0100: Memory Usage (437024K) : Ruby Version for klayout: 3.2.3
2026-03-02 04:01:24 +0100: Memory Usage (438176K) : Loading database to memory is complete.
2026-03-02 04:01:24 +0100: Memory Usage (438176K) : IHP-SG13G2 KLayout DRC runset output at: /foss/designs/HPAmplifier/OTA_Telescopic/Layout_and_Related_files/drc_run_OTA_Telescopic_core/OTA_Telescopic_core_OTA_Telescopic_core_main.lyrdb
2026-03-02 04:01:24 +0100: Memory Usage (438176K) : Evaluate switches.
2026-03-02 04:01:24 +0100: Memory Usage (438176K) : tables selected: main
2026-03-02 04:01:24 +0100: Memory Usage (438176K) : KLayout will use 1 thread(s) in tiled mode.
2026-03-02 04:01:24 +0100: Memory Usage (438176K) : deep mode is enabled.
2026-03-02 04:01:24 +0100: Memory Usage (438176K) : FEOL enabled: true
2026-03-02 04:01:24 +0100: Memory Usage (438176K) : BEOL enabled: true
2026-03-02 04:01:24 +0100: Memory Usage (438176K) : OFFGRID enabled: true
2026-03-02 04:01:24 +0100: Memory Usage (438176K) : PIN enabled: true
2026-03-02 04:01:24 +0100: Memory Usage (438176K) : FORBIDDEN enabled: true
2026-03-02 04:01:24 +0100: Memory Usage (438176K) : RECOMMENDED enabled: true
2026-03-02 04:01:24 +0100: Memory Usage (438176K) : PreCheck DRC enabled: false
2026-03-02 04:01:24 +0100: Memory Usage (438176K) : CONNECTIVITY_RULES enabled: true.
2026-03-02 04:01:24 +0100: Memory Usage (438176K) : Read in polygons from layers.
2026-03-02 04:01:24 +0100: Memory Usage (439200K) : activ_drw has 3122 polygons
2026-03-02 04:01:24 +0100: Memory Usage (439200K) : activ_pin has 0 polygons
2026-03-02 04:01:24 +0100: Memory Usage (439200K) : activ_mask has 0 polygons
2026-03-02 04:01:24 +0100: Memory Usage (439200K) : activ_filler has 0 polygons
2026-03-02 04:01:25 +0100: Memory Usage (439200K) : activ_nofill has 0 polygons
2026-03-02 04:01:25 +0100: Memory Usage (439200K) : activ_opc has 0 polygons
2026-03-02 04:01:25 +0100: Memory Usage (439200K) : activ_iopc has 0 polygons
2026-03-02 04:01:25 +0100: Memory Usage (439200K) : activ_noqrc has 0 polygons
2026-03-02 04:01:25 +0100: Memory Usage (439200K) : biwind_drw has 0 polygons
2026-03-02 04:01:25 +0100: Memory Usage (439200K) : biwind_opc has 0 polygons
2026-03-02 04:01:25 +0100: Memory Usage (439200K) : pemwind_drw has 0 polygons
2026-03-02 04:01:25 +0100: Memory Usage (439200K) : gatpoly_drw has 1699 polygons
2026-03-02 04:01:25 +0100: Memory Usage (439200K) : gatpoly_pin has 240 polygons
2026-03-02 04:01:25 +0100: Memory Usage (439200K) : gatpoly_filler has 0 polygons
2026-03-02 04:01:25 +0100: Memory Usage (439200K) : gatpoly_nofill has 0 polygons
2026-03-02 04:01:25 +0100: Memory Usage (439200K) : gatpoly_opc has 0 polygons
2026-03-02 04:01:25 +0100: Memory Usage (439200K) : gatpoly_iopc has 0 polygons
2026-03-02 04:01:25 +0100: Memory Usage (439328K) : gatpoly_noqrc has 0 polygons
2026-03-02 04:01:25 +0100: Memory Usage (439456K) : cont_drw has 13252 polygons
2026-03-02 04:01:25 +0100: Memory Usage (439584K) : cont_opc has 0 polygons
2026-03-02 04:01:25 +0100: Memory Usage (439584K) : nsd_drw has 0 polygons
2026-03-02 04:01:25 +0100: Memory Usage (439584K) : nsd_block has 0 polygons
2026-03-02 04:01:25 +0100: Memory Usage (439584K) : metal1_drw has 5169 polygons
2026-03-02 04:01:25 +0100: Memory Usage (439712K) : metal1_pin has 942 polygons
2026-03-02 04:01:25 +0100: Memory Usage (439840K) : metal1_mask has 0 polygons
2026-03-02 04:01:25 +0100: Memory Usage (439840K) : metal1_filler has 0 polygons
2026-03-02 04:01:25 +0100: Memory Usage (439968K) : metal1_nofill has 0 polygons
2026-03-02 04:01:25 +0100: Memory Usage (439968K) : metal1_slit has 0 polygons
2026-03-02 04:01:25 +0100: Memory Usage (440224K) : metal1_text has 0 polygons
2026-03-02 04:01:25 +0100: Memory Usage (440352K) : metal1_opc has 0 polygons
2026-03-02 04:01:25 +0100: Memory Usage (440352K) : metal1_noqrc has 0 polygons
2026-03-02 04:01:25 +0100: Memory Usage (440480K) : metal1_res has 0 polygons
2026-03-02 04:01:25 +0100: Memory Usage (440480K) : metal1_iprobe has 0 polygons
2026-03-02 04:01:25 +0100: Memory Usage (440480K) : metal1_diffprb has 0 polygons
2026-03-02 04:01:25 +0100: Memory Usage (440608K) : passiv_drw has 0 polygons
2026-03-02 04:01:25 +0100: Memory Usage (440608K) : passiv_pin has 0 polygons
2026-03-02 04:01:25 +0100: Memory Usage (440736K) : passiv_sbump has 0 polygons
2026-03-02 04:01:25 +0100: Memory Usage (440736K) : passiv_pillar has 0 polygons
2026-03-02 04:01:25 +0100: Memory Usage (440864K) : passiv_pdl has 0 polygons
2026-03-02 04:01:25 +0100: Memory Usage (440864K) : metal2_drw has 1001 polygons
2026-03-02 04:01:25 +0100: Memory Usage (440992K) : metal2_pin has 3 polygons
2026-03-02 04:01:25 +0100: Memory Usage (440992K) : metal2_mask has 0 polygons
2026-03-02 04:01:25 +0100: Memory Usage (441120K) : metal2_filler has 0 polygons
2026-03-02 04:01:25 +0100: Memory Usage (441120K) : metal2_nofill has 0 polygons
2026-03-02 04:01:25 +0100: Memory Usage (441248K) : metal2_slit has 0 polygons
2026-03-02 04:01:25 +0100: Memory Usage (441376K) : metal2_text has 3 polygons
2026-03-02 04:01:25 +0100: Memory Usage (441376K) : metal2_opc has 0 polygons
2026-03-02 04:01:25 +0100: Memory Usage (441504K) : metal2_noqrc has 0 polygons
2026-03-02 04:01:25 +0100: Memory Usage (441632K) : metal2_res has 0 polygons
2026-03-02 04:01:25 +0100: Memory Usage (441632K) : metal2_iprobe has 0 polygons
2026-03-02 04:01:25 +0100: Memory Usage (441760K) : metal2_diffprb has 0 polygons
2026-03-02 04:01:25 +0100: Memory Usage (441760K) : baspoly_drw has 0 polygons
2026-03-02 04:01:25 +0100: Memory Usage (441760K) : baspoly_pin has 0 polygons
2026-03-02 04:01:25 +0100: Memory Usage (441888K) : psd_drw has 850 polygons
2026-03-02 04:01:25 +0100: Memory Usage (441888K) : nldb_drw has 0 polygons
2026-03-02 04:01:25 +0100: Memory Usage (442016K) : digibnd_drw has 0 polygons
2026-03-02 04:01:25 +0100: Memory Usage (442016K) : via1_drw has 5079 polygons
2026-03-02 04:01:25 +0100: Memory Usage (442144K) : backmetal1_drw has 0 polygons
2026-03-02 04:01:25 +0100: Memory Usage (442144K) : backmetal1_pin has 0 polygons
2026-03-02 04:01:25 +0100: Memory Usage (442272K) : backmetal1_mask has 0 polygons
2026-03-02 04:01:25 +0100: Memory Usage (442272K) : backmetal1_filler has 0 polygons
2026-03-02 04:01:25 +0100: Memory Usage (442400K) : backmetal1_nofill has 0 polygons
2026-03-02 04:01:25 +0100: Memory Usage (442400K) : backmetal1_slit has 0 polygons
2026-03-02 04:01:25 +0100: Memory Usage (442400K) : backmetal1_text has 0 polygons
2026-03-02 04:01:25 +0100: Memory Usage (442528K) : backmetal1_opc has 0 polygons
2026-03-02 04:01:25 +0100: Memory Usage (442528K) : backmetal1_noqrc has 0 polygons
2026-03-02 04:01:25 +0100: Memory Usage (442656K) : backmetal1_res has 0 polygons
2026-03-02 04:01:25 +0100: Memory Usage (442656K) : backmetal1_iprobe has 0 polygons
2026-03-02 04:01:25 +0100: Memory Usage (442784K) : backmetal1_diffprb has 0 polygons
2026-03-02 04:01:25 +0100: Memory Usage (442784K) : backpassiv_drw has 0 polygons
2026-03-02 04:01:25 +0100: Memory Usage (442784K) : res_drw has 0 polygons
2026-03-02 04:01:25 +0100: Memory Usage (442912K) : sram_drw has 0 polygons
2026-03-02 04:01:25 +0100: Memory Usage (443040K) : trans_drw has 0 polygons
2026-03-02 04:01:25 +0100: Memory Usage (443040K) : ind_drw has 0 polygons
2026-03-02 04:01:25 +0100: Memory Usage (443168K) : ind_pin has 0 polygons
2026-03-02 04:01:25 +0100: Memory Usage (443168K) : ind_text has 0 polygons
2026-03-02 04:01:25 +0100: Memory Usage (443296K) : salblock_drw has 2 polygons
2026-03-02 04:01:25 +0100: Memory Usage (443296K) : via2_drw has 1877 polygons
2026-03-02 04:01:25 +0100: Memory Usage (443424K) : metal3_drw has 116 polygons
2026-03-02 04:01:25 +0100: Memory Usage (443424K) : metal3_pin has 2 polygons
2026-03-02 04:01:25 +0100: Memory Usage (443552K) : metal3_mask has 0 polygons
2026-03-02 04:01:25 +0100: Memory Usage (443552K) : metal3_filler has 0 polygons
2026-03-02 04:01:25 +0100: Memory Usage (443680K) : metal3_nofill has 0 polygons
2026-03-02 04:01:25 +0100: Memory Usage (443808K) : metal3_slit has 0 polygons
2026-03-02 04:01:25 +0100: Memory Usage (443808K) : metal3_text has 2 polygons
2026-03-02 04:01:25 +0100: Memory Usage (443808K) : metal3_opc has 0 polygons
2026-03-02 04:01:25 +0100: Memory Usage (443936K) : metal3_noqrc has 0 polygons
2026-03-02 04:01:25 +0100: Memory Usage (443936K) : metal3_res has 0 polygons
2026-03-02 04:01:25 +0100: Memory Usage (444064K) : metal3_iprobe has 0 polygons
2026-03-02 04:01:25 +0100: Memory Usage (444064K) : metal3_diffprb has 0 polygons
2026-03-02 04:01:25 +0100: Memory Usage (444192K) : nwell_drw has 896 polygons
2026-03-02 04:01:25 +0100: Memory Usage (444192K) : nwell_pin has 0 polygons
2026-03-02 04:01:25 +0100: Memory Usage (444192K) : nbulay_drw has 0 polygons
2026-03-02 04:01:25 +0100: Memory Usage (444320K) : nbulay_pin has 0 polygons
2026-03-02 04:01:25 +0100: Memory Usage (444320K) : nbulay_block has 0 polygons
2026-03-02 04:01:25 +0100: Memory Usage (444448K) : emwind_drw has 0 polygons
2026-03-02 04:01:25 +0100: Memory Usage (444576K) : emwind_opc has 0 polygons
2026-03-02 04:01:25 +0100: Memory Usage (444576K) : deepco_drw has 0 polygons
2026-03-02 04:01:25 +0100: Memory Usage (444704K) : deepco_drw has 0 polygons
2026-03-02 04:01:25 +0100: Memory Usage (444832K) : mim_drw has 2 polygons
2026-03-02 04:01:25 +0100: Memory Usage (444832K) : edgeseal_drw has 0 polygons
2026-03-02 04:01:25 +0100: Memory Usage (444832K) : edgeseal_bound has 0 polygons
2026-03-02 04:01:25 +0100: Memory Usage (444960K) : substrate_drw has 630 polygons
2026-03-02 04:01:25 +0100: Memory Usage (444960K) : substrate_text has 0 polygons
2026-03-02 04:01:25 +0100: Memory Usage (445088K) : dfpad_drw has 0 polygons
2026-03-02 04:01:25 +0100: Memory Usage (445088K) : dfpad_pillar has 0 polygons
2026-03-02 04:01:25 +0100: Memory Usage (445088K) : dfpad_sbump has 0 polygons
2026-03-02 04:01:25 +0100: Memory Usage (445216K) : thickgateox_drw has 0 polygons
2026-03-02 04:01:25 +0100: Memory Usage (445216K) : pldb_drw has 0 polygons
2026-03-02 04:01:25 +0100: Memory Usage (445344K) : pwell_drw has 0 polygons
2026-03-02 04:01:25 +0100: Memory Usage (445344K) : pwell_pin has 0 polygons
2026-03-02 04:01:25 +0100: Memory Usage (445472K) : pwell_block has 0 polygons
2026-03-02 04:01:25 +0100: Memory Usage (445472K) : ic_drw has 0 polygons
2026-03-02 04:01:25 +0100: Memory Usage (445472K) : via3_drw has 1685 polygons
2026-03-02 04:01:25 +0100: Memory Usage (445600K) : metal4_drw has 70 polygons
2026-03-02 04:01:25 +0100: Memory Usage (445728K) : metal4_pin has 1 polygons
2026-03-02 04:01:25 +0100: Memory Usage (445728K) : metal4_mask has 0 polygons
2026-03-02 04:01:25 +0100: Memory Usage (445856K) : metal4_filler has 0 polygons
2026-03-02 04:01:25 +0100: Memory Usage (445856K) : metal4_nofill has 0 polygons
2026-03-02 04:01:25 +0100: Memory Usage (445984K) : metal4_slit has 0 polygons
2026-03-02 04:01:25 +0100: Memory Usage (445984K) : metal4_text has 1 polygons
2026-03-02 04:01:25 +0100: Memory Usage (445984K) : metal4_opc has 0 polygons
2026-03-02 04:01:25 +0100: Memory Usage (446112K) : metal4_noqrc has 0 polygons
2026-03-02 04:01:25 +0100: Memory Usage (446112K) : metal4_res has 0 polygons
2026-03-02 04:01:25 +0100: Memory Usage (446240K) : metal4_iprobe has 0 polygons
2026-03-02 04:01:25 +0100: Memory Usage (446368K) : metal4_diffprb has 0 polygons
2026-03-02 04:01:25 +0100: Memory Usage (446368K) : heattrans_drw has 918 polygons
2026-03-02 04:01:25 +0100: Memory Usage (446496K) : heatres_drw has 2 polygons
2026-03-02 04:01:25 +0100: Memory Usage (446496K) : pempoly_drw has 0 polygons
2026-03-02 04:01:25 +0100: Memory Usage (446624K) : fbe_drw has 0 polygons
2026-03-02 04:01:25 +0100: Memory Usage (446624K) : empoly_drw has 0 polygons
2026-03-02 04:01:25 +0100: Memory Usage (446752K) : ldmos_drw has 0 polygons
2026-03-02 04:01:25 +0100: Memory Usage (446752K) : pbiwind_drw has 0 polygons
2026-03-02 04:01:25 +0100: Memory Usage (446880K) : digisub_drw has 0 polygons
2026-03-02 04:01:25 +0100: Memory Usage (446880K) : nodrc_drw has 0 polygons
2026-03-02 04:01:25 +0100: Memory Usage (447008K) : text_drw has 872 polygons
2026-03-02 04:01:25 +0100: Memory Usage (447008K) : via4_drw has 1638 polygons
2026-03-02 04:01:25 +0100: Memory Usage (447008K) : metal5_drw has 52 polygons
2026-03-02 04:01:25 +0100: Memory Usage (447136K) : metal5_pin has 0 polygons
2026-03-02 04:01:25 +0100: Memory Usage (447136K) : metal5_mask has 0 polygons
2026-03-02 04:01:25 +0100: Memory Usage (447264K) : metal5_filler has 0 polygons
2026-03-02 04:01:25 +0100: Memory Usage (447264K) : metal5_nofill has 0 polygons
2026-03-02 04:01:25 +0100: Memory Usage (447392K) : metal5_slit has 0 polygons
2026-03-02 04:01:25 +0100: Memory Usage (447392K) : metal5_text has 0 polygons
2026-03-02 04:01:25 +0100: Memory Usage (447392K) : metal5_opc has 0 polygons
2026-03-02 04:01:25 +0100: Memory Usage (447520K) : metal5_noqrc has 0 polygons
2026-03-02 04:01:25 +0100: Memory Usage (447520K) : metal5_res has 0 polygons
2026-03-02 04:01:25 +0100: Memory Usage (447648K) : metal5_iprobe has 0 polygons
2026-03-02 04:01:25 +0100: Memory Usage (447648K) : metal5_diffprb has 0 polygons
2026-03-02 04:01:25 +0100: Memory Usage (447776K) : radhard_drw has 0 polygons
2026-03-02 04:01:25 +0100: Memory Usage (447904K) : memcap_drw has 0 polygons
2026-03-02 04:01:25 +0100: Memory Usage (447904K) : varicap_drw has 0 polygons
2026-03-02 04:01:25 +0100: Memory Usage (448032K) : flash_drw has 0 polygons
2026-03-02 04:01:25 +0100: Memory Usage (448032K) : intbondvia_drw has 0 polygons
2026-03-02 04:01:25 +0100: Memory Usage (448160K) : intbondmet_drw has 0 polygons
2026-03-02 04:01:25 +0100: Memory Usage (448160K) : devbondvia_drw has 0 polygons
2026-03-02 04:01:25 +0100: Memory Usage (448288K) : devbondmet_drw has 0 polygons
2026-03-02 04:01:25 +0100: Memory Usage (448288K) : devtrench_drw has 0 polygons
2026-03-02 04:01:25 +0100: Memory Usage (448288K) : redist_drw has 0 polygons
2026-03-02 04:01:25 +0100: Memory Usage (448416K) : graphbot_drw has 0 polygons
2026-03-02 04:01:25 +0100: Memory Usage (448416K) : graphtop_drw has 0 polygons
2026-03-02 04:01:25 +0100: Memory Usage (448544K) : antvia1_drw has 0 polygons
2026-03-02 04:01:25 +0100: Memory Usage (448544K) : antmetal2_drw has 0 polygons
2026-03-02 04:01:25 +0100: Memory Usage (448672K) : graphcont_drw has 0 polygons
2026-03-02 04:01:25 +0100: Memory Usage (448672K) : siwg_drw has 0 polygons
2026-03-02 04:01:25 +0100: Memory Usage (448672K) : siwg_filler has 0 polygons
2026-03-02 04:01:25 +0100: Memory Usage (448800K) : siwg_nofill has 0 polygons
2026-03-02 04:01:25 +0100: Memory Usage (448928K) : sigrating_drw has 0 polygons
2026-03-02 04:01:25 +0100: Memory Usage (448928K) : singrating_drw has 0 polygons
2026-03-02 04:01:25 +0100: Memory Usage (449056K) : graphpas_drw has 0 polygons
2026-03-02 04:01:25 +0100: Memory Usage (449056K) : emwind3_drw has 0 polygons
2026-03-02 04:01:25 +0100: Memory Usage (449056K) : emwihv3_drw has 0 polygons
2026-03-02 04:01:25 +0100: Memory Usage (449184K) : redbulay_drw has 0 polygons
2026-03-02 04:01:25 +0100: Memory Usage (449184K) : smos_drw has 0 polygons
2026-03-02 04:01:25 +0100: Memory Usage (449312K) : graphpad_drw has 0 polygons
2026-03-02 04:01:25 +0100: Memory Usage (449312K) : polimide_drw has 0 polygons
2026-03-02 04:01:25 +0100: Memory Usage (449440K) : polimide_pin has 0 polygons
2026-03-02 04:01:25 +0100: Memory Usage (449568K) : recog_drw has 0 polygons
2026-03-02 04:01:25 +0100: Memory Usage (449568K) : recog_pin has 0 polygons
2026-03-02 04:01:25 +0100: Memory Usage (449568K) : recog_esd has 0 polygons
2026-03-02 04:01:25 +0100: Memory Usage (449568K) : recog_diode has 0 polygons
2026-03-02 04:01:25 +0100: Memory Usage (449696K) : recog_tsv has 0 polygons
2026-03-02 04:01:25 +0100: Memory Usage (449696K) : recog_iprobe has 0 polygons
2026-03-02 04:01:25 +0100: Memory Usage (449696K) : recog_diffprb has 0 polygons
2026-03-02 04:01:25 +0100: Memory Usage (449824K) : recog_pillar has 0 polygons
2026-03-02 04:01:25 +0100: Memory Usage (449824K) : recog_sbump has 0 polygons
2026-03-02 04:01:25 +0100: Memory Usage (449824K) : recog_otp has 0 polygons
2026-03-02 04:01:25 +0100: Memory Usage (449824K) : recog_pdiode has 0 polygons
2026-03-02 04:01:25 +0100: Memory Usage (449952K) : recog_mom has 0 polygons
2026-03-02 04:01:25 +0100: Memory Usage (449952K) : recog_pcm has 0 polygons
2026-03-02 04:01:25 +0100: Memory Usage (449952K) : colopen_drw has 0 polygons
2026-03-02 04:01:25 +0100: Memory Usage (450080K) : graphmetal1_drw has 0 polygons
2026-03-02 04:01:25 +0100: Memory Usage (450080K) : graphmetal1_filler has 0 polygons
2026-03-02 04:01:25 +0100: Memory Usage (450080K) : graphmetal1_nofill has 0 polygons
2026-03-02 04:01:25 +0100: Memory Usage (450080K) : graphmetal1_slit has 0 polygons
2026-03-02 04:01:25 +0100: Memory Usage (450208K) : graphmetal1_opc has 0 polygons
2026-03-02 04:01:25 +0100: Memory Usage (450208K) : graphmet1l_drw has 0 polygons
2026-03-02 04:01:25 +0100: Memory Usage (450336K) : graphmet1l_filler has 0 polygons
2026-03-02 04:01:25 +0100: Memory Usage (450336K) : graphmet1l_nofill has 0 polygons
2026-03-02 04:01:25 +0100: Memory Usage (450336K) : graphmet1l_slit has 0 polygons
2026-03-02 04:01:25 +0100: Memory Usage (450464K) : graphmet1l_opc has 0 polygons
2026-03-02 04:01:25 +0100: Memory Usage (450464K) : extblock_drw has 6 polygons
2026-03-02 04:01:25 +0100: Memory Usage (450592K) : nldd_drw has 0 polygons
2026-03-02 04:01:25 +0100: Memory Usage (450592K) : pldd_drw has 0 polygons
2026-03-02 04:01:25 +0100: Memory Usage (450720K) : next_drw has 0 polygons
2026-03-02 04:01:25 +0100: Memory Usage (450720K) : pext_drw has 0 polygons
2026-03-02 04:01:25 +0100: Memory Usage (450848K) : nexthv_drw has 0 polygons
2026-03-02 04:01:25 +0100: Memory Usage (450848K) : pexthv_drw has 0 polygons
2026-03-02 04:01:25 +0100: Memory Usage (450848K) : graphgate_drw has 0 polygons
2026-03-02 04:01:25 +0100: Memory Usage (450976K) : sinwg_drw has 0 polygons
2026-03-02 04:01:25 +0100: Memory Usage (450976K) : sinwg_filler has 0 polygons
2026-03-02 04:01:25 +0100: Memory Usage (451104K) : sinwg_nofill has 0 polygons
2026-03-02 04:01:25 +0100: Memory Usage (451104K) : mempad_drw has 0 polygons
2026-03-02 04:01:25 +0100: Memory Usage (451104K) : topvia1_drw has 42 polygons
2026-03-02 04:01:25 +0100: Memory Usage (451104K) : topmetal1_drw has 50 polygons
2026-03-02 04:01:25 +0100: Memory Usage (451104K) : topmetal1_pin has 2 polygons
2026-03-02 04:01:25 +0100: Memory Usage (451232K) : topmetal1_mask has 0 polygons
2026-03-02 04:01:25 +0100: Memory Usage (451232K) : topmetal1_filler has 0 polygons
2026-03-02 04:01:25 +0100: Memory Usage (451232K) : topmetal1_nofill has 0 polygons
2026-03-02 04:01:25 +0100: Memory Usage (451360K) : topmetal1_slit has 0 polygons
2026-03-02 04:01:25 +0100: Memory Usage (451360K) : topmetal1_text has 2 polygons
2026-03-02 04:01:25 +0100: Memory Usage (451488K) : topmetal1_noqrc has 0 polygons
2026-03-02 04:01:25 +0100: Memory Usage (451488K) : topmetal1_res has 0 polygons
2026-03-02 04:01:25 +0100: Memory Usage (451488K) : topmetal1_iprobe has 0 polygons
2026-03-02 04:01:25 +0100: Memory Usage (451616K) : topmetal1_diffprb has 0 polygons
2026-03-02 04:01:25 +0100: Memory Usage (451616K) : inldpwl_drw has 0 polygons
2026-03-02 04:01:25 +0100: Memory Usage (451744K) : polyres_drw has 2 polygons
2026-03-02 04:01:25 +0100: Memory Usage (451744K) : polyres_pin has 0 polygons
2026-03-02 04:01:25 +0100: Memory Usage (451744K) : vmim_drw has 578 polygons
2026-03-02 04:01:25 +0100: Memory Usage (451872K) : nbulaycut_drw has 0 polygons
2026-03-02 04:01:25 +0100: Memory Usage (451872K) : antmetal1_drw has 0 polygons
2026-03-02 04:01:25 +0100: Memory Usage (452000K) : topvia2_drw has 0 polygons
2026-03-02 04:01:25 +0100: Memory Usage (452000K) : topmetal2_drw has 0 polygons
2026-03-02 04:01:25 +0100: Memory Usage (452128K) : topmetal2_pin has 0 polygons
2026-03-02 04:01:25 +0100: Memory Usage (452128K) : topmetal2_mask has 0 polygons
2026-03-02 04:01:25 +0100: Memory Usage (452128K) : topmetal2_filler has 0 polygons
2026-03-02 04:01:25 +0100: Memory Usage (452256K) : topmetal2_nofill has 0 polygons
2026-03-02 04:01:25 +0100: Memory Usage (452256K) : topmetal2_slit has 0 polygons
2026-03-02 04:01:25 +0100: Memory Usage (452384K) : topmetal2_text has 0 polygons
2026-03-02 04:01:25 +0100: Memory Usage (452384K) : topmetal2_noqrc has 0 polygons
2026-03-02 04:01:25 +0100: Memory Usage (452512K) : topmetal2_res has 0 polygons
2026-03-02 04:01:25 +0100: Memory Usage (452512K) : topmetal2_iprobe has 0 polygons
2026-03-02 04:01:25 +0100: Memory Usage (452512K) : topmetal2_diffprb has 0 polygons
2026-03-02 04:01:25 +0100: Memory Usage (452640K) : snsring_drw has 0 polygons
2026-03-02 04:01:25 +0100: Memory Usage (452640K) : sensor_drw has 0 polygons
2026-03-02 04:01:25 +0100: Memory Usage (452768K) : snsarms_drw has 0 polygons
2026-03-02 04:01:25 +0100: Memory Usage (452768K) : snscmosvia_drw has 0 polygons
2026-03-02 04:01:25 +0100: Memory Usage (452896K) : colwind_drw has 0 polygons
2026-03-02 04:01:25 +0100: Memory Usage (452896K) : flm_drw has 0 polygons
2026-03-02 04:01:25 +0100: Memory Usage (452896K) : hafniumox_drw has 0 polygons
2026-03-02 04:01:25 +0100: Memory Usage (453024K) : memvia_drw has 0 polygons
2026-03-02 04:01:25 +0100: Memory Usage (453024K) : thinfilmres_drw has 0 polygons
2026-03-02 04:01:25 +0100: Memory Usage (453152K) : rfmem_drw has 0 polygons
2026-03-02 04:01:25 +0100: Memory Usage (453152K) : norcx_drw has 0 polygons
2026-03-02 04:01:25 +0100: Memory Usage (453152K) : norcx_m2m3 has 0 polygons
2026-03-02 04:01:25 +0100: Memory Usage (453152K) : norcx_m2m4 has 0 polygons
2026-03-02 04:01:25 +0100: Memory Usage (453280K) : norcx_m2m5 has 0 polygons
2026-03-02 04:01:25 +0100: Memory Usage (453280K) : norcx_m2tm1 has 0 polygons
2026-03-02 04:01:25 +0100: Memory Usage (453280K) : norcx_m2tm2 has 0 polygons
2026-03-02 04:01:25 +0100: Memory Usage (453408K) : norcx_m3m4 has 0 polygons
2026-03-02 04:01:25 +0100: Memory Usage (453408K) : norcx_m3m5 has 0 polygons
2026-03-02 04:01:25 +0100: Memory Usage (453408K) : norcx_m3tm1 has 0 polygons
2026-03-02 04:01:25 +0100: Memory Usage (453408K) : norcx_m3tm2 has 0 polygons
2026-03-02 04:01:25 +0100: Memory Usage (453536K) : norcx_m4m5 has 0 polygons
2026-03-02 04:01:25 +0100: Memory Usage (453536K) : norcx_m4tm1 has 0 polygons
2026-03-02 04:01:25 +0100: Memory Usage (453536K) : norcx_m4tm2 has 0 polygons
2026-03-02 04:01:25 +0100: Memory Usage (453664K) : norcx_m5tm1 has 0 polygons
2026-03-02 04:01:25 +0100: Memory Usage (453664K) : norcx_m5tm2 has 0 polygons
2026-03-02 04:01:25 +0100: Memory Usage (453664K) : norcx_tm1tm2 has 0 polygons
2026-03-02 04:01:25 +0100: Memory Usage (453792K) : norcx_m1sub has 0 polygons
2026-03-02 04:01:25 +0100: Memory Usage (453792K) : norcx_m2sub has 0 polygons
2026-03-02 04:01:25 +0100: Memory Usage (453792K) : norcx_m3sub has 0 polygons
2026-03-02 04:01:25 +0100: Memory Usage (453792K) : norcx_m4sub has 0 polygons
2026-03-02 04:01:25 +0100: Memory Usage (453920K) : norcx_m5sub has 0 polygons
2026-03-02 04:01:25 +0100: Memory Usage (453920K) : norcx_tm1sub has 0 polygons
2026-03-02 04:01:25 +0100: Memory Usage (453920K) : norcx_tm2sub has 0 polygons
2026-03-02 04:01:25 +0100: Memory Usage (454048K) : snsbotvia_drw has 0 polygons
2026-03-02 04:01:25 +0100: Memory Usage (454048K) : snstopvia_drw has 0 polygons
2026-03-02 04:01:25 +0100: Memory Usage (454048K) : deepvia_drw has 0 polygons
2026-03-02 04:01:25 +0100: Memory Usage (454048K) : fgetch_drw has 0 polygons
2026-03-02 04:01:25 +0100: Memory Usage (454176K) : ctrgat_drw has 0 polygons
2026-03-02 04:01:25 +0100: Memory Usage (454176K) : fgimp_drw has 0 polygons
2026-03-02 04:01:25 +0100: Memory Usage (454176K) : emwihv_drw has 0 polygons
2026-03-02 04:01:25 +0100: Memory Usage (454304K) : lbe_drw has 0 polygons
2026-03-02 04:01:25 +0100: Memory Usage (454304K) : alcustop_drw has 0 polygons
2026-03-02 04:01:25 +0100: Memory Usage (454304K) : nometfiller_drw has 0 polygons
2026-03-02 04:01:25 +0100: Memory Usage (454432K) : prboundary_drw has 0 polygons
2026-03-02 04:01:25 +0100: Memory Usage (454432K) : exchange0_drw has 0 polygons
2026-03-02 04:01:25 +0100: Memory Usage (454560K) : exchange0_pin has 0 polygons
2026-03-02 04:01:25 +0100: Memory Usage (454560K) : exchange0_text has 0 polygons
2026-03-02 04:01:25 +0100: Memory Usage (454560K) : exchange1_drw has 0 polygons
2026-03-02 04:01:25 +0100: Memory Usage (454688K) : exchange1_pin has 0 polygons
2026-03-02 04:01:25 +0100: Memory Usage (454688K) : exchange1_text has 0 polygons
2026-03-02 04:01:25 +0100: Memory Usage (454816K) : exchange2_drw has 0 polygons
2026-03-02 04:01:25 +0100: Memory Usage (454816K) : exchange2_pin has 0 polygons
2026-03-02 04:01:25 +0100: Memory Usage (454944K) : exchange2_text has 0 polygons
2026-03-02 04:01:25 +0100: Memory Usage (454944K) : exchange3_drw has 0 polygons
2026-03-02 04:01:25 +0100: Memory Usage (454944K) : exchange3_pin has 0 polygons
2026-03-02 04:01:25 +0100: Memory Usage (454944K) : exchange3_text has 0 polygons
2026-03-02 04:01:25 +0100: Memory Usage (454944K) : exchange4_drw has 0 polygons
2026-03-02 04:01:25 +0100: Memory Usage (454944K) : exchange4_pin has 0 polygons
2026-03-02 04:01:25 +0100: Memory Usage (454944K) : exchange4_text has 0 polygons
2026-03-02 04:01:25 +0100: Memory Usage (454944K) : isonwell_drw has 0 polygons
2026-03-02 04:01:25 +0100: Memory Usage (454944K) : Total no. of polygons in the design is 40808
2026-03-02 04:01:25 +0100: Memory Usage (454944K) : Loaded TECH DRC rules values from /foss/pdks/ihp-sg13g2/libs.tech/klayout/python/sg13g2_pycell_lib/sg13g2_tech_mod.json
2026-03-02 04:01:25 +0100: Memory Usage (454944K) : Loaded default DRC rules values from /foss/pdks/ihp-sg13g2/libs.tech/klayout/tech/drc/rule_decks/sg13g2_tech_default.json
2026-03-02 04:01:25 +0100: Memory Usage (454944K) : The following rules values were missing in tech json and default values were used:
2026-03-02 04:01:25 +0100: Memory Usage (454944K) :   - Cnt_c_digibnd
2026-03-02 04:01:25 +0100: Memory Usage (456480K) : Total area of the design is 7428.8279999999995 um^2.
2026-03-02 04:01:25 +0100: Memory Usage (456480K) : The design dimensions are 110.22 µm * 67.4 µm.
2026-03-02 04:01:25 +0100: Memory Usage (456480K) : Starting general IHP-SG13G2 derivations.
2026-03-02 04:01:25 +0100: Memory Usage (456480K) : Starting Pwell derivations
2026-03-02 04:01:25 +0100: Memory Usage (460064K) : Starting n-Activ derivations
2026-03-02 04:01:25 +0100: Memory Usage (460576K) : Starting p-Activ derivations
2026-03-02 04:01:25 +0100: Memory Usage (460576K) : Starting ptap derivations
2026-03-02 04:01:25 +0100: Memory Usage (460704K) : Starting ntap derivations
2026-03-02 04:01:25 +0100: Memory Usage (460704K) : Starting pact FET derivations
2026-03-02 04:01:25 +0100: Memory Usage (460832K) : Starting nact FET derivations
2026-03-02 04:01:25 +0100: Memory Usage (460832K) : Starting Gate derivations
2026-03-02 04:01:25 +0100: Memory Usage (461088K) : Starting cont/contbar general derivations
2026-03-02 04:01:25 +0100: Memory Usage (464416K) : Starting pad general derivations
2026-03-02 04:01:25 +0100: Memory Usage (464416K) : Starting IHP-SG13G2 DRC connectivity related derivations.
2026-03-02 04:01:25 +0100: Memory Usage (464416K) : Starting IHP-SG13G2 DRC connectivity setup
2026-03-02 04:01:25 +0100: Memory Usage (464672K) : Starting IHP-SG13G2 DRC rules.
2026-03-02 04:01:25 +0100: Memory Usage (464672K) : Running all FEOL rules
2026-03-02 04:01:25 +0100: Memory Usage (464672K) : Running all BEOL rules
2026-03-02 04:01:25 +0100: Memory Usage (464672K) : Running all PIN rules
2026-03-02 04:01:25 +0100: Memory Usage (464672K) : Running all FORBIDDEN rules
2026-03-02 04:01:25 +0100: Memory Usage (464672K) : Starting 5.1 NWell table
2026-03-02 04:01:25 +0100: Memory Usage (464672K) : Executing rule NW.b
2026-03-02 04:01:25 +0100: Memory Usage (465312K) : Executing rule NW.b1
2026-03-02 04:01:25 +0100: Memory Usage (465440K) : Starting 5.2 PWell:block
2026-03-02 04:01:25 +0100: Memory Usage (465440K) : Executing rule PWB.e
2026-03-02 04:01:25 +0100: Memory Usage (465440K) : Executing rule PWB.e1
2026-03-02 04:01:25 +0100: Memory Usage (465440K) : Executing rule PWB.f
2026-03-02 04:01:25 +0100: Memory Usage (465440K) : Executing rule PWB.f1
2026-03-02 04:01:25 +0100: Memory Usage (465440K) : Starting 5.3 nBuLay table
2026-03-02 04:01:25 +0100: Memory Usage (465696K) : Executing rule NBL.b
2026-03-02 04:01:25 +0100: Memory Usage (465696K) : Executing rule NBL.c
2026-03-02 04:01:25 +0100: Memory Usage (465696K) : Executing rule NBL.d
2026-03-02 04:01:25 +0100: Memory Usage (465696K) : Executing rule NBL.e
2026-03-02 04:01:25 +0100: Memory Usage (465696K) : Executing rule NBL.f
2026-03-02 04:01:25 +0100: Memory Usage (465696K) : Starting 5.5. Activ table
2026-03-02 04:01:25 +0100: Memory Usage (465696K) : Executing rule Act.a
2026-03-02 04:01:25 +0100: Memory Usage (465696K) : Executing rule Act.b
2026-03-02 04:01:25 +0100: Memory Usage (465696K) : Starting 5.6 Activ:filler table
2026-03-02 04:01:25 +0100: Memory Usage (465824K) : Executing rule AFil.c1
2026-03-02 04:01:25 +0100: Memory Usage (465824K) : Executing rule AFil.c
2026-03-02 04:01:25 +0100: Memory Usage (465824K) : Executing rule AFil.d
2026-03-02 04:01:25 +0100: Memory Usage (465824K) : Executing rule AFil.e
2026-03-02 04:01:25 +0100: Memory Usage (465824K) : Executing rule AFil.j
2026-03-02 04:01:25 +0100: Memory Usage (465824K) : Starting 5.7. ThickGateOx table
2026-03-02 04:01:25 +0100: Memory Usage (465824K) : Executing rule TGO.f
2026-03-02 04:01:25 +0100: Memory Usage (465824K) : Starting 5.8. GatPoly table
2026-03-02 04:01:25 +0100: Memory Usage (465824K) : Executing rule Gat.a
2026-03-02 04:01:25 +0100: Memory Usage (465824K) : Executing rule Gat.b
2026-03-02 04:01:25 +0100: Memory Usage (465824K) : Executing rule Gat.d
2026-03-02 04:01:25 +0100: Memory Usage (465824K) : Executing rule Gat.a1
2026-03-02 04:01:25 +0100: Memory Usage (466592K) : Executing rule Gat.a2
2026-03-02 04:01:25 +0100: Memory Usage (466592K) : Executing rule Gat.g
2026-03-02 04:01:25 +0100: Memory Usage (466592K) : Starting 5.9 GatPoly:filler
2026-03-02 04:01:25 +0100: Memory Usage (466592K) : Executing rule GFil.d
2026-03-02 04:01:25 +0100: Memory Usage (466592K) : Executing rule GFil.e
2026-03-02 04:01:25 +0100: Memory Usage (466592K) : Executing rule GFil.i
2026-03-02 04:01:25 +0100: Memory Usage (466592K) : Starting 5.10 pSD table
2026-03-02 04:01:25 +0100: Memory Usage (466592K) : Executing rule pSD.c1
2026-03-02 04:01:25 +0100: Memory Usage (466592K) : Starting 5.14. Cont table
2026-03-02 04:01:25 +0100: Memory Usage (466592K) : Executing rule Cnt.a
2026-03-02 04:01:26 +0100: Memory Usage (466592K) : Executing rule Cnt.b
2026-03-02 04:01:26 +0100: Memory Usage (466592K) : Executing rule Cnt.c
2026-03-02 04:01:26 +0100: Memory Usage (466592K) : Executing rule Cnt.c
2026-03-02 04:01:26 +0100: Memory Usage (466592K) : Executing rule Cnt.d
2026-03-02 04:01:26 +0100: Memory Usage (466592K) : Executing rule Cnt.e
2026-03-02 04:01:26 +0100: Memory Usage (466592K) : Executing rule Cnt.g1
2026-03-02 04:01:26 +0100: Memory Usage (466592K) : Executing rule Cnt.g2
2026-03-02 04:01:26 +0100: Memory Usage (466592K) : Starting 5.15. ContBar table
2026-03-02 04:01:26 +0100: Memory Usage (466592K) : Executing rule CntB.b1
2026-03-02 04:01:26 +0100: Memory Usage (466592K) : Executing rule CntB.h1
2026-03-02 04:01:26 +0100: Memory Usage (466592K) : Starting 6.1.3 NPN Substrate-Tie table
2026-03-02 04:01:26 +0100: Memory Usage (466592K) : Executing rule npn13G2.bR 
2026-03-02 04:01:26 +0100: Memory Usage (466592K) : Executing rule npn13G2L.cR 
2026-03-02 04:01:26 +0100: Memory Usage (466592K) : Executing rule npn13G2V.cR 
2026-03-02 04:01:26 +0100: Memory Usage (466592K) : Starting 6.7 Schottky diode table
2026-03-02 04:01:26 +0100: Memory Usage (466592K) : Executing rule Sdiod.d
2026-03-02 04:01:26 +0100: Memory Usage (466592K) : Executing rule Sdiod.e
2026-03-02 04:01:26 +0100: Memory Usage (466592K) : Starting 7.2 Latch-up table
2026-03-02 04:01:26 +0100: Memory Usage (466592K) : Executing rule LU.b
2026-03-02 04:01:26 +0100: Memory Usage (466592K) : Starting 5.16. Metal1 table
2026-03-02 04:01:26 +0100: Memory Usage (466592K) : Executing rule M1.a
2026-03-02 04:01:26 +0100: Memory Usage (466592K) : Executing rule M1.b
2026-03-02 04:01:26 +0100: Memory Usage (467232K) : Executing rule M1.e
2026-03-02 04:01:26 +0100: Memory Usage (467232K) : Executing rule M1.f
2026-03-02 04:01:26 +0100: Memory Usage (467232K) : Executing rule M1.g
2026-03-02 04:01:26 +0100: Memory Usage (467232K) : Executing rule M1.i
2026-03-02 04:01:26 +0100: Memory Usage (467232K) : Starting 5.17 Metaln table
2026-03-02 04:01:26 +0100: Memory Usage (467232K) : Executing rule M2.a
2026-03-02 04:01:26 +0100: Memory Usage (467232K) : Executing rule M2.b
2026-03-02 04:01:26 +0100: Memory Usage (467232K) : Executing rule M2.e
2026-03-02 04:01:26 +0100: Memory Usage (467232K) : Executing rule M2.f
2026-03-02 04:01:26 +0100: Memory Usage (467232K) : Executing rule M2.g
2026-03-02 04:01:26 +0100: Memory Usage (467232K) : Executing rule M2.i
2026-03-02 04:01:26 +0100: Memory Usage (467232K) : Executing rule M3.a
2026-03-02 04:01:26 +0100: Memory Usage (467232K) : Executing rule M3.b
2026-03-02 04:01:26 +0100: Memory Usage (467232K) : Executing rule M3.e
2026-03-02 04:01:27 +0100: Memory Usage (467232K) : Executing rule M3.f
2026-03-02 04:01:27 +0100: Memory Usage (467232K) : Executing rule M3.g
2026-03-02 04:01:27 +0100: Memory Usage (467232K) : Executing rule M3.i
2026-03-02 04:01:27 +0100: Memory Usage (467232K) : Executing rule M4.a
2026-03-02 04:01:27 +0100: Memory Usage (467232K) : Executing rule M4.b
2026-03-02 04:01:27 +0100: Memory Usage (467232K) : Executing rule M4.e
2026-03-02 04:01:27 +0100: Memory Usage (467232K) : Executing rule M4.f
2026-03-02 04:01:27 +0100: Memory Usage (467232K) : Executing rule M4.g
2026-03-02 04:01:27 +0100: Memory Usage (467232K) : Executing rule M4.i
2026-03-02 04:01:27 +0100: Memory Usage (467232K) : Executing rule M5.a
2026-03-02 04:01:27 +0100: Memory Usage (467232K) : Executing rule M5.b
2026-03-02 04:01:27 +0100: Memory Usage (467232K) : Executing rule M5.e
2026-03-02 04:01:27 +0100: Memory Usage (467232K) : Executing rule M5.f
2026-03-02 04:01:27 +0100: Memory Usage (467232K) : Executing rule M5.g
2026-03-02 04:01:27 +0100: Memory Usage (467232K) : Executing rule M5.i
2026-03-02 04:01:27 +0100: Memory Usage (467232K) : Starting 5.18 Metaln:filler table
2026-03-02 04:01:27 +0100: Memory Usage (467232K) : Executing rule M1Fil.c
2026-03-02 04:01:27 +0100: Memory Usage (467232K) : Executing rule M1Fil.a2
2026-03-02 04:01:27 +0100: Memory Usage (467232K) : Executing rule M2Fil.c
2026-03-02 04:01:27 +0100: Memory Usage (467232K) : Executing rule M2Fil.a2
2026-03-02 04:01:27 +0100: Memory Usage (467232K) : Executing rule M3Fil.c
2026-03-02 04:01:27 +0100: Memory Usage (467232K) : Executing rule M3Fil.a2
2026-03-02 04:01:27 +0100: Memory Usage (467232K) : Executing rule M4Fil.c
2026-03-02 04:01:27 +0100: Memory Usage (467232K) : Executing rule M4Fil.a2
2026-03-02 04:01:27 +0100: Memory Usage (467232K) : Executing rule M5Fil.c
2026-03-02 04:01:27 +0100: Memory Usage (467232K) : Executing rule M5Fil.a2
2026-03-02 04:01:27 +0100: Memory Usage (467232K) : Starting 5.19. Via1 table
2026-03-02 04:01:27 +0100: Memory Usage (467232K) : Starting 5.19. Via1 table derivations
2026-03-02 04:01:27 +0100: Memory Usage (467232K) : Executing rule V1.a
2026-03-02 04:01:27 +0100: Memory Usage (467232K) : Executing rule V1.b
2026-03-02 04:01:27 +0100: Memory Usage (467232K) : Executing rule V1.c
2026-03-02 04:01:27 +0100: Memory Usage (467232K) : Starting 5.20. Vian table
2026-03-02 04:01:27 +0100: Memory Usage (467232K) : Executing rule V2.a
2026-03-02 04:01:27 +0100: Memory Usage (467232K) : Executing rule V2.b
2026-03-02 04:01:27 +0100: Memory Usage (467232K) : Executing rule V2.c
2026-03-02 04:01:27 +0100: Memory Usage (467232K) : Executing rule V3.a
2026-03-02 04:01:27 +0100: Memory Usage (467232K) : Executing rule V3.b
2026-03-02 04:01:27 +0100: Memory Usage (467232K) : Executing rule V3.c
2026-03-02 04:01:27 +0100: Memory Usage (467232K) : Executing rule V4.a
2026-03-02 04:01:27 +0100: Memory Usage (467232K) : Executing rule V4.b
2026-03-02 04:01:27 +0100: Memory Usage (467232K) : Executing rule V4.c
2026-03-02 04:01:27 +0100: Memory Usage (467232K) : Starting 5.21. TopVia1 table
2026-03-02 04:01:27 +0100: Memory Usage (467232K) : Executing rule TV1.a
2026-03-02 04:01:27 +0100: Memory Usage (467232K) : Executing rule TV1.b
2026-03-02 04:01:27 +0100: Memory Usage (467232K) : Executing rule TV1.c
2026-03-02 04:01:27 +0100: Memory Usage (467232K) : Executing rule TV1.d
2026-03-02 04:01:27 +0100: Memory Usage (467232K) : Starting 5.22. TopMetal1 table
2026-03-02 04:01:27 +0100: Memory Usage (467232K) : Executing rule TM1.a
2026-03-02 04:01:27 +0100: Memory Usage (467232K) : Executing rule TM1.b
2026-03-02 04:01:27 +0100: Memory Usage (467232K) : Starting 5.23 TopMetal1:filler table
2026-03-02 04:01:27 +0100: Memory Usage (467232K) : Executing rule TM1Fil.c
2026-03-02 04:01:27 +0100: Memory Usage (467232K) : Executing rule TM1Fil.a1
2026-03-02 04:01:27 +0100: Memory Usage (467232K) : Starting 5.24. TopVia2 table
2026-03-02 04:01:27 +0100: Memory Usage (467232K) : Executing rule TV2.a
2026-03-02 04:01:27 +0100: Memory Usage (467232K) : Executing rule TV2.b
2026-03-02 04:01:27 +0100: Memory Usage (467232K) : Executing rule TV2.c
2026-03-02 04:01:27 +0100: Memory Usage (467232K) : Executing rule TV2.d
2026-03-02 04:01:27 +0100: Memory Usage (467232K) : Starting 5.25. TopMetal2 table
2026-03-02 04:01:27 +0100: Memory Usage (467232K) : Executing rule TM2.a
2026-03-02 04:01:27 +0100: Memory Usage (467232K) : Executing rule TM2.b
2026-03-02 04:01:27 +0100: Memory Usage (467232K) : Executing rule TM2.bR
2026-03-02 04:01:27 +0100: Memory Usage (467232K) : Starting 5.26 TopMetal2:filler table
2026-03-02 04:01:27 +0100: Memory Usage (467232K) : Executing rule TM2Fil.c
2026-03-02 04:01:27 +0100: Memory Usage (467232K) : Executing rule TM2Fil.a1
2026-03-02 04:01:27 +0100: Memory Usage (467232K) : Starting 5.27. Passiv table
2026-03-02 04:01:27 +0100: Memory Usage (467232K) : Executing rule Pas.a
2026-03-02 04:01:27 +0100: Memory Usage (467232K) : Executing rule Pas.b
2026-03-02 04:01:27 +0100: Memory Usage (467232K) : Executing rule Pas.c
2026-03-02 04:01:27 +0100: Memory Usage (467232K) : Starting 6.9.2 Copper Pillar table
2026-03-02 04:01:27 +0100: Memory Usage (467232K) : Executing rule Padc.a
2026-03-02 04:01:27 +0100: Memory Usage (467232K) : Executing rule Padc.b
2026-03-02 04:01:27 +0100: Memory Usage (467232K) : Executing rule Padc.c
2026-03-02 04:01:27 +0100: Memory Usage (467232K) : Executing rule Padb.f
2026-03-02 04:01:27 +0100: Memory Usage (467232K) : Starting 6.9 Pad table
2026-03-02 04:01:27 +0100: Memory Usage (467232K) : Executing rule Pad.m
2026-03-02 04:01:27 +0100: Memory Usage (467232K) : Executing rule Pad.fR_M1
2026-03-02 04:01:27 +0100: Memory Usage (467232K) : Executing rule Pad.fR_M2
2026-03-02 04:01:27 +0100: Memory Usage (467232K) : Executing rule Pad.fR_M3
2026-03-02 04:01:27 +0100: Memory Usage (467232K) : Executing rule Pad.fR_M4
2026-03-02 04:01:27 +0100: Memory Usage (467232K) : Executing rule Pad.fR_M5
2026-03-02 04:01:27 +0100: Memory Usage (467232K) : Executing rule Pad.fR_TM1
2026-03-02 04:01:27 +0100: Memory Usage (467232K) : Executing rule Pad.fR_TM2
2026-03-02 04:01:27 +0100: Memory Usage (467232K) : Executing rule Pad.i
2026-03-02 04:01:27 +0100: Memory Usage (467232K) : Starting 6.9.1 Solder Bump
2026-03-02 04:01:27 +0100: Memory Usage (467232K) : Executing rule Padb.a
2026-03-02 04:01:27 +0100: Memory Usage (467232K) : Executing rule Padb.b
2026-03-02 04:01:27 +0100: Memory Usage (467232K) : Executing rule Padb.c
2026-03-02 04:01:27 +0100: Memory Usage (467232K) : Executing rule Padb.f
2026-03-02 04:01:27 +0100: Memory Usage (467232K) : Executing rule Padb.d
2026-03-02 04:01:27 +0100: Memory Usage (467232K) : Starting 6.10 Sealring table
2026-03-02 04:01:27 +0100: Memory Usage (467232K) : Executing rule Seal.l
2026-03-02 04:01:27 +0100: Memory Usage (467232K) : Executing rule Seal.n
2026-03-02 04:01:27 +0100: Memory Usage (467232K) : Executing rule seal.b_metal1
2026-03-02 04:01:27 +0100: Memory Usage (467232K) : Executing rule seal.b_metal2
2026-03-02 04:01:27 +0100: Memory Usage (467232K) : Executing rule seal.b_metal3
2026-03-02 04:01:27 +0100: Memory Usage (467232K) : Executing rule seal.b_metal4
2026-03-02 04:01:27 +0100: Memory Usage (467232K) : Executing rule seal.b_metal5
2026-03-02 04:01:27 +0100: Memory Usage (467232K) : Executing rule seal.b_topmetal1
2026-03-02 04:01:27 +0100: Memory Usage (467232K) : Executing rule seal.b_topmetal2
2026-03-02 04:01:27 +0100: Memory Usage (467232K) : Executing rule seal.b_activ
2026-03-02 04:01:27 +0100: Memory Usage (467232K) : Executing rule seal.b_psd
2026-03-02 04:01:27 +0100: Memory Usage (467232K) : Executing rule Seal.k
2026-03-02 04:01:27 +0100: Memory Usage (467232K) : Executing rule Seal.m
2026-03-02 04:01:27 +0100: Memory Usage (467232K) : Starting 6.11 MIM table
2026-03-02 04:01:27 +0100: Memory Usage (467232K) : Executing rule MIM.c
2026-03-02 04:01:27 +0100: Memory Usage (467232K) : Executing rule MIM.d
2026-03-02 04:01:27 +0100: Memory Usage (467232K) : Executing rule MIM.gR
2026-03-02 04:01:27 +0100: Memory Usage (467232K) : Starting 7.3 Metal Slits table
2026-03-02 04:01:27 +0100: Memory Usage (467232K) : Executing rule Slt.e1_M1
2026-03-02 04:01:27 +0100: Memory Usage (467232K) : Executing rule Slt.e1_M2
2026-03-02 04:01:27 +0100: Memory Usage (467232K) : Executing rule Slt.e1_M3
2026-03-02 04:01:27 +0100: Memory Usage (467232K) : Executing rule Slt.e1_M4
2026-03-02 04:01:27 +0100: Memory Usage (467232K) : Executing rule Slt.e1_M5
2026-03-02 04:01:27 +0100: Memory Usage (467232K) : Executing rule Slt.e1_TM1
2026-03-02 04:01:27 +0100: Memory Usage (467232K) : Executing rule Slt.e1_TM2
2026-03-02 04:01:27 +0100: Memory Usage (467232K) : Starting 9.1. LBE table
2026-03-02 04:01:27 +0100: Memory Usage (467232K) : Executing rule LBE.a
2026-03-02 04:01:27 +0100: Memory Usage (467232K) : Executing rule LBE.b
2026-03-02 04:01:27 +0100: Memory Usage (467232K) : Executing rule LBE.b1
2026-03-02 04:01:27 +0100: Memory Usage (467232K) : Executing rule LBE.c
2026-03-02 04:01:27 +0100: Memory Usage (467232K) : Executing rule LBE.d
2026-03-02 04:01:27 +0100: Memory Usage (467232K) : Executing rule LBE.h
2026-03-02 04:01:27 +0100: Memory Usage (467232K) : Starting 7.4. PIN table
2026-03-02 04:01:27 +0100: Memory Usage (467232K) : Executing rule Pin.a
2026-03-02 04:01:27 +0100: Memory Usage (467232K) : Executing rule Pin.b
2026-03-02 04:01:27 +0100: Memory Usage (467232K) : Executing rule Pin.e
2026-03-02 04:01:27 +0100: Memory Usage (467232K) : Executing rule Pin.f_M2
2026-03-02 04:01:27 +0100: Memory Usage (467232K) : Executing rule Pin.f_M3
2026-03-02 04:01:27 +0100: Memory Usage (467232K) : Executing rule Pin.f_M4
2026-03-02 04:01:27 +0100: Memory Usage (467232K) : Executing rule Pin.f_M5
2026-03-02 04:01:27 +0100: Memory Usage (467232K) : Executing rule Pin.g
2026-03-02 04:01:27 +0100: Memory Usage (467232K) : Executing rule Pin.h
2026-03-02 04:01:27 +0100: Memory Usage (467232K) : Starting 3.2. FORBIDDEN table
2026-03-02 04:01:27 +0100: Memory Usage (467232K) : Executing rule forbidden.biwind
2026-03-02 04:01:27 +0100: Memory Usage (467232K) : Executing rule forbidden.pemwind
2026-03-02 04:01:27 +0100: Memory Usage (467232K) : Executing rule forbidden.baspoly
2026-03-02 04:01:27 +0100: Memory Usage (467232K) : Executing rule forbidden.deepco
2026-03-02 04:01:27 +0100: Memory Usage (467232K) : Executing rule forbidden.pempoly
2026-03-02 04:01:27 +0100: Memory Usage (467232K) : Executing rule forbidden.empoly
2026-03-02 04:01:27 +0100: Memory Usage (467232K) : Executing rule forbidden.ldmos
2026-03-02 04:01:27 +0100: Memory Usage (467232K) : Executing rule forbidden.pbiwind
2026-03-02 04:01:27 +0100: Memory Usage (467232K) : Executing rule forbidden.nodrc
2026-03-02 04:01:27 +0100: Memory Usage (467232K) : Executing rule forbidden.flash
2026-03-02 04:01:27 +0100: Memory Usage (467232K) : Executing rule forbidden.colwind
2026-03-02 04:01:27 +0100: Memory Usage (467232K) : KLayout DRC run for tables 'main' completed in 2.92 seconds
