# Logfile created on 2026-03-07 03:48:53 +0100 by logger.rb/v1.5.3
2026-03-07 03:48:53 +0100: Memory Usage (436964K) : Starting running IHP-SG13G2 KLayout DRC runset on /foss/designs/HPAmplifier/OTA_Telescopic_NO_FLATTEN/Layout_and_Related_files/HPA.gds
2026-03-07 03:48:53 +0100: Memory Usage (436964K) : Ruby Version for klayout: 3.2.3
2026-03-07 03:48:53 +0100: Memory Usage (438244K) : Loading database to memory is complete.
2026-03-07 03:48:53 +0100: Memory Usage (438244K) : IHP-SG13G2 KLayout DRC runset output at: /foss/designs/HPAmplifier/OTA_Telescopic_NO_FLATTEN/Layout_and_Related_files/drc_run_HPA/HPA_HPA_main.lyrdb
2026-03-07 03:48:53 +0100: Memory Usage (438372K) : Evaluate switches.
2026-03-07 03:48:53 +0100: Memory Usage (438372K) : tables selected: main
2026-03-07 03:48:53 +0100: Memory Usage (438372K) : KLayout will use 1 thread(s) in tiled mode.
2026-03-07 03:48:53 +0100: Memory Usage (438372K) : deep mode is enabled.
2026-03-07 03:48:53 +0100: Memory Usage (438372K) : FEOL enabled: true
2026-03-07 03:48:53 +0100: Memory Usage (438372K) : BEOL enabled: true
2026-03-07 03:48:53 +0100: Memory Usage (438372K) : OFFGRID enabled: true
2026-03-07 03:48:53 +0100: Memory Usage (438372K) : PIN enabled: true
2026-03-07 03:48:53 +0100: Memory Usage (438372K) : FORBIDDEN enabled: true
2026-03-07 03:48:53 +0100: Memory Usage (438372K) : RECOMMENDED enabled: true
2026-03-07 03:48:53 +0100: Memory Usage (438372K) : PreCheck DRC enabled: false
2026-03-07 03:48:53 +0100: Memory Usage (438372K) : CONNECTIVITY_RULES enabled: true.
2026-03-07 03:48:53 +0100: Memory Usage (438372K) : Read in polygons from layers.
2026-03-07 03:48:53 +0100: Memory Usage (439268K) : activ_drw has 3892 polygons
2026-03-07 03:48:53 +0100: Memory Usage (439268K) : activ_pin has 0 polygons
2026-03-07 03:48:53 +0100: Memory Usage (439268K) : activ_mask has 0 polygons
2026-03-07 03:48:53 +0100: Memory Usage (439268K) : activ_filler has 0 polygons
2026-03-07 03:48:53 +0100: Memory Usage (439268K) : activ_nofill has 0 polygons
2026-03-07 03:48:53 +0100: Memory Usage (439268K) : activ_opc has 0 polygons
2026-03-07 03:48:53 +0100: Memory Usage (439268K) : activ_iopc has 0 polygons
2026-03-07 03:48:53 +0100: Memory Usage (439268K) : activ_noqrc has 0 polygons
2026-03-07 03:48:53 +0100: Memory Usage (439268K) : biwind_drw has 0 polygons
2026-03-07 03:48:53 +0100: Memory Usage (439268K) : biwind_opc has 0 polygons
2026-03-07 03:48:53 +0100: Memory Usage (439268K) : pemwind_drw has 0 polygons
2026-03-07 03:48:53 +0100: Memory Usage (439268K) : gatpoly_drw has 2385 polygons
2026-03-07 03:48:53 +0100: Memory Usage (439268K) : gatpoly_pin has 253 polygons
2026-03-07 03:48:53 +0100: Memory Usage (439268K) : gatpoly_filler has 0 polygons
2026-03-07 03:48:53 +0100: Memory Usage (439524K) : gatpoly_nofill has 0 polygons
2026-03-07 03:48:53 +0100: Memory Usage (439524K) : gatpoly_opc has 0 polygons
2026-03-07 03:48:53 +0100: Memory Usage (439524K) : gatpoly_iopc has 0 polygons
2026-03-07 03:48:53 +0100: Memory Usage (439524K) : gatpoly_noqrc has 0 polygons
2026-03-07 03:48:53 +0100: Memory Usage (439524K) : cont_drw has 16765 polygons
2026-03-07 03:48:53 +0100: Memory Usage (439652K) : cont_opc has 0 polygons
2026-03-07 03:48:53 +0100: Memory Usage (439652K) : nsd_drw has 0 polygons
2026-03-07 03:48:53 +0100: Memory Usage (439780K) : nsd_block has 0 polygons
2026-03-07 03:48:53 +0100: Memory Usage (439780K) : metal1_drw has 6320 polygons
2026-03-07 03:48:53 +0100: Memory Usage (439908K) : metal1_pin has 1076 polygons
2026-03-07 03:48:53 +0100: Memory Usage (440036K) : metal1_mask has 0 polygons
2026-03-07 03:48:53 +0100: Memory Usage (440036K) : metal1_filler has 0 polygons
2026-03-07 03:48:53 +0100: Memory Usage (440164K) : metal1_nofill has 0 polygons
2026-03-07 03:48:53 +0100: Memory Usage (440164K) : metal1_slit has 0 polygons
2026-03-07 03:48:53 +0100: Memory Usage (440548K) : metal1_text has 2 polygons
2026-03-07 03:48:53 +0100: Memory Usage (440676K) : metal1_opc has 0 polygons
2026-03-07 03:48:53 +0100: Memory Usage (440676K) : metal1_noqrc has 0 polygons
2026-03-07 03:48:53 +0100: Memory Usage (440804K) : metal1_res has 0 polygons
2026-03-07 03:48:53 +0100: Memory Usage (440804K) : metal1_iprobe has 0 polygons
2026-03-07 03:48:53 +0100: Memory Usage (440932K) : metal1_diffprb has 0 polygons
2026-03-07 03:48:53 +0100: Memory Usage (440932K) : passiv_drw has 0 polygons
2026-03-07 03:48:53 +0100: Memory Usage (440932K) : passiv_pin has 0 polygons
2026-03-07 03:48:53 +0100: Memory Usage (441060K) : passiv_sbump has 0 polygons
2026-03-07 03:48:53 +0100: Memory Usage (441060K) : passiv_pillar has 0 polygons
2026-03-07 03:48:53 +0100: Memory Usage (441188K) : passiv_pdl has 0 polygons
2026-03-07 03:48:53 +0100: Memory Usage (441188K) : metal2_drw has 1104 polygons
2026-03-07 03:48:53 +0100: Memory Usage (441316K) : metal2_pin has 3 polygons
2026-03-07 03:48:53 +0100: Memory Usage (441316K) : metal2_mask has 0 polygons
2026-03-07 03:48:53 +0100: Memory Usage (441444K) : metal2_filler has 0 polygons
2026-03-07 03:48:53 +0100: Memory Usage (441444K) : metal2_nofill has 0 polygons
2026-03-07 03:48:53 +0100: Memory Usage (441572K) : metal2_slit has 0 polygons
2026-03-07 03:48:53 +0100: Memory Usage (441572K) : metal2_text has 9 polygons
2026-03-07 03:48:53 +0100: Memory Usage (441700K) : metal2_opc has 0 polygons
2026-03-07 03:48:53 +0100: Memory Usage (441700K) : metal2_noqrc has 0 polygons
2026-03-07 03:48:53 +0100: Memory Usage (441828K) : metal2_res has 0 polygons
2026-03-07 03:48:53 +0100: Memory Usage (441828K) : metal2_iprobe has 0 polygons
2026-03-07 03:48:53 +0100: Memory Usage (441956K) : metal2_diffprb has 0 polygons
2026-03-07 03:48:53 +0100: Memory Usage (441956K) : baspoly_drw has 0 polygons
2026-03-07 03:48:53 +0100: Memory Usage (442084K) : baspoly_pin has 0 polygons
2026-03-07 03:48:53 +0100: Memory Usage (442084K) : psd_drw has 992 polygons
2026-03-07 03:48:53 +0100: Memory Usage (442212K) : nldb_drw has 0 polygons
2026-03-07 03:48:53 +0100: Memory Usage (442212K) : digibnd_drw has 0 polygons
2026-03-07 03:48:53 +0100: Memory Usage (442212K) : via1_drw has 5546 polygons
2026-03-07 03:48:53 +0100: Memory Usage (442340K) : backmetal1_drw has 0 polygons
2026-03-07 03:48:53 +0100: Memory Usage (442468K) : backmetal1_pin has 0 polygons
2026-03-07 03:48:53 +0100: Memory Usage (442468K) : backmetal1_mask has 0 polygons
2026-03-07 03:48:53 +0100: Memory Usage (442596K) : backmetal1_filler has 0 polygons
2026-03-07 03:48:53 +0100: Memory Usage (442596K) : backmetal1_nofill has 0 polygons
2026-03-07 03:48:53 +0100: Memory Usage (442596K) : backmetal1_slit has 0 polygons
2026-03-07 03:48:53 +0100: Memory Usage (442724K) : backmetal1_text has 0 polygons
2026-03-07 03:48:53 +0100: Memory Usage (442724K) : backmetal1_opc has 0 polygons
2026-03-07 03:48:53 +0100: Memory Usage (442852K) : backmetal1_noqrc has 0 polygons
2026-03-07 03:48:53 +0100: Memory Usage (442852K) : backmetal1_res has 0 polygons
2026-03-07 03:48:53 +0100: Memory Usage (442980K) : backmetal1_iprobe has 0 polygons
2026-03-07 03:48:53 +0100: Memory Usage (442980K) : backmetal1_diffprb has 0 polygons
2026-03-07 03:48:53 +0100: Memory Usage (442980K) : backpassiv_drw has 0 polygons
2026-03-07 03:48:53 +0100: Memory Usage (443108K) : res_drw has 0 polygons
2026-03-07 03:48:53 +0100: Memory Usage (443108K) : sram_drw has 0 polygons
2026-03-07 03:48:53 +0100: Memory Usage (443236K) : trans_drw has 0 polygons
2026-03-07 03:48:53 +0100: Memory Usage (443364K) : ind_drw has 0 polygons
2026-03-07 03:48:53 +0100: Memory Usage (443364K) : ind_pin has 0 polygons
2026-03-07 03:48:53 +0100: Memory Usage (443364K) : ind_text has 0 polygons
2026-03-07 03:48:53 +0100: Memory Usage (443492K) : salblock_drw has 7 polygons
2026-03-07 03:48:53 +0100: Memory Usage (443492K) : via2_drw has 2420 polygons
2026-03-07 03:48:53 +0100: Memory Usage (443620K) : metal3_drw has 181 polygons
2026-03-07 03:48:53 +0100: Memory Usage (443748K) : metal3_pin has 8 polygons
2026-03-07 03:48:53 +0100: Memory Usage (443748K) : metal3_mask has 0 polygons
2026-03-07 03:48:53 +0100: Memory Usage (443876K) : metal3_filler has 0 polygons
2026-03-07 03:48:53 +0100: Memory Usage (444004K) : metal3_nofill has 0 polygons
2026-03-07 03:48:53 +0100: Memory Usage (444004K) : metal3_slit has 0 polygons
2026-03-07 03:48:53 +0100: Memory Usage (444004K) : metal3_text has 9 polygons
2026-03-07 03:48:53 +0100: Memory Usage (444132K) : metal3_opc has 0 polygons
2026-03-07 03:48:53 +0100: Memory Usage (444132K) : metal3_noqrc has 0 polygons
2026-03-07 03:48:53 +0100: Memory Usage (444260K) : metal3_res has 0 polygons
2026-03-07 03:48:53 +0100: Memory Usage (444260K) : metal3_iprobe has 0 polygons
2026-03-07 03:48:53 +0100: Memory Usage (444388K) : metal3_diffprb has 0 polygons
2026-03-07 03:48:53 +0100: Memory Usage (444388K) : nwell_drw has 1026 polygons
2026-03-07 03:48:53 +0100: Memory Usage (444516K) : nwell_pin has 0 polygons
2026-03-07 03:48:53 +0100: Memory Usage (444516K) : nbulay_drw has 0 polygons
2026-03-07 03:48:53 +0100: Memory Usage (444516K) : nbulay_pin has 0 polygons
2026-03-07 03:48:53 +0100: Memory Usage (444644K) : nbulay_block has 0 polygons
2026-03-07 03:48:53 +0100: Memory Usage (444772K) : emwind_drw has 0 polygons
2026-03-07 03:48:53 +0100: Memory Usage (444772K) : emwind_opc has 0 polygons
2026-03-07 03:48:53 +0100: Memory Usage (444900K) : deepco_drw has 0 polygons
2026-03-07 03:48:53 +0100: Memory Usage (445028K) : deepco_drw has 0 polygons
2026-03-07 03:48:53 +0100: Memory Usage (445028K) : mim_drw has 2 polygons
2026-03-07 03:48:53 +0100: Memory Usage (445028K) : edgeseal_drw has 0 polygons
2026-03-07 03:48:53 +0100: Memory Usage (445156K) : edgeseal_bound has 0 polygons
2026-03-07 03:48:53 +0100: Memory Usage (445156K) : substrate_drw has 705 polygons
2026-03-07 03:48:53 +0100: Memory Usage (445284K) : substrate_text has 0 polygons
2026-03-07 03:48:53 +0100: Memory Usage (445284K) : dfpad_drw has 0 polygons
2026-03-07 03:48:53 +0100: Memory Usage (445412K) : dfpad_pillar has 0 polygons
2026-03-07 03:48:53 +0100: Memory Usage (445412K) : dfpad_sbump has 0 polygons
2026-03-07 03:48:53 +0100: Memory Usage (445412K) : thickgateox_drw has 0 polygons
2026-03-07 03:48:53 +0100: Memory Usage (445540K) : pldb_drw has 0 polygons
2026-03-07 03:48:53 +0100: Memory Usage (445540K) : pwell_drw has 0 polygons
2026-03-07 03:48:53 +0100: Memory Usage (445668K) : pwell_pin has 0 polygons
2026-03-07 03:48:53 +0100: Memory Usage (445668K) : pwell_block has 0 polygons
2026-03-07 03:48:53 +0100: Memory Usage (445796K) : ic_drw has 0 polygons
2026-03-07 03:48:53 +0100: Memory Usage (445924K) : via3_drw has 2198 polygons
2026-03-07 03:48:53 +0100: Memory Usage (445924K) : metal4_drw has 120 polygons
2026-03-07 03:48:53 +0100: Memory Usage (445924K) : metal4_pin has 1 polygons
2026-03-07 03:48:53 +0100: Memory Usage (446052K) : metal4_mask has 0 polygons
2026-03-07 03:48:53 +0100: Memory Usage (446052K) : metal4_filler has 0 polygons
2026-03-07 03:48:53 +0100: Memory Usage (446180K) : metal4_nofill has 0 polygons
2026-03-07 03:48:53 +0100: Memory Usage (446180K) : metal4_slit has 0 polygons
2026-03-07 03:48:53 +0100: Memory Usage (446308K) : metal4_text has 2 polygons
2026-03-07 03:48:53 +0100: Memory Usage (446308K) : metal4_opc has 0 polygons
2026-03-07 03:48:53 +0100: Memory Usage (446308K) : metal4_noqrc has 0 polygons
2026-03-07 03:48:53 +0100: Memory Usage (446436K) : metal4_res has 0 polygons
2026-03-07 03:48:53 +0100: Memory Usage (446564K) : metal4_iprobe has 0 polygons
2026-03-07 03:48:53 +0100: Memory Usage (446564K) : metal4_diffprb has 0 polygons
2026-03-07 03:48:53 +0100: Memory Usage (446692K) : heattrans_drw has 1411 polygons
2026-03-07 03:48:53 +0100: Memory Usage (446692K) : heatres_drw has 7 polygons
2026-03-07 03:48:53 +0100: Memory Usage (446820K) : pempoly_drw has 0 polygons
2026-03-07 03:48:53 +0100: Memory Usage (446820K) : fbe_drw has 0 polygons
2026-03-07 03:48:53 +0100: Memory Usage (446948K) : empoly_drw has 0 polygons
2026-03-07 03:48:53 +0100: Memory Usage (447076K) : ldmos_drw has 0 polygons
2026-03-07 03:48:53 +0100: Memory Usage (447076K) : pbiwind_drw has 0 polygons
2026-03-07 03:48:53 +0100: Memory Usage (447076K) : digisub_drw has 0 polygons
2026-03-07 03:48:53 +0100: Memory Usage (447204K) : nodrc_drw has 0 polygons
2026-03-07 03:48:53 +0100: Memory Usage (447204K) : text_drw has 965 polygons
2026-03-07 03:48:53 +0100: Memory Usage (447332K) : via4_drw has 2120 polygons
2026-03-07 03:48:53 +0100: Memory Usage (447332K) : metal5_drw has 95 polygons
2026-03-07 03:48:53 +0100: Memory Usage (447460K) : metal5_pin has 6 polygons
2026-03-07 03:48:53 +0100: Memory Usage (447460K) : metal5_mask has 0 polygons
2026-03-07 03:48:53 +0100: Memory Usage (447588K) : metal5_filler has 0 polygons
2026-03-07 03:48:53 +0100: Memory Usage (447588K) : metal5_nofill has 0 polygons
2026-03-07 03:48:53 +0100: Memory Usage (447588K) : metal5_slit has 0 polygons
2026-03-07 03:48:53 +0100: Memory Usage (447716K) : metal5_text has 12 polygons
2026-03-07 03:48:53 +0100: Memory Usage (447716K) : metal5_opc has 0 polygons
2026-03-07 03:48:53 +0100: Memory Usage (447844K) : metal5_noqrc has 0 polygons
2026-03-07 03:48:53 +0100: Memory Usage (447844K) : metal5_res has 0 polygons
2026-03-07 03:48:53 +0100: Memory Usage (447972K) : metal5_iprobe has 0 polygons
2026-03-07 03:48:53 +0100: Memory Usage (447972K) : metal5_diffprb has 0 polygons
2026-03-07 03:48:53 +0100: Memory Usage (448100K) : radhard_drw has 0 polygons
2026-03-07 03:48:54 +0100: Memory Usage (448228K) : memcap_drw has 0 polygons
2026-03-07 03:48:54 +0100: Memory Usage (448228K) : varicap_drw has 0 polygons
2026-03-07 03:48:54 +0100: Memory Usage (448356K) : flash_drw has 0 polygons
2026-03-07 03:48:54 +0100: Memory Usage (448356K) : intbondvia_drw has 0 polygons
2026-03-07 03:48:54 +0100: Memory Usage (448484K) : intbondmet_drw has 0 polygons
2026-03-07 03:48:54 +0100: Memory Usage (448484K) : devbondvia_drw has 0 polygons
2026-03-07 03:48:54 +0100: Memory Usage (448484K) : devbondmet_drw has 0 polygons
2026-03-07 03:48:54 +0100: Memory Usage (448612K) : devtrench_drw has 0 polygons
2026-03-07 03:48:54 +0100: Memory Usage (448612K) : redist_drw has 0 polygons
2026-03-07 03:48:54 +0100: Memory Usage (448740K) : graphbot_drw has 0 polygons
2026-03-07 03:48:54 +0100: Memory Usage (448740K) : graphtop_drw has 0 polygons
2026-03-07 03:48:54 +0100: Memory Usage (448740K) : antvia1_drw has 0 polygons
2026-03-07 03:48:54 +0100: Memory Usage (448868K) : antmetal2_drw has 0 polygons
2026-03-07 03:48:54 +0100: Memory Usage (448868K) : graphcont_drw has 0 polygons
2026-03-07 03:48:54 +0100: Memory Usage (448996K) : siwg_drw has 0 polygons
2026-03-07 03:48:54 +0100: Memory Usage (448996K) : siwg_filler has 0 polygons
2026-03-07 03:48:54 +0100: Memory Usage (449124K) : siwg_nofill has 0 polygons
2026-03-07 03:48:54 +0100: Memory Usage (449252K) : sigrating_drw has 0 polygons
2026-03-07 03:48:54 +0100: Memory Usage (449252K) : singrating_drw has 0 polygons
2026-03-07 03:48:54 +0100: Memory Usage (449252K) : graphpas_drw has 0 polygons
2026-03-07 03:48:54 +0100: Memory Usage (449380K) : emwind3_drw has 0 polygons
2026-03-07 03:48:54 +0100: Memory Usage (449380K) : emwihv3_drw has 0 polygons
2026-03-07 03:48:54 +0100: Memory Usage (449508K) : redbulay_drw has 0 polygons
2026-03-07 03:48:54 +0100: Memory Usage (449508K) : smos_drw has 0 polygons
2026-03-07 03:48:54 +0100: Memory Usage (449636K) : graphpad_drw has 0 polygons
2026-03-07 03:48:54 +0100: Memory Usage (449636K) : polimide_drw has 0 polygons
2026-03-07 03:48:54 +0100: Memory Usage (449764K) : polimide_pin has 0 polygons
2026-03-07 03:48:54 +0100: Memory Usage (449764K) : recog_drw has 0 polygons
2026-03-07 03:48:54 +0100: Memory Usage (449892K) : recog_pin has 0 polygons
2026-03-07 03:48:54 +0100: Memory Usage (449892K) : recog_esd has 0 polygons
2026-03-07 03:48:54 +0100: Memory Usage (449892K) : recog_diode has 0 polygons
2026-03-07 03:48:54 +0100: Memory Usage (449892K) : recog_tsv has 0 polygons
2026-03-07 03:48:54 +0100: Memory Usage (449892K) : recog_iprobe has 0 polygons
2026-03-07 03:48:54 +0100: Memory Usage (450020K) : recog_diffprb has 0 polygons
2026-03-07 03:48:54 +0100: Memory Usage (450020K) : recog_pillar has 0 polygons
2026-03-07 03:48:54 +0100: Memory Usage (450020K) : recog_sbump has 0 polygons
2026-03-07 03:48:54 +0100: Memory Usage (450148K) : recog_otp has 0 polygons
2026-03-07 03:48:54 +0100: Memory Usage (450148K) : recog_pdiode has 0 polygons
2026-03-07 03:48:54 +0100: Memory Usage (450148K) : recog_mom has 0 polygons
2026-03-07 03:48:54 +0100: Memory Usage (450148K) : recog_pcm has 0 polygons
2026-03-07 03:48:54 +0100: Memory Usage (450276K) : colopen_drw has 0 polygons
2026-03-07 03:48:54 +0100: Memory Usage (450276K) : graphmetal1_drw has 0 polygons
2026-03-07 03:48:54 +0100: Memory Usage (450276K) : graphmetal1_filler has 0 polygons
2026-03-07 03:48:54 +0100: Memory Usage (450404K) : graphmetal1_nofill has 0 polygons
2026-03-07 03:48:54 +0100: Memory Usage (450404K) : graphmetal1_slit has 0 polygons
2026-03-07 03:48:54 +0100: Memory Usage (450404K) : graphmetal1_opc has 0 polygons
2026-03-07 03:48:54 +0100: Memory Usage (450532K) : graphmet1l_drw has 0 polygons
2026-03-07 03:48:54 +0100: Memory Usage (450532K) : graphmet1l_filler has 0 polygons
2026-03-07 03:48:54 +0100: Memory Usage (450660K) : graphmet1l_nofill has 0 polygons
2026-03-07 03:48:54 +0100: Memory Usage (450660K) : graphmet1l_slit has 0 polygons
2026-03-07 03:48:54 +0100: Memory Usage (450660K) : graphmet1l_opc has 0 polygons
2026-03-07 03:48:54 +0100: Memory Usage (450788K) : extblock_drw has 21 polygons
2026-03-07 03:48:54 +0100: Memory Usage (450788K) : nldd_drw has 0 polygons
2026-03-07 03:48:54 +0100: Memory Usage (450916K) : pldd_drw has 0 polygons
2026-03-07 03:48:54 +0100: Memory Usage (450916K) : next_drw has 0 polygons
2026-03-07 03:48:54 +0100: Memory Usage (451044K) : pext_drw has 0 polygons
2026-03-07 03:48:54 +0100: Memory Usage (451044K) : nexthv_drw has 0 polygons
2026-03-07 03:48:54 +0100: Memory Usage (451044K) : pexthv_drw has 0 polygons
2026-03-07 03:48:54 +0100: Memory Usage (451172K) : graphgate_drw has 0 polygons
2026-03-07 03:48:54 +0100: Memory Usage (451172K) : sinwg_drw has 0 polygons
2026-03-07 03:48:54 +0100: Memory Usage (451300K) : sinwg_filler has 0 polygons
2026-03-07 03:48:54 +0100: Memory Usage (451300K) : sinwg_nofill has 0 polygons
2026-03-07 03:48:54 +0100: Memory Usage (451300K) : mempad_drw has 0 polygons
2026-03-07 03:48:54 +0100: Memory Usage (451300K) : topvia1_drw has 71 polygons
2026-03-07 03:48:54 +0100: Memory Usage (451428K) : topmetal1_drw has 89 polygons
2026-03-07 03:48:54 +0100: Memory Usage (451428K) : topmetal1_pin has 11 polygons
2026-03-07 03:48:54 +0100: Memory Usage (451428K) : topmetal1_mask has 0 polygons
2026-03-07 03:48:54 +0100: Memory Usage (451556K) : topmetal1_filler has 0 polygons
2026-03-07 03:48:54 +0100: Memory Usage (451556K) : topmetal1_nofill has 0 polygons
2026-03-07 03:48:54 +0100: Memory Usage (451556K) : topmetal1_slit has 0 polygons
2026-03-07 03:48:54 +0100: Memory Usage (451684K) : topmetal1_text has 17 polygons
2026-03-07 03:48:54 +0100: Memory Usage (451684K) : topmetal1_noqrc has 0 polygons
2026-03-07 03:48:54 +0100: Memory Usage (451684K) : topmetal1_res has 0 polygons
2026-03-07 03:48:54 +0100: Memory Usage (451812K) : topmetal1_iprobe has 0 polygons
2026-03-07 03:48:54 +0100: Memory Usage (451812K) : topmetal1_diffprb has 0 polygons
2026-03-07 03:48:54 +0100: Memory Usage (451940K) : inldpwl_drw has 0 polygons
2026-03-07 03:48:54 +0100: Memory Usage (451940K) : polyres_drw has 7 polygons
2026-03-07 03:48:54 +0100: Memory Usage (451940K) : polyres_pin has 0 polygons
2026-03-07 03:48:54 +0100: Memory Usage (452068K) : vmim_drw has 578 polygons
2026-03-07 03:48:54 +0100: Memory Usage (452068K) : nbulaycut_drw has 0 polygons
2026-03-07 03:48:54 +0100: Memory Usage (452196K) : antmetal1_drw has 0 polygons
2026-03-07 03:48:54 +0100: Memory Usage (452196K) : topvia2_drw has 0 polygons
2026-03-07 03:48:54 +0100: Memory Usage (452324K) : topmetal2_drw has 0 polygons
2026-03-07 03:48:54 +0100: Memory Usage (452324K) : topmetal2_pin has 0 polygons
2026-03-07 03:48:54 +0100: Memory Usage (452452K) : topmetal2_mask has 0 polygons
2026-03-07 03:48:54 +0100: Memory Usage (452452K) : topmetal2_filler has 0 polygons
2026-03-07 03:48:54 +0100: Memory Usage (452452K) : topmetal2_nofill has 0 polygons
2026-03-07 03:48:54 +0100: Memory Usage (452580K) : topmetal2_slit has 0 polygons
2026-03-07 03:48:54 +0100: Memory Usage (452580K) : topmetal2_text has 0 polygons
2026-03-07 03:48:54 +0100: Memory Usage (452708K) : topmetal2_noqrc has 0 polygons
2026-03-07 03:48:54 +0100: Memory Usage (452708K) : topmetal2_res has 0 polygons
2026-03-07 03:48:54 +0100: Memory Usage (452836K) : topmetal2_iprobe has 0 polygons
2026-03-07 03:48:54 +0100: Memory Usage (452836K) : topmetal2_diffprb has 0 polygons
2026-03-07 03:48:54 +0100: Memory Usage (452836K) : snsring_drw has 0 polygons
2026-03-07 03:48:54 +0100: Memory Usage (452964K) : sensor_drw has 0 polygons
2026-03-07 03:48:54 +0100: Memory Usage (452964K) : snsarms_drw has 0 polygons
2026-03-07 03:48:54 +0100: Memory Usage (453092K) : snscmosvia_drw has 0 polygons
2026-03-07 03:48:54 +0100: Memory Usage (453092K) : colwind_drw has 0 polygons
2026-03-07 03:48:54 +0100: Memory Usage (453220K) : flm_drw has 0 polygons
2026-03-07 03:48:54 +0100: Memory Usage (453220K) : hafniumox_drw has 0 polygons
2026-03-07 03:48:54 +0100: Memory Usage (453220K) : memvia_drw has 0 polygons
2026-03-07 03:48:54 +0100: Memory Usage (453348K) : thinfilmres_drw has 0 polygons
2026-03-07 03:48:54 +0100: Memory Usage (453348K) : rfmem_drw has 0 polygons
2026-03-07 03:48:54 +0100: Memory Usage (453348K) : norcx_drw has 0 polygons
2026-03-07 03:48:54 +0100: Memory Usage (453348K) : norcx_m2m3 has 0 polygons
2026-03-07 03:48:54 +0100: Memory Usage (453476K) : norcx_m2m4 has 0 polygons
2026-03-07 03:48:54 +0100: Memory Usage (453476K) : norcx_m2m5 has 0 polygons
2026-03-07 03:48:54 +0100: Memory Usage (453476K) : norcx_m2tm1 has 0 polygons
2026-03-07 03:48:54 +0100: Memory Usage (453604K) : norcx_m2tm2 has 0 polygons
2026-03-07 03:48:54 +0100: Memory Usage (453604K) : norcx_m3m4 has 0 polygons
2026-03-07 03:48:54 +0100: Memory Usage (453604K) : norcx_m3m5 has 0 polygons
2026-03-07 03:48:54 +0100: Memory Usage (453732K) : norcx_m3tm1 has 0 polygons
2026-03-07 03:48:54 +0100: Memory Usage (453732K) : norcx_m3tm2 has 0 polygons
2026-03-07 03:48:54 +0100: Memory Usage (453732K) : norcx_m4m5 has 0 polygons
2026-03-07 03:48:54 +0100: Memory Usage (453732K) : norcx_m4tm1 has 0 polygons
2026-03-07 03:48:54 +0100: Memory Usage (453860K) : norcx_m4tm2 has 0 polygons
2026-03-07 03:48:54 +0100: Memory Usage (453860K) : norcx_m5tm1 has 0 polygons
2026-03-07 03:48:54 +0100: Memory Usage (453860K) : norcx_m5tm2 has 0 polygons
2026-03-07 03:48:54 +0100: Memory Usage (453988K) : norcx_tm1tm2 has 0 polygons
2026-03-07 03:48:54 +0100: Memory Usage (453988K) : norcx_m1sub has 0 polygons
2026-03-07 03:48:54 +0100: Memory Usage (453988K) : norcx_m2sub has 0 polygons
2026-03-07 03:48:54 +0100: Memory Usage (454116K) : norcx_m3sub has 0 polygons
2026-03-07 03:48:54 +0100: Memory Usage (454116K) : norcx_m4sub has 0 polygons
2026-03-07 03:48:54 +0100: Memory Usage (454116K) : norcx_m5sub has 0 polygons
2026-03-07 03:48:54 +0100: Memory Usage (454116K) : norcx_tm1sub has 0 polygons
2026-03-07 03:48:54 +0100: Memory Usage (454244K) : norcx_tm2sub has 0 polygons
2026-03-07 03:48:54 +0100: Memory Usage (454244K) : snsbotvia_drw has 0 polygons
2026-03-07 03:48:54 +0100: Memory Usage (454244K) : snstopvia_drw has 0 polygons
2026-03-07 03:48:54 +0100: Memory Usage (454372K) : deepvia_drw has 0 polygons
2026-03-07 03:48:54 +0100: Memory Usage (454372K) : fgetch_drw has 0 polygons
2026-03-07 03:48:54 +0100: Memory Usage (454372K) : ctrgat_drw has 0 polygons
2026-03-07 03:48:54 +0100: Memory Usage (454372K) : fgimp_drw has 0 polygons
2026-03-07 03:48:54 +0100: Memory Usage (454500K) : emwihv_drw has 0 polygons
2026-03-07 03:48:54 +0100: Memory Usage (454500K) : lbe_drw has 0 polygons
2026-03-07 03:48:54 +0100: Memory Usage (454500K) : alcustop_drw has 0 polygons
2026-03-07 03:48:54 +0100: Memory Usage (454628K) : nometfiller_drw has 0 polygons
2026-03-07 03:48:54 +0100: Memory Usage (454628K) : prboundary_drw has 0 polygons
2026-03-07 03:48:54 +0100: Memory Usage (454756K) : exchange0_drw has 0 polygons
2026-03-07 03:48:54 +0100: Memory Usage (454756K) : exchange0_pin has 0 polygons
2026-03-07 03:48:54 +0100: Memory Usage (454756K) : exchange0_text has 0 polygons
2026-03-07 03:48:54 +0100: Memory Usage (454756K) : exchange1_drw has 0 polygons
2026-03-07 03:48:54 +0100: Memory Usage (454756K) : exchange1_pin has 0 polygons
2026-03-07 03:48:54 +0100: Memory Usage (454756K) : exchange1_text has 0 polygons
2026-03-07 03:48:54 +0100: Memory Usage (454756K) : exchange2_drw has 0 polygons
2026-03-07 03:48:54 +0100: Memory Usage (454756K) : exchange2_pin has 0 polygons
2026-03-07 03:48:54 +0100: Memory Usage (454756K) : exchange2_text has 0 polygons
2026-03-07 03:48:54 +0100: Memory Usage (454756K) : exchange3_drw has 0 polygons
2026-03-07 03:48:54 +0100: Memory Usage (454756K) : exchange3_pin has 0 polygons
2026-03-07 03:48:54 +0100: Memory Usage (454756K) : exchange3_text has 0 polygons
2026-03-07 03:48:54 +0100: Memory Usage (454756K) : exchange4_drw has 0 polygons
2026-03-07 03:48:54 +0100: Memory Usage (454756K) : exchange4_pin has 0 polygons
2026-03-07 03:48:54 +0100: Memory Usage (454756K) : exchange4_text has 0 polygons
2026-03-07 03:48:54 +0100: Memory Usage (454756K) : isonwell_drw has 0 polygons
2026-03-07 03:48:54 +0100: Memory Usage (454756K) : Total no. of polygons in the design is 50436
2026-03-07 03:48:54 +0100: Memory Usage (454756K) : Loaded TECH DRC rules values from /foss/pdks/ihp-sg13g2/libs.tech/klayout/python/sg13g2_pycell_lib/sg13g2_tech_mod.json
2026-03-07 03:48:54 +0100: Memory Usage (454756K) : Loaded default DRC rules values from /foss/pdks/ihp-sg13g2/libs.tech/klayout/tech/drc/rule_decks/sg13g2_tech_default.json
2026-03-07 03:48:54 +0100: Memory Usage (454756K) : The following rules values were missing in tech json and default values were used:
2026-03-07 03:48:54 +0100: Memory Usage (454756K) :   - Cnt_c_digibnd
2026-03-07 03:48:54 +0100: Memory Usage (455908K) : Total area of the design is 13590.706999999999 um^2.
2026-03-07 03:48:54 +0100: Memory Usage (455908K) : The design dimensions are 120.86 µm * 112.44999999999999 µm.
2026-03-07 03:48:54 +0100: Memory Usage (455908K) : Starting general IHP-SG13G2 derivations.
2026-03-07 03:48:54 +0100: Memory Usage (455908K) : Starting Pwell derivations
2026-03-07 03:48:54 +0100: Memory Usage (458468K) : Starting n-Activ derivations
2026-03-07 03:48:54 +0100: Memory Usage (459236K) : Starting p-Activ derivations
2026-03-07 03:48:54 +0100: Memory Usage (459236K) : Starting ptap derivations
2026-03-07 03:48:54 +0100: Memory Usage (459236K) : Starting ntap derivations
2026-03-07 03:48:54 +0100: Memory Usage (459236K) : Starting pact FET derivations
2026-03-07 03:48:54 +0100: Memory Usage (459236K) : Starting nact FET derivations
2026-03-07 03:48:54 +0100: Memory Usage (459236K) : Starting Gate derivations
2026-03-07 03:48:54 +0100: Memory Usage (459236K) : Starting cont/contbar general derivations
2026-03-07 03:48:54 +0100: Memory Usage (459236K) : Starting pad general derivations
2026-03-07 03:48:54 +0100: Memory Usage (459236K) : Starting IHP-SG13G2 DRC connectivity related derivations.
2026-03-07 03:48:54 +0100: Memory Usage (459236K) : Starting IHP-SG13G2 DRC connectivity setup
2026-03-07 03:48:54 +0100: Memory Usage (459492K) : Starting IHP-SG13G2 DRC rules.
2026-03-07 03:48:54 +0100: Memory Usage (459492K) : Running all FEOL rules
2026-03-07 03:48:54 +0100: Memory Usage (459492K) : Running all BEOL rules
2026-03-07 03:48:54 +0100: Memory Usage (459492K) : Running all PIN rules
2026-03-07 03:48:54 +0100: Memory Usage (459492K) : Running all FORBIDDEN rules
2026-03-07 03:48:54 +0100: Memory Usage (459492K) : Starting 5.1 NWell table
2026-03-07 03:48:54 +0100: Memory Usage (459492K) : Executing rule NW.b
2026-03-07 03:48:54 +0100: Memory Usage (460132K) : Executing rule NW.b1
2026-03-07 03:48:54 +0100: Memory Usage (460260K) : Starting 5.2 PWell:block
2026-03-07 03:48:54 +0100: Memory Usage (460260K) : Executing rule PWB.e
2026-03-07 03:48:54 +0100: Memory Usage (460260K) : Executing rule PWB.e1
2026-03-07 03:48:54 +0100: Memory Usage (460260K) : Executing rule PWB.f
2026-03-07 03:48:54 +0100: Memory Usage (460260K) : Executing rule PWB.f1
2026-03-07 03:48:54 +0100: Memory Usage (460260K) : Starting 5.3 nBuLay table
2026-03-07 03:48:54 +0100: Memory Usage (460388K) : Executing rule NBL.b
2026-03-07 03:48:54 +0100: Memory Usage (460388K) : Executing rule NBL.c
2026-03-07 03:48:54 +0100: Memory Usage (460388K) : Executing rule NBL.d
2026-03-07 03:48:54 +0100: Memory Usage (460388K) : Executing rule NBL.e
2026-03-07 03:48:54 +0100: Memory Usage (460388K) : Executing rule NBL.f
2026-03-07 03:48:54 +0100: Memory Usage (460388K) : Starting 5.5. Activ table
2026-03-07 03:48:54 +0100: Memory Usage (460388K) : Executing rule Act.a
2026-03-07 03:48:54 +0100: Memory Usage (460388K) : Executing rule Act.b
2026-03-07 03:48:54 +0100: Memory Usage (460388K) : Starting 5.6 Activ:filler table
2026-03-07 03:48:54 +0100: Memory Usage (460516K) : Executing rule AFil.c1
2026-03-07 03:48:54 +0100: Memory Usage (460516K) : Executing rule AFil.c
2026-03-07 03:48:54 +0100: Memory Usage (460516K) : Executing rule AFil.d
2026-03-07 03:48:54 +0100: Memory Usage (460516K) : Executing rule AFil.e
2026-03-07 03:48:54 +0100: Memory Usage (460516K) : Executing rule AFil.j
2026-03-07 03:48:54 +0100: Memory Usage (460516K) : Starting 5.7. ThickGateOx table
2026-03-07 03:48:54 +0100: Memory Usage (460516K) : Executing rule TGO.f
2026-03-07 03:48:54 +0100: Memory Usage (460516K) : Starting 5.8. GatPoly table
2026-03-07 03:48:54 +0100: Memory Usage (460516K) : Executing rule Gat.a
2026-03-07 03:48:54 +0100: Memory Usage (460516K) : Executing rule Gat.b
2026-03-07 03:48:54 +0100: Memory Usage (460516K) : Executing rule Gat.d
2026-03-07 03:48:54 +0100: Memory Usage (460516K) : Executing rule Gat.a1
2026-03-07 03:48:54 +0100: Memory Usage (461028K) : Executing rule Gat.a2
2026-03-07 03:48:54 +0100: Memory Usage (461028K) : Executing rule Gat.g
2026-03-07 03:48:55 +0100: Memory Usage (461028K) : Starting 5.9 GatPoly:filler
2026-03-07 03:48:55 +0100: Memory Usage (461028K) : Executing rule GFil.d
2026-03-07 03:48:55 +0100: Memory Usage (461028K) : Executing rule GFil.e
2026-03-07 03:48:55 +0100: Memory Usage (461028K) : Executing rule GFil.i
2026-03-07 03:48:55 +0100: Memory Usage (461028K) : Starting 5.10 pSD table
2026-03-07 03:48:55 +0100: Memory Usage (461028K) : Executing rule pSD.c1
2026-03-07 03:48:55 +0100: Memory Usage (461028K) : Starting 5.14. Cont table
2026-03-07 03:48:55 +0100: Memory Usage (461028K) : Executing rule Cnt.a
2026-03-07 03:48:55 +0100: Memory Usage (461028K) : Executing rule Cnt.b
2026-03-07 03:48:55 +0100: Memory Usage (461156K) : Executing rule Cnt.c
2026-03-07 03:48:55 +0100: Memory Usage (461156K) : Executing rule Cnt.c
2026-03-07 03:48:55 +0100: Memory Usage (461156K) : Executing rule Cnt.d
2026-03-07 03:48:55 +0100: Memory Usage (461156K) : Executing rule Cnt.e
2026-03-07 03:48:55 +0100: Memory Usage (461156K) : Executing rule Cnt.g1
2026-03-07 03:48:55 +0100: Memory Usage (461156K) : Executing rule Cnt.g2
2026-03-07 03:48:55 +0100: Memory Usage (461156K) : Starting 5.15. ContBar table
2026-03-07 03:48:55 +0100: Memory Usage (461156K) : Executing rule CntB.b1
2026-03-07 03:48:55 +0100: Memory Usage (461156K) : Executing rule CntB.h1
2026-03-07 03:48:55 +0100: Memory Usage (461156K) : Starting 6.1.3 NPN Substrate-Tie table
2026-03-07 03:48:55 +0100: Memory Usage (461156K) : Executing rule npn13G2.bR 
2026-03-07 03:48:55 +0100: Memory Usage (461156K) : Executing rule npn13G2L.cR 
2026-03-07 03:48:55 +0100: Memory Usage (461156K) : Executing rule npn13G2V.cR 
2026-03-07 03:48:55 +0100: Memory Usage (461156K) : Starting 6.7 Schottky diode table
2026-03-07 03:48:55 +0100: Memory Usage (461156K) : Executing rule Sdiod.d
2026-03-07 03:48:55 +0100: Memory Usage (461156K) : Executing rule Sdiod.e
2026-03-07 03:48:55 +0100: Memory Usage (461156K) : Starting 7.2 Latch-up table
2026-03-07 03:48:55 +0100: Memory Usage (461156K) : Executing rule LU.b
2026-03-07 03:48:55 +0100: Memory Usage (461156K) : Starting 5.16. Metal1 table
2026-03-07 03:48:55 +0100: Memory Usage (461156K) : Executing rule M1.a
2026-03-07 03:48:55 +0100: Memory Usage (461156K) : Executing rule M1.b
2026-03-07 03:48:55 +0100: Memory Usage (461924K) : Executing rule M1.e
2026-03-07 03:48:56 +0100: Memory Usage (461924K) : Executing rule M1.f
2026-03-07 03:48:56 +0100: Memory Usage (461924K) : Executing rule M1.g
2026-03-07 03:48:56 +0100: Memory Usage (461924K) : Executing rule M1.i
2026-03-07 03:48:56 +0100: Memory Usage (461924K) : Starting 5.17 Metaln table
2026-03-07 03:48:56 +0100: Memory Usage (461924K) : Executing rule M2.a
2026-03-07 03:48:56 +0100: Memory Usage (461924K) : Executing rule M2.b
2026-03-07 03:48:56 +0100: Memory Usage (461924K) : Executing rule M2.e
2026-03-07 03:48:56 +0100: Memory Usage (461924K) : Executing rule M2.f
2026-03-07 03:48:56 +0100: Memory Usage (462052K) : Executing rule M2.g
2026-03-07 03:48:56 +0100: Memory Usage (462052K) : Executing rule M2.i
2026-03-07 03:48:56 +0100: Memory Usage (462052K) : Executing rule M3.a
2026-03-07 03:48:56 +0100: Memory Usage (462052K) : Executing rule M3.b
2026-03-07 03:48:56 +0100: Memory Usage (462052K) : Executing rule M3.e
2026-03-07 03:48:56 +0100: Memory Usage (462052K) : Executing rule M3.f
2026-03-07 03:48:56 +0100: Memory Usage (462052K) : Executing rule M3.g
2026-03-07 03:48:56 +0100: Memory Usage (462052K) : Executing rule M3.i
2026-03-07 03:48:56 +0100: Memory Usage (462052K) : Executing rule M4.a
2026-03-07 03:48:56 +0100: Memory Usage (462052K) : Executing rule M4.b
2026-03-07 03:48:56 +0100: Memory Usage (462052K) : Executing rule M4.e
2026-03-07 03:48:56 +0100: Memory Usage (462052K) : Executing rule M4.f
2026-03-07 03:48:56 +0100: Memory Usage (462052K) : Executing rule M4.g
2026-03-07 03:48:56 +0100: Memory Usage (462052K) : Executing rule M4.i
2026-03-07 03:48:56 +0100: Memory Usage (462052K) : Executing rule M5.a
2026-03-07 03:48:56 +0100: Memory Usage (462052K) : Executing rule M5.b
2026-03-07 03:48:56 +0100: Memory Usage (462052K) : Executing rule M5.e
2026-03-07 03:48:56 +0100: Memory Usage (462052K) : Executing rule M5.f
2026-03-07 03:48:56 +0100: Memory Usage (462052K) : Executing rule M5.g
2026-03-07 03:48:56 +0100: Memory Usage (462052K) : Executing rule M5.i
2026-03-07 03:48:56 +0100: Memory Usage (462052K) : Starting 5.18 Metaln:filler table
2026-03-07 03:48:56 +0100: Memory Usage (462052K) : Executing rule M1Fil.c
2026-03-07 03:48:56 +0100: Memory Usage (462052K) : Executing rule M1Fil.a2
2026-03-07 03:48:56 +0100: Memory Usage (462052K) : Executing rule M2Fil.c
2026-03-07 03:48:56 +0100: Memory Usage (462052K) : Executing rule M2Fil.a2
2026-03-07 03:48:56 +0100: Memory Usage (462052K) : Executing rule M3Fil.c
2026-03-07 03:48:56 +0100: Memory Usage (462052K) : Executing rule M3Fil.a2
2026-03-07 03:48:56 +0100: Memory Usage (462052K) : Executing rule M4Fil.c
2026-03-07 03:48:56 +0100: Memory Usage (462052K) : Executing rule M4Fil.a2
2026-03-07 03:48:56 +0100: Memory Usage (462052K) : Executing rule M5Fil.c
2026-03-07 03:48:56 +0100: Memory Usage (462052K) : Executing rule M5Fil.a2
2026-03-07 03:48:56 +0100: Memory Usage (462052K) : Starting 5.19. Via1 table
2026-03-07 03:48:56 +0100: Memory Usage (462052K) : Starting 5.19. Via1 table derivations
2026-03-07 03:48:56 +0100: Memory Usage (462052K) : Executing rule V1.a
2026-03-07 03:48:56 +0100: Memory Usage (462052K) : Executing rule V1.b
2026-03-07 03:48:56 +0100: Memory Usage (462052K) : Executing rule V1.c
2026-03-07 03:48:56 +0100: Memory Usage (462052K) : Starting 5.20. Vian table
2026-03-07 03:48:56 +0100: Memory Usage (462052K) : Executing rule V2.a
2026-03-07 03:48:56 +0100: Memory Usage (462052K) : Executing rule V2.b
2026-03-07 03:48:56 +0100: Memory Usage (462052K) : Executing rule V2.c
2026-03-07 03:48:56 +0100: Memory Usage (462052K) : Executing rule V3.a
2026-03-07 03:48:56 +0100: Memory Usage (462052K) : Executing rule V3.b
2026-03-07 03:48:56 +0100: Memory Usage (462052K) : Executing rule V3.c
2026-03-07 03:48:56 +0100: Memory Usage (462052K) : Executing rule V4.a
2026-03-07 03:48:56 +0100: Memory Usage (462052K) : Executing rule V4.b
2026-03-07 03:48:56 +0100: Memory Usage (462052K) : Executing rule V4.c
2026-03-07 03:48:56 +0100: Memory Usage (462180K) : Starting 5.21. TopVia1 table
2026-03-07 03:48:56 +0100: Memory Usage (462180K) : Executing rule TV1.a
2026-03-07 03:48:56 +0100: Memory Usage (462436K) : Executing rule TV1.b
2026-03-07 03:48:56 +0100: Memory Usage (462564K) : Executing rule TV1.c
2026-03-07 03:48:56 +0100: Memory Usage (462692K) : Executing rule TV1.d
2026-03-07 03:48:56 +0100: Memory Usage (462692K) : Starting 5.22. TopMetal1 table
2026-03-07 03:48:56 +0100: Memory Usage (462692K) : Executing rule TM1.a
2026-03-07 03:48:56 +0100: Memory Usage (462820K) : Executing rule TM1.b
2026-03-07 03:48:56 +0100: Memory Usage (462948K) : Starting 5.23 TopMetal1:filler table
2026-03-07 03:48:56 +0100: Memory Usage (462948K) : Executing rule TM1Fil.c
2026-03-07 03:48:56 +0100: Memory Usage (463076K) : Executing rule TM1Fil.a1
2026-03-07 03:48:56 +0100: Memory Usage (463076K) : Starting 5.24. TopVia2 table
2026-03-07 03:48:56 +0100: Memory Usage (463076K) : Executing rule TV2.a
2026-03-07 03:48:56 +0100: Memory Usage (463076K) : Executing rule TV2.b
2026-03-07 03:48:56 +0100: Memory Usage (463076K) : Executing rule TV2.c
2026-03-07 03:48:56 +0100: Memory Usage (463076K) : Executing rule TV2.d
2026-03-07 03:48:56 +0100: Memory Usage (463076K) : Starting 5.25. TopMetal2 table
2026-03-07 03:48:56 +0100: Memory Usage (463076K) : Executing rule TM2.a
2026-03-07 03:48:56 +0100: Memory Usage (463076K) : Executing rule TM2.b
2026-03-07 03:48:56 +0100: Memory Usage (463076K) : Executing rule TM2.bR
2026-03-07 03:48:56 +0100: Memory Usage (463076K) : Starting 5.26 TopMetal2:filler table
2026-03-07 03:48:56 +0100: Memory Usage (463076K) : Executing rule TM2Fil.c
2026-03-07 03:48:56 +0100: Memory Usage (463076K) : Executing rule TM2Fil.a1
2026-03-07 03:48:56 +0100: Memory Usage (463076K) : Starting 5.27. Passiv table
2026-03-07 03:48:56 +0100: Memory Usage (463076K) : Executing rule Pas.a
2026-03-07 03:48:56 +0100: Memory Usage (463076K) : Executing rule Pas.b
2026-03-07 03:48:56 +0100: Memory Usage (463076K) : Executing rule Pas.c
2026-03-07 03:48:56 +0100: Memory Usage (463076K) : Starting 6.9.2 Copper Pillar table
2026-03-07 03:48:56 +0100: Memory Usage (463076K) : Executing rule Padc.a
2026-03-07 03:48:56 +0100: Memory Usage (463076K) : Executing rule Padc.b
2026-03-07 03:48:56 +0100: Memory Usage (463076K) : Executing rule Padc.c
2026-03-07 03:48:56 +0100: Memory Usage (463076K) : Executing rule Padb.f
2026-03-07 03:48:56 +0100: Memory Usage (463076K) : Starting 6.9 Pad table
2026-03-07 03:48:56 +0100: Memory Usage (463076K) : Executing rule Pad.m
2026-03-07 03:48:56 +0100: Memory Usage (463076K) : Executing rule Pad.fR_M1
2026-03-07 03:48:56 +0100: Memory Usage (463076K) : Executing rule Pad.fR_M2
2026-03-07 03:48:56 +0100: Memory Usage (463076K) : Executing rule Pad.fR_M3
2026-03-07 03:48:57 +0100: Memory Usage (463076K) : Executing rule Pad.fR_M4
2026-03-07 03:48:57 +0100: Memory Usage (463076K) : Executing rule Pad.fR_M5
2026-03-07 03:48:57 +0100: Memory Usage (463076K) : Executing rule Pad.fR_TM1
2026-03-07 03:48:57 +0100: Memory Usage (463076K) : Executing rule Pad.fR_TM2
2026-03-07 03:48:57 +0100: Memory Usage (463076K) : Executing rule Pad.i
2026-03-07 03:48:57 +0100: Memory Usage (463076K) : Starting 6.9.1 Solder Bump
2026-03-07 03:48:57 +0100: Memory Usage (463076K) : Executing rule Padb.a
2026-03-07 03:48:57 +0100: Memory Usage (463076K) : Executing rule Padb.b
2026-03-07 03:48:57 +0100: Memory Usage (463076K) : Executing rule Padb.c
2026-03-07 03:48:57 +0100: Memory Usage (463204K) : Executing rule Padb.f
2026-03-07 03:48:57 +0100: Memory Usage (463844K) : Executing rule Padb.d
2026-03-07 03:48:57 +0100: Memory Usage (463972K) : Starting 6.10 Sealring table
2026-03-07 03:48:57 +0100: Memory Usage (463972K) : Executing rule Seal.l
2026-03-07 03:48:57 +0100: Memory Usage (463972K) : Executing rule Seal.n
2026-03-07 03:48:57 +0100: Memory Usage (464100K) : Executing rule seal.b_metal1
2026-03-07 03:48:57 +0100: Memory Usage (464356K) : Executing rule seal.b_metal2
2026-03-07 03:48:57 +0100: Memory Usage (464484K) : Executing rule seal.b_metal3
2026-03-07 03:48:57 +0100: Memory Usage (464740K) : Executing rule seal.b_metal4
2026-03-07 03:48:57 +0100: Memory Usage (464868K) : Executing rule seal.b_metal5
2026-03-07 03:48:57 +0100: Memory Usage (464996K) : Executing rule seal.b_topmetal1
2026-03-07 03:48:57 +0100: Memory Usage (465252K) : Executing rule seal.b_topmetal2
2026-03-07 03:48:57 +0100: Memory Usage (465380K) : Executing rule seal.b_activ
2026-03-07 03:48:57 +0100: Memory Usage (465636K) : Executing rule seal.b_psd
2026-03-07 03:48:57 +0100: Memory Usage (465764K) : Executing rule Seal.k
2026-03-07 03:48:57 +0100: Memory Usage (466148K) : Executing rule Seal.m
2026-03-07 03:48:57 +0100: Memory Usage (466148K) : Starting 6.11 MIM table
2026-03-07 03:48:57 +0100: Memory Usage (466148K) : Executing rule MIM.c
2026-03-07 03:48:57 +0100: Memory Usage (466532K) : Executing rule MIM.d
2026-03-07 03:48:57 +0100: Memory Usage (466660K) : Executing rule MIM.gR
2026-03-07 03:48:57 +0100: Memory Usage (466660K) : Starting 7.3 Metal Slits table
2026-03-07 03:48:57 +0100: Memory Usage (466660K) : Executing rule Slt.e1_M1
2026-03-07 03:48:57 +0100: Memory Usage (466788K) : Executing rule Slt.e1_M2
2026-03-07 03:48:57 +0100: Memory Usage (466916K) : Executing rule Slt.e1_M3
2026-03-07 03:48:57 +0100: Memory Usage (467044K) : Executing rule Slt.e1_M4
2026-03-07 03:48:57 +0100: Memory Usage (467172K) : Executing rule Slt.e1_M5
2026-03-07 03:48:57 +0100: Memory Usage (467428K) : Executing rule Slt.e1_TM1
2026-03-07 03:48:57 +0100: Memory Usage (467556K) : Executing rule Slt.e1_TM2
2026-03-07 03:48:57 +0100: Memory Usage (467684K) : Starting 9.1. LBE table
2026-03-07 03:48:57 +0100: Memory Usage (467812K) : Executing rule LBE.a
2026-03-07 03:48:57 +0100: Memory Usage (467940K) : Executing rule LBE.b
2026-03-07 03:48:57 +0100: Memory Usage (468068K) : Executing rule LBE.b1
2026-03-07 03:48:57 +0100: Memory Usage (468196K) : Executing rule LBE.c
2026-03-07 03:48:57 +0100: Memory Usage (468324K) : Executing rule LBE.d
2026-03-07 03:48:57 +0100: Memory Usage (468452K) : Executing rule LBE.h
2026-03-07 03:48:57 +0100: Memory Usage (468580K) : Starting 7.4. PIN table
2026-03-07 03:48:57 +0100: Memory Usage (468580K) : Executing rule Pin.a
2026-03-07 03:48:57 +0100: Memory Usage (468708K) : Executing rule Pin.b
2026-03-07 03:48:57 +0100: Memory Usage (468836K) : Executing rule Pin.e
2026-03-07 03:48:57 +0100: Memory Usage (469092K) : Executing rule Pin.f_M2
2026-03-07 03:48:57 +0100: Memory Usage (469220K) : Executing rule Pin.f_M3
2026-03-07 03:48:57 +0100: Memory Usage (469348K) : Executing rule Pin.f_M4
2026-03-07 03:48:57 +0100: Memory Usage (469604K) : Executing rule Pin.f_M5
2026-03-07 03:48:57 +0100: Memory Usage (469732K) : Executing rule Pin.g
2026-03-07 03:48:57 +0100: Memory Usage (469860K) : Executing rule Pin.h
2026-03-07 03:48:57 +0100: Memory Usage (469988K) : Starting 3.2. FORBIDDEN table
2026-03-07 03:48:57 +0100: Memory Usage (469988K) : Executing rule forbidden.biwind
2026-03-07 03:48:57 +0100: Memory Usage (470116K) : Executing rule forbidden.pemwind
2026-03-07 03:48:57 +0100: Memory Usage (470244K) : Executing rule forbidden.baspoly
2026-03-07 03:48:57 +0100: Memory Usage (470244K) : Executing rule forbidden.deepco
2026-03-07 03:48:57 +0100: Memory Usage (470372K) : Executing rule forbidden.pempoly
2026-03-07 03:48:57 +0100: Memory Usage (470372K) : Executing rule forbidden.empoly
2026-03-07 03:48:57 +0100: Memory Usage (470500K) : Executing rule forbidden.ldmos
2026-03-07 03:48:57 +0100: Memory Usage (470628K) : Executing rule forbidden.pbiwind
2026-03-07 03:48:57 +0100: Memory Usage (470628K) : Executing rule forbidden.nodrc
2026-03-07 03:48:57 +0100: Memory Usage (470756K) : Executing rule forbidden.flash
2026-03-07 03:48:57 +0100: Memory Usage (470884K) : Executing rule forbidden.colwind
2026-03-07 03:48:57 +0100: Memory Usage (470884K) : KLayout DRC run for tables 'main' completed in 3.64 seconds
