# Logfile created on 2026-03-05 03:08:20 +0100 by logger.rb/v1.5.3
2026-03-05 03:08:20 +0100: Memory Usage (437128K) : Starting running IHP-SG13G2 KLayout DRC runset on /foss/designs/HPAmplifier/OTA_Telescopic/Layout_and_Related_files/OTA_Telescopic_currentRef.gds
2026-03-05 03:08:20 +0100: Memory Usage (437128K) : Ruby Version for klayout: 3.2.3
2026-03-05 03:08:20 +0100: Memory Usage (437896K) : Loading database to memory is complete.
2026-03-05 03:08:20 +0100: Memory Usage (437896K) : IHP-SG13G2 KLayout DRC runset output at: /foss/designs/HPAmplifier/OTA_Telescopic/Layout_and_Related_files/drc_run_OTA_Telescopic_currentRef/OTA_Telescopic_currentRef_OTA_Telescopic_currentRef_main.lyrdb
2026-03-05 03:08:20 +0100: Memory Usage (438024K) : Evaluate switches.
2026-03-05 03:08:20 +0100: Memory Usage (438024K) : tables selected: main
2026-03-05 03:08:20 +0100: Memory Usage (438024K) : KLayout will use 1 thread(s) in tiled mode.
2026-03-05 03:08:20 +0100: Memory Usage (438024K) : deep mode is enabled.
2026-03-05 03:08:20 +0100: Memory Usage (438024K) : FEOL enabled: true
2026-03-05 03:08:20 +0100: Memory Usage (438024K) : BEOL enabled: true
2026-03-05 03:08:20 +0100: Memory Usage (438024K) : OFFGRID enabled: true
2026-03-05 03:08:20 +0100: Memory Usage (438024K) : PIN enabled: true
2026-03-05 03:08:20 +0100: Memory Usage (438024K) : FORBIDDEN enabled: true
2026-03-05 03:08:20 +0100: Memory Usage (438024K) : RECOMMENDED enabled: true
2026-03-05 03:08:20 +0100: Memory Usage (438024K) : PreCheck DRC enabled: false
2026-03-05 03:08:20 +0100: Memory Usage (438024K) : CONNECTIVITY_RULES enabled: true.
2026-03-05 03:08:20 +0100: Memory Usage (438024K) : Read in polygons from layers.
2026-03-05 03:08:20 +0100: Memory Usage (439048K) : activ_drw has 60 polygons
2026-03-05 03:08:20 +0100: Memory Usage (439048K) : activ_pin has 0 polygons
2026-03-05 03:08:20 +0100: Memory Usage (439048K) : activ_mask has 0 polygons
2026-03-05 03:08:20 +0100: Memory Usage (439048K) : activ_filler has 0 polygons
2026-03-05 03:08:20 +0100: Memory Usage (439048K) : activ_nofill has 0 polygons
2026-03-05 03:08:20 +0100: Memory Usage (439048K) : activ_opc has 0 polygons
2026-03-05 03:08:20 +0100: Memory Usage (439048K) : activ_iopc has 0 polygons
2026-03-05 03:08:20 +0100: Memory Usage (439048K) : activ_noqrc has 0 polygons
2026-03-05 03:08:20 +0100: Memory Usage (439048K) : biwind_drw has 0 polygons
2026-03-05 03:08:20 +0100: Memory Usage (439048K) : biwind_opc has 0 polygons
2026-03-05 03:08:20 +0100: Memory Usage (439048K) : pemwind_drw has 0 polygons
2026-03-05 03:08:20 +0100: Memory Usage (439048K) : gatpoly_drw has 62 polygons
2026-03-05 03:08:20 +0100: Memory Usage (439048K) : gatpoly_pin has 11 polygons
2026-03-05 03:08:20 +0100: Memory Usage (439048K) : gatpoly_filler has 0 polygons
2026-03-05 03:08:20 +0100: Memory Usage (439048K) : gatpoly_nofill has 0 polygons
2026-03-05 03:08:20 +0100: Memory Usage (439048K) : gatpoly_opc has 0 polygons
2026-03-05 03:08:20 +0100: Memory Usage (439048K) : gatpoly_iopc has 0 polygons
2026-03-05 03:08:20 +0100: Memory Usage (439048K) : gatpoly_noqrc has 0 polygons
2026-03-05 03:08:20 +0100: Memory Usage (439176K) : cont_drw has 1653 polygons
2026-03-05 03:08:20 +0100: Memory Usage (439176K) : cont_opc has 0 polygons
2026-03-05 03:08:20 +0100: Memory Usage (439176K) : nsd_drw has 0 polygons
2026-03-05 03:08:20 +0100: Memory Usage (439176K) : nsd_block has 0 polygons
2026-03-05 03:08:20 +0100: Memory Usage (439176K) : metal1_drw has 137 polygons
2026-03-05 03:08:20 +0100: Memory Usage (439176K) : metal1_pin has 26 polygons
2026-03-05 03:08:20 +0100: Memory Usage (439176K) : metal1_mask has 0 polygons
2026-03-05 03:08:20 +0100: Memory Usage (439304K) : metal1_filler has 0 polygons
2026-03-05 03:08:20 +0100: Memory Usage (439432K) : metal1_nofill has 0 polygons
2026-03-05 03:08:20 +0100: Memory Usage (439560K) : metal1_slit has 0 polygons
2026-03-05 03:08:20 +0100: Memory Usage (439688K) : metal1_text has 2 polygons
2026-03-05 03:08:20 +0100: Memory Usage (439688K) : metal1_opc has 0 polygons
2026-03-05 03:08:20 +0100: Memory Usage (439688K) : metal1_noqrc has 0 polygons
2026-03-05 03:08:20 +0100: Memory Usage (439688K) : metal1_res has 0 polygons
2026-03-05 03:08:20 +0100: Memory Usage (439688K) : metal1_iprobe has 0 polygons
2026-03-05 03:08:20 +0100: Memory Usage (439816K) : metal1_diffprb has 0 polygons
2026-03-05 03:08:20 +0100: Memory Usage (439816K) : passiv_drw has 0 polygons
2026-03-05 03:08:20 +0100: Memory Usage (439944K) : passiv_pin has 0 polygons
2026-03-05 03:08:20 +0100: Memory Usage (439944K) : passiv_sbump has 0 polygons
2026-03-05 03:08:20 +0100: Memory Usage (440072K) : passiv_pillar has 0 polygons
2026-03-05 03:08:20 +0100: Memory Usage (440072K) : passiv_pdl has 0 polygons
2026-03-05 03:08:20 +0100: Memory Usage (440072K) : metal2_drw has 27 polygons
2026-03-05 03:08:20 +0100: Memory Usage (440200K) : metal2_pin has 0 polygons
2026-03-05 03:08:20 +0100: Memory Usage (440200K) : metal2_mask has 0 polygons
2026-03-05 03:08:20 +0100: Memory Usage (440328K) : metal2_filler has 0 polygons
2026-03-05 03:08:20 +0100: Memory Usage (440328K) : metal2_nofill has 0 polygons
2026-03-05 03:08:20 +0100: Memory Usage (440456K) : metal2_slit has 0 polygons
2026-03-05 03:08:20 +0100: Memory Usage (440456K) : metal2_text has 0 polygons
2026-03-05 03:08:20 +0100: Memory Usage (440584K) : metal2_opc has 0 polygons
2026-03-05 03:08:20 +0100: Memory Usage (440584K) : metal2_noqrc has 0 polygons
2026-03-05 03:08:20 +0100: Memory Usage (440712K) : metal2_res has 0 polygons
2026-03-05 03:08:20 +0100: Memory Usage (440712K) : metal2_iprobe has 0 polygons
2026-03-05 03:08:20 +0100: Memory Usage (440840K) : metal2_diffprb has 0 polygons
2026-03-05 03:08:20 +0100: Memory Usage (440840K) : baspoly_drw has 0 polygons
2026-03-05 03:08:20 +0100: Memory Usage (440968K) : baspoly_pin has 0 polygons
2026-03-05 03:08:20 +0100: Memory Usage (440968K) : psd_drw has 10 polygons
2026-03-05 03:08:20 +0100: Memory Usage (440968K) : nldb_drw has 0 polygons
2026-03-05 03:08:20 +0100: Memory Usage (441096K) : digibnd_drw has 0 polygons
2026-03-05 03:08:20 +0100: Memory Usage (441096K) : via1_drw has 166 polygons
2026-03-05 03:08:20 +0100: Memory Usage (441224K) : backmetal1_drw has 0 polygons
2026-03-05 03:08:20 +0100: Memory Usage (441224K) : backmetal1_pin has 0 polygons
2026-03-05 03:08:20 +0100: Memory Usage (441352K) : backmetal1_mask has 0 polygons
2026-03-05 03:08:20 +0100: Memory Usage (441352K) : backmetal1_filler has 0 polygons
2026-03-05 03:08:20 +0100: Memory Usage (441352K) : backmetal1_nofill has 0 polygons
2026-03-05 03:08:20 +0100: Memory Usage (441480K) : backmetal1_slit has 0 polygons
2026-03-05 03:08:20 +0100: Memory Usage (441480K) : backmetal1_text has 0 polygons
2026-03-05 03:08:20 +0100: Memory Usage (441608K) : backmetal1_opc has 0 polygons
2026-03-05 03:08:20 +0100: Memory Usage (441608K) : backmetal1_noqrc has 0 polygons
2026-03-05 03:08:20 +0100: Memory Usage (441736K) : backmetal1_res has 0 polygons
2026-03-05 03:08:20 +0100: Memory Usage (441736K) : backmetal1_iprobe has 0 polygons
2026-03-05 03:08:20 +0100: Memory Usage (441736K) : backmetal1_diffprb has 0 polygons
2026-03-05 03:08:20 +0100: Memory Usage (441864K) : backpassiv_drw has 0 polygons
2026-03-05 03:08:20 +0100: Memory Usage (441864K) : res_drw has 0 polygons
2026-03-05 03:08:20 +0100: Memory Usage (441992K) : sram_drw has 0 polygons
2026-03-05 03:08:20 +0100: Memory Usage (442120K) : trans_drw has 0 polygons
2026-03-05 03:08:20 +0100: Memory Usage (442120K) : ind_drw has 0 polygons
2026-03-05 03:08:20 +0100: Memory Usage (442120K) : ind_pin has 0 polygons
2026-03-05 03:08:20 +0100: Memory Usage (442248K) : ind_text has 0 polygons
2026-03-05 03:08:20 +0100: Memory Usage (442248K) : salblock_drw has 1 polygons
2026-03-05 03:08:20 +0100: Memory Usage (442376K) : via2_drw has 32 polygons
2026-03-05 03:08:20 +0100: Memory Usage (442504K) : metal3_drw has 8 polygons
2026-03-05 03:08:20 +0100: Memory Usage (442504K) : metal3_pin has 0 polygons
2026-03-05 03:08:20 +0100: Memory Usage (442632K) : metal3_mask has 0 polygons
2026-03-05 03:08:20 +0100: Memory Usage (442760K) : metal3_filler has 0 polygons
2026-03-05 03:08:20 +0100: Memory Usage (442760K) : metal3_nofill has 0 polygons
2026-03-05 03:08:20 +0100: Memory Usage (442760K) : metal3_slit has 0 polygons
2026-03-05 03:08:20 +0100: Memory Usage (442888K) : metal3_text has 0 polygons
2026-03-05 03:08:20 +0100: Memory Usage (442888K) : metal3_opc has 0 polygons
2026-03-05 03:08:20 +0100: Memory Usage (443016K) : metal3_noqrc has 0 polygons
2026-03-05 03:08:20 +0100: Memory Usage (443016K) : metal3_res has 0 polygons
2026-03-05 03:08:20 +0100: Memory Usage (443016K) : metal3_iprobe has 0 polygons
2026-03-05 03:08:20 +0100: Memory Usage (443144K) : metal3_diffprb has 0 polygons
2026-03-05 03:08:20 +0100: Memory Usage (443144K) : nwell_drw has 4 polygons
2026-03-05 03:08:20 +0100: Memory Usage (443272K) : nwell_pin has 0 polygons
2026-03-05 03:08:20 +0100: Memory Usage (443272K) : nbulay_drw has 0 polygons
2026-03-05 03:08:20 +0100: Memory Usage (443400K) : nbulay_pin has 0 polygons
2026-03-05 03:08:20 +0100: Memory Usage (443400K) : nbulay_block has 0 polygons
2026-03-05 03:08:20 +0100: Memory Usage (443400K) : emwind_drw has 0 polygons
2026-03-05 03:08:20 +0100: Memory Usage (443528K) : emwind_opc has 0 polygons
2026-03-05 03:08:20 +0100: Memory Usage (443656K) : deepco_drw has 0 polygons
2026-03-05 03:08:20 +0100: Memory Usage (443784K) : deepco_drw has 0 polygons
2026-03-05 03:08:20 +0100: Memory Usage (443784K) : mim_drw has 0 polygons
2026-03-05 03:08:20 +0100: Memory Usage (443912K) : edgeseal_drw has 0 polygons
2026-03-05 03:08:20 +0100: Memory Usage (443912K) : edgeseal_bound has 0 polygons
2026-03-05 03:08:20 +0100: Memory Usage (443912K) : substrate_drw has 3 polygons
2026-03-05 03:08:20 +0100: Memory Usage (444040K) : substrate_text has 0 polygons
2026-03-05 03:08:20 +0100: Memory Usage (444040K) : dfpad_drw has 0 polygons
2026-03-05 03:08:20 +0100: Memory Usage (444168K) : dfpad_pillar has 0 polygons
2026-03-05 03:08:20 +0100: Memory Usage (444168K) : dfpad_sbump has 0 polygons
2026-03-05 03:08:20 +0100: Memory Usage (444296K) : thickgateox_drw has 0 polygons
2026-03-05 03:08:20 +0100: Memory Usage (444296K) : pldb_drw has 0 polygons
2026-03-05 03:08:20 +0100: Memory Usage (444296K) : pwell_drw has 0 polygons
2026-03-05 03:08:20 +0100: Memory Usage (444424K) : pwell_pin has 0 polygons
2026-03-05 03:08:20 +0100: Memory Usage (444424K) : pwell_block has 0 polygons
2026-03-05 03:08:20 +0100: Memory Usage (444552K) : ic_drw has 0 polygons
2026-03-05 03:08:20 +0100: Memory Usage (444680K) : via3_drw has 6 polygons
2026-03-05 03:08:20 +0100: Memory Usage (444680K) : metal4_drw has 2 polygons
2026-03-05 03:08:20 +0100: Memory Usage (444680K) : metal4_pin has 0 polygons
2026-03-05 03:08:20 +0100: Memory Usage (444808K) : metal4_mask has 0 polygons
2026-03-05 03:08:20 +0100: Memory Usage (444808K) : metal4_filler has 0 polygons
2026-03-05 03:08:20 +0100: Memory Usage (444936K) : metal4_nofill has 0 polygons
2026-03-05 03:08:20 +0100: Memory Usage (444936K) : metal4_slit has 0 polygons
2026-03-05 03:08:20 +0100: Memory Usage (445064K) : metal4_text has 0 polygons
2026-03-05 03:08:20 +0100: Memory Usage (445064K) : metal4_opc has 0 polygons
2026-03-05 03:08:20 +0100: Memory Usage (445064K) : metal4_noqrc has 0 polygons
2026-03-05 03:08:20 +0100: Memory Usage (445192K) : metal4_res has 0 polygons
2026-03-05 03:08:20 +0100: Memory Usage (445320K) : metal4_iprobe has 0 polygons
2026-03-05 03:08:20 +0100: Memory Usage (445320K) : metal4_diffprb has 0 polygons
2026-03-05 03:08:20 +0100: Memory Usage (445448K) : heattrans_drw has 27 polygons
2026-03-05 03:08:20 +0100: Memory Usage (445448K) : heatres_drw has 1 polygons
2026-03-05 03:08:20 +0100: Memory Usage (445576K) : pempoly_drw has 0 polygons
2026-03-05 03:08:20 +0100: Memory Usage (445576K) : fbe_drw has 0 polygons
2026-03-05 03:08:20 +0100: Memory Usage (445576K) : empoly_drw has 0 polygons
2026-03-05 03:08:20 +0100: Memory Usage (445704K) : ldmos_drw has 0 polygons
2026-03-05 03:08:20 +0100: Memory Usage (445832K) : pbiwind_drw has 0 polygons
2026-03-05 03:08:20 +0100: Memory Usage (445832K) : digisub_drw has 0 polygons
2026-03-05 03:08:20 +0100: Memory Usage (445960K) : nodrc_drw has 0 polygons
2026-03-05 03:08:20 +0100: Memory Usage (445960K) : text_drw has 15 polygons
2026-03-05 03:08:20 +0100: Memory Usage (446088K) : via4_drw has 6 polygons
2026-03-05 03:08:20 +0100: Memory Usage (446088K) : metal5_drw has 2 polygons
2026-03-05 03:08:20 +0100: Memory Usage (446088K) : metal5_pin has 0 polygons
2026-03-05 03:08:20 +0100: Memory Usage (446216K) : metal5_mask has 0 polygons
2026-03-05 03:08:20 +0100: Memory Usage (446216K) : metal5_filler has 0 polygons
2026-03-05 03:08:20 +0100: Memory Usage (446344K) : metal5_nofill has 0 polygons
2026-03-05 03:08:20 +0100: Memory Usage (446344K) : metal5_slit has 0 polygons
2026-03-05 03:08:20 +0100: Memory Usage (446472K) : metal5_text has 0 polygons
2026-03-05 03:08:20 +0100: Memory Usage (446472K) : metal5_opc has 0 polygons
2026-03-05 03:08:20 +0100: Memory Usage (446472K) : metal5_noqrc has 0 polygons
2026-03-05 03:08:20 +0100: Memory Usage (446600K) : metal5_res has 0 polygons
2026-03-05 03:08:20 +0100: Memory Usage (446600K) : metal5_iprobe has 0 polygons
2026-03-05 03:08:20 +0100: Memory Usage (446728K) : metal5_diffprb has 0 polygons
2026-03-05 03:08:20 +0100: Memory Usage (446856K) : radhard_drw has 0 polygons
2026-03-05 03:08:20 +0100: Memory Usage (446856K) : memcap_drw has 0 polygons
2026-03-05 03:08:20 +0100: Memory Usage (446984K) : varicap_drw has 0 polygons
2026-03-05 03:08:20 +0100: Memory Usage (446984K) : flash_drw has 0 polygons
2026-03-05 03:08:20 +0100: Memory Usage (447112K) : intbondvia_drw has 0 polygons
2026-03-05 03:08:20 +0100: Memory Usage (447112K) : intbondmet_drw has 0 polygons
2026-03-05 03:08:20 +0100: Memory Usage (447240K) : devbondvia_drw has 0 polygons
2026-03-05 03:08:20 +0100: Memory Usage (447240K) : devbondmet_drw has 0 polygons
2026-03-05 03:08:20 +0100: Memory Usage (447240K) : devtrench_drw has 0 polygons
2026-03-05 03:08:20 +0100: Memory Usage (447368K) : redist_drw has 0 polygons
2026-03-05 03:08:20 +0100: Memory Usage (447368K) : graphbot_drw has 0 polygons
2026-03-05 03:08:20 +0100: Memory Usage (447496K) : graphtop_drw has 0 polygons
2026-03-05 03:08:20 +0100: Memory Usage (447496K) : antvia1_drw has 0 polygons
2026-03-05 03:08:20 +0100: Memory Usage (447624K) : antmetal2_drw has 0 polygons
2026-03-05 03:08:20 +0100: Memory Usage (447624K) : graphcont_drw has 0 polygons
2026-03-05 03:08:20 +0100: Memory Usage (447752K) : siwg_drw has 0 polygons
2026-03-05 03:08:20 +0100: Memory Usage (447752K) : siwg_filler has 0 polygons
2026-03-05 03:08:20 +0100: Memory Usage (447752K) : siwg_nofill has 0 polygons
2026-03-05 03:08:20 +0100: Memory Usage (447880K) : sigrating_drw has 0 polygons
2026-03-05 03:08:20 +0100: Memory Usage (448008K) : singrating_drw has 0 polygons
2026-03-05 03:08:20 +0100: Memory Usage (448008K) : graphpas_drw has 0 polygons
2026-03-05 03:08:20 +0100: Memory Usage (448136K) : emwind3_drw has 0 polygons
2026-03-05 03:08:20 +0100: Memory Usage (448136K) : emwihv3_drw has 0 polygons
2026-03-05 03:08:20 +0100: Memory Usage (448136K) : redbulay_drw has 0 polygons
2026-03-05 03:08:20 +0100: Memory Usage (448264K) : smos_drw has 0 polygons
2026-03-05 03:08:20 +0100: Memory Usage (448264K) : graphpad_drw has 0 polygons
2026-03-05 03:08:20 +0100: Memory Usage (448392K) : polimide_drw has 0 polygons
2026-03-05 03:08:20 +0100: Memory Usage (448520K) : polimide_pin has 0 polygons
2026-03-05 03:08:20 +0100: Memory Usage (448520K) : recog_drw has 0 polygons
2026-03-05 03:08:20 +0100: Memory Usage (448520K) : recog_pin has 0 polygons
2026-03-05 03:08:20 +0100: Memory Usage (448520K) : recog_esd has 0 polygons
2026-03-05 03:08:20 +0100: Memory Usage (448648K) : recog_diode has 0 polygons
2026-03-05 03:08:20 +0100: Memory Usage (448648K) : recog_tsv has 0 polygons
2026-03-05 03:08:20 +0100: Memory Usage (448648K) : recog_iprobe has 0 polygons
2026-03-05 03:08:20 +0100: Memory Usage (448648K) : recog_diffprb has 0 polygons
2026-03-05 03:08:20 +0100: Memory Usage (448776K) : recog_pillar has 0 polygons
2026-03-05 03:08:20 +0100: Memory Usage (448776K) : recog_sbump has 0 polygons
2026-03-05 03:08:20 +0100: Memory Usage (448776K) : recog_otp has 0 polygons
2026-03-05 03:08:20 +0100: Memory Usage (448904K) : recog_pdiode has 0 polygons
2026-03-05 03:08:20 +0100: Memory Usage (448904K) : recog_mom has 0 polygons
2026-03-05 03:08:20 +0100: Memory Usage (448904K) : recog_pcm has 0 polygons
2026-03-05 03:08:20 +0100: Memory Usage (449032K) : colopen_drw has 0 polygons
2026-03-05 03:08:20 +0100: Memory Usage (449032K) : graphmetal1_drw has 0 polygons
2026-03-05 03:08:20 +0100: Memory Usage (449032K) : graphmetal1_filler has 0 polygons
2026-03-05 03:08:20 +0100: Memory Usage (449032K) : graphmetal1_nofill has 0 polygons
2026-03-05 03:08:20 +0100: Memory Usage (449160K) : graphmetal1_slit has 0 polygons
2026-03-05 03:08:20 +0100: Memory Usage (449160K) : graphmetal1_opc has 0 polygons
2026-03-05 03:08:20 +0100: Memory Usage (449288K) : graphmet1l_drw has 0 polygons
2026-03-05 03:08:20 +0100: Memory Usage (449288K) : graphmet1l_filler has 0 polygons
2026-03-05 03:08:20 +0100: Memory Usage (449416K) : graphmet1l_nofill has 0 polygons
2026-03-05 03:08:20 +0100: Memory Usage (449416K) : graphmet1l_slit has 0 polygons
2026-03-05 03:08:20 +0100: Memory Usage (449416K) : graphmet1l_opc has 0 polygons
2026-03-05 03:08:20 +0100: Memory Usage (449544K) : extblock_drw has 3 polygons
2026-03-05 03:08:20 +0100: Memory Usage (449544K) : nldd_drw has 0 polygons
2026-03-05 03:08:20 +0100: Memory Usage (449672K) : pldd_drw has 0 polygons
2026-03-05 03:08:20 +0100: Memory Usage (449672K) : next_drw has 0 polygons
2026-03-05 03:08:20 +0100: Memory Usage (449672K) : pext_drw has 0 polygons
2026-03-05 03:08:20 +0100: Memory Usage (449800K) : nexthv_drw has 0 polygons
2026-03-05 03:08:20 +0100: Memory Usage (449800K) : pexthv_drw has 0 polygons
2026-03-05 03:08:20 +0100: Memory Usage (449928K) : graphgate_drw has 0 polygons
2026-03-05 03:08:20 +0100: Memory Usage (449928K) : sinwg_drw has 0 polygons
2026-03-05 03:08:20 +0100: Memory Usage (449928K) : sinwg_filler has 0 polygons
2026-03-05 03:08:20 +0100: Memory Usage (450056K) : sinwg_nofill has 0 polygons
2026-03-05 03:08:20 +0100: Memory Usage (450056K) : mempad_drw has 0 polygons
2026-03-05 03:08:20 +0100: Memory Usage (450056K) : topvia1_drw has 2 polygons
2026-03-05 03:08:20 +0100: Memory Usage (450056K) : topmetal1_drw has 2 polygons
2026-03-05 03:08:20 +0100: Memory Usage (450184K) : topmetal1_pin has 2 polygons
2026-03-05 03:08:20 +0100: Memory Usage (450184K) : topmetal1_mask has 0 polygons
2026-03-05 03:08:20 +0100: Memory Usage (450312K) : topmetal1_filler has 0 polygons
2026-03-05 03:08:20 +0100: Memory Usage (450312K) : topmetal1_nofill has 0 polygons
2026-03-05 03:08:20 +0100: Memory Usage (450312K) : topmetal1_slit has 0 polygons
2026-03-05 03:08:20 +0100: Memory Usage (450440K) : topmetal1_text has 2 polygons
2026-03-05 03:08:20 +0100: Memory Usage (450440K) : topmetal1_noqrc has 0 polygons
2026-03-05 03:08:20 +0100: Memory Usage (450568K) : topmetal1_res has 0 polygons
2026-03-05 03:08:20 +0100: Memory Usage (450568K) : topmetal1_iprobe has 0 polygons
2026-03-05 03:08:20 +0100: Memory Usage (450568K) : topmetal1_diffprb has 0 polygons
2026-03-05 03:08:20 +0100: Memory Usage (450696K) : inldpwl_drw has 0 polygons
2026-03-05 03:08:20 +0100: Memory Usage (450696K) : polyres_drw has 1 polygons
2026-03-05 03:08:20 +0100: Memory Usage (450696K) : polyres_pin has 0 polygons
2026-03-05 03:08:20 +0100: Memory Usage (450824K) : vmim_drw has 0 polygons
2026-03-05 03:08:20 +0100: Memory Usage (450824K) : nbulaycut_drw has 0 polygons
2026-03-05 03:08:20 +0100: Memory Usage (450952K) : antmetal1_drw has 0 polygons
2026-03-05 03:08:20 +0100: Memory Usage (450952K) : topvia2_drw has 0 polygons
2026-03-05 03:08:20 +0100: Memory Usage (451080K) : topmetal2_drw has 0 polygons
2026-03-05 03:08:20 +0100: Memory Usage (451080K) : topmetal2_pin has 0 polygons
2026-03-05 03:08:20 +0100: Memory Usage (451208K) : topmetal2_mask has 0 polygons
2026-03-05 03:08:20 +0100: Memory Usage (451208K) : topmetal2_filler has 0 polygons
2026-03-05 03:08:20 +0100: Memory Usage (451208K) : topmetal2_nofill has 0 polygons
2026-03-05 03:08:20 +0100: Memory Usage (451336K) : topmetal2_slit has 0 polygons
2026-03-05 03:08:20 +0100: Memory Usage (451336K) : topmetal2_text has 0 polygons
2026-03-05 03:08:20 +0100: Memory Usage (451464K) : topmetal2_noqrc has 0 polygons
2026-03-05 03:08:20 +0100: Memory Usage (451464K) : topmetal2_res has 0 polygons
2026-03-05 03:08:20 +0100: Memory Usage (451592K) : topmetal2_iprobe has 0 polygons
2026-03-05 03:08:20 +0100: Memory Usage (451592K) : topmetal2_diffprb has 0 polygons
2026-03-05 03:08:20 +0100: Memory Usage (451592K) : snsring_drw has 0 polygons
2026-03-05 03:08:20 +0100: Memory Usage (451720K) : sensor_drw has 0 polygons
2026-03-05 03:08:20 +0100: Memory Usage (451720K) : snsarms_drw has 0 polygons
2026-03-05 03:08:20 +0100: Memory Usage (451848K) : snscmosvia_drw has 0 polygons
2026-03-05 03:08:20 +0100: Memory Usage (451848K) : colwind_drw has 0 polygons
2026-03-05 03:08:20 +0100: Memory Usage (451976K) : flm_drw has 0 polygons
2026-03-05 03:08:20 +0100: Memory Usage (451976K) : hafniumox_drw has 0 polygons
2026-03-05 03:08:20 +0100: Memory Usage (451976K) : memvia_drw has 0 polygons
2026-03-05 03:08:20 +0100: Memory Usage (452104K) : thinfilmres_drw has 0 polygons
2026-03-05 03:08:20 +0100: Memory Usage (452104K) : rfmem_drw has 0 polygons
2026-03-05 03:08:20 +0100: Memory Usage (452104K) : norcx_drw has 0 polygons
2026-03-05 03:08:20 +0100: Memory Usage (452104K) : norcx_m2m3 has 0 polygons
2026-03-05 03:08:20 +0100: Memory Usage (452104K) : norcx_m2m4 has 0 polygons
2026-03-05 03:08:20 +0100: Memory Usage (452232K) : norcx_m2m5 has 0 polygons
2026-03-05 03:08:20 +0100: Memory Usage (452232K) : norcx_m2tm1 has 0 polygons
2026-03-05 03:08:20 +0100: Memory Usage (452232K) : norcx_m2tm2 has 0 polygons
2026-03-05 03:08:20 +0100: Memory Usage (452360K) : norcx_m3m4 has 0 polygons
2026-03-05 03:08:20 +0100: Memory Usage (452360K) : norcx_m3m5 has 0 polygons
2026-03-05 03:08:20 +0100: Memory Usage (452360K) : norcx_m3tm1 has 0 polygons
2026-03-05 03:08:20 +0100: Memory Usage (452488K) : norcx_m3tm2 has 0 polygons
2026-03-05 03:08:20 +0100: Memory Usage (452488K) : norcx_m4m5 has 0 polygons
2026-03-05 03:08:20 +0100: Memory Usage (452488K) : norcx_m4tm1 has 0 polygons
2026-03-05 03:08:20 +0100: Memory Usage (452616K) : norcx_m4tm2 has 0 polygons
2026-03-05 03:08:20 +0100: Memory Usage (452616K) : norcx_m5tm1 has 0 polygons
2026-03-05 03:08:20 +0100: Memory Usage (452616K) : norcx_m5tm2 has 0 polygons
2026-03-05 03:08:20 +0100: Memory Usage (452616K) : norcx_tm1tm2 has 0 polygons
2026-03-05 03:08:20 +0100: Memory Usage (452744K) : norcx_m1sub has 0 polygons
2026-03-05 03:08:20 +0100: Memory Usage (452744K) : norcx_m2sub has 0 polygons
2026-03-05 03:08:20 +0100: Memory Usage (452744K) : norcx_m3sub has 0 polygons
2026-03-05 03:08:20 +0100: Memory Usage (452872K) : norcx_m4sub has 0 polygons
2026-03-05 03:08:20 +0100: Memory Usage (452872K) : norcx_m5sub has 0 polygons
2026-03-05 03:08:20 +0100: Memory Usage (452872K) : norcx_tm1sub has 0 polygons
2026-03-05 03:08:20 +0100: Memory Usage (453000K) : norcx_tm2sub has 0 polygons
2026-03-05 03:08:20 +0100: Memory Usage (453000K) : snsbotvia_drw has 0 polygons
2026-03-05 03:08:20 +0100: Memory Usage (453000K) : snstopvia_drw has 0 polygons
2026-03-05 03:08:20 +0100: Memory Usage (453000K) : deepvia_drw has 0 polygons
2026-03-05 03:08:20 +0100: Memory Usage (453128K) : fgetch_drw has 0 polygons
2026-03-05 03:08:20 +0100: Memory Usage (453128K) : ctrgat_drw has 0 polygons
2026-03-05 03:08:20 +0100: Memory Usage (453128K) : fgimp_drw has 0 polygons
2026-03-05 03:08:20 +0100: Memory Usage (453256K) : emwihv_drw has 0 polygons
2026-03-05 03:08:20 +0100: Memory Usage (453256K) : lbe_drw has 0 polygons
2026-03-05 03:08:20 +0100: Memory Usage (453384K) : alcustop_drw has 0 polygons
2026-03-05 03:08:20 +0100: Memory Usage (453384K) : nometfiller_drw has 0 polygons
2026-03-05 03:08:20 +0100: Memory Usage (453384K) : prboundary_drw has 0 polygons
2026-03-05 03:08:20 +0100: Memory Usage (453512K) : exchange0_drw has 0 polygons
2026-03-05 03:08:20 +0100: Memory Usage (453512K) : exchange0_pin has 0 polygons
2026-03-05 03:08:20 +0100: Memory Usage (453640K) : exchange0_text has 0 polygons
2026-03-05 03:08:20 +0100: Memory Usage (453640K) : exchange1_drw has 0 polygons
2026-03-05 03:08:20 +0100: Memory Usage (453640K) : exchange1_pin has 0 polygons
2026-03-05 03:08:20 +0100: Memory Usage (453768K) : exchange1_text has 0 polygons
2026-03-05 03:08:20 +0100: Memory Usage (453768K) : exchange2_drw has 0 polygons
2026-03-05 03:08:20 +0100: Memory Usage (453896K) : exchange2_pin has 0 polygons
2026-03-05 03:08:20 +0100: Memory Usage (453896K) : exchange2_text has 0 polygons
2026-03-05 03:08:20 +0100: Memory Usage (453896K) : exchange3_drw has 0 polygons
2026-03-05 03:08:20 +0100: Memory Usage (453896K) : exchange3_pin has 0 polygons
2026-03-05 03:08:20 +0100: Memory Usage (453896K) : exchange3_text has 0 polygons
2026-03-05 03:08:20 +0100: Memory Usage (453896K) : exchange4_drw has 0 polygons
2026-03-05 03:08:20 +0100: Memory Usage (453896K) : exchange4_pin has 0 polygons
2026-03-05 03:08:20 +0100: Memory Usage (453896K) : exchange4_text has 0 polygons
2026-03-05 03:08:20 +0100: Memory Usage (453896K) : isonwell_drw has 0 polygons
2026-03-05 03:08:20 +0100: Memory Usage (453896K) : Total no. of polygons in the design is 2273
2026-03-05 03:08:20 +0100: Memory Usage (453896K) : Loaded TECH DRC rules values from /foss/pdks/ihp-sg13g2/libs.tech/klayout/python/sg13g2_pycell_lib/sg13g2_tech_mod.json
2026-03-05 03:08:20 +0100: Memory Usage (453896K) : Loaded default DRC rules values from /foss/pdks/ihp-sg13g2/libs.tech/klayout/tech/drc/rule_decks/sg13g2_tech_default.json
2026-03-05 03:08:20 +0100: Memory Usage (453896K) : The following rules values were missing in tech json and default values were used:
2026-03-05 03:08:20 +0100: Memory Usage (453896K) :   - Cnt_c_digibnd
2026-03-05 03:08:20 +0100: Memory Usage (455176K) : Total area of the design is 1323.667575 um^2.
2026-03-05 03:08:20 +0100: Memory Usage (455176K) : The design dimensions are 30.545 µm * 43.335 µm.
2026-03-05 03:08:20 +0100: Memory Usage (455176K) : Starting general IHP-SG13G2 derivations.
2026-03-05 03:08:20 +0100: Memory Usage (455176K) : Starting Pwell derivations
2026-03-05 03:08:20 +0100: Memory Usage (456968K) : Starting n-Activ derivations
2026-03-05 03:08:20 +0100: Memory Usage (456968K) : Starting p-Activ derivations
2026-03-05 03:08:20 +0100: Memory Usage (457096K) : Starting ptap derivations
2026-03-05 03:08:20 +0100: Memory Usage (457096K) : Starting ntap derivations
2026-03-05 03:08:20 +0100: Memory Usage (457096K) : Starting pact FET derivations
2026-03-05 03:08:20 +0100: Memory Usage (457096K) : Starting nact FET derivations
2026-03-05 03:08:20 +0100: Memory Usage (457096K) : Starting Gate derivations
2026-03-05 03:08:20 +0100: Memory Usage (457096K) : Starting cont/contbar general derivations
2026-03-05 03:08:20 +0100: Memory Usage (457352K) : Starting pad general derivations
2026-03-05 03:08:20 +0100: Memory Usage (457352K) : Starting IHP-SG13G2 DRC connectivity related derivations.
2026-03-05 03:08:20 +0100: Memory Usage (457480K) : Starting IHP-SG13G2 DRC connectivity setup
2026-03-05 03:08:20 +0100: Memory Usage (457864K) : Starting IHP-SG13G2 DRC rules.
2026-03-05 03:08:20 +0100: Memory Usage (457864K) : Running all FEOL rules
2026-03-05 03:08:20 +0100: Memory Usage (457864K) : Running all BEOL rules
2026-03-05 03:08:20 +0100: Memory Usage (457864K) : Running all PIN rules
2026-03-05 03:08:20 +0100: Memory Usage (457864K) : Running all FORBIDDEN rules
2026-03-05 03:08:20 +0100: Memory Usage (457864K) : Starting 5.1 NWell table
2026-03-05 03:08:20 +0100: Memory Usage (457864K) : Executing rule NW.b
2026-03-05 03:08:20 +0100: Memory Usage (458376K) : Executing rule NW.b1
2026-03-05 03:08:20 +0100: Memory Usage (458376K) : Starting 5.2 PWell:block
2026-03-05 03:08:20 +0100: Memory Usage (458376K) : Executing rule PWB.e
2026-03-05 03:08:20 +0100: Memory Usage (458376K) : Executing rule PWB.e1
2026-03-05 03:08:20 +0100: Memory Usage (458376K) : Executing rule PWB.f
2026-03-05 03:08:20 +0100: Memory Usage (458376K) : Executing rule PWB.f1
2026-03-05 03:08:20 +0100: Memory Usage (458376K) : Starting 5.3 nBuLay table
2026-03-05 03:08:20 +0100: Memory Usage (458376K) : Executing rule NBL.b
2026-03-05 03:08:20 +0100: Memory Usage (458376K) : Executing rule NBL.c
2026-03-05 03:08:20 +0100: Memory Usage (458376K) : Executing rule NBL.d
2026-03-05 03:08:20 +0100: Memory Usage (458376K) : Executing rule NBL.e
2026-03-05 03:08:20 +0100: Memory Usage (458376K) : Executing rule NBL.f
2026-03-05 03:08:20 +0100: Memory Usage (458376K) : Starting 5.5. Activ table
2026-03-05 03:08:20 +0100: Memory Usage (458376K) : Executing rule Act.a
2026-03-05 03:08:20 +0100: Memory Usage (458376K) : Executing rule Act.b
2026-03-05 03:08:20 +0100: Memory Usage (458760K) : Starting 5.6 Activ:filler table
2026-03-05 03:08:20 +0100: Memory Usage (458760K) : Executing rule AFil.c1
2026-03-05 03:08:20 +0100: Memory Usage (458760K) : Executing rule AFil.c
2026-03-05 03:08:20 +0100: Memory Usage (458760K) : Executing rule AFil.d
2026-03-05 03:08:20 +0100: Memory Usage (458760K) : Executing rule AFil.e
2026-03-05 03:08:20 +0100: Memory Usage (458760K) : Executing rule AFil.j
2026-03-05 03:08:20 +0100: Memory Usage (458760K) : Starting 5.7. ThickGateOx table
2026-03-05 03:08:20 +0100: Memory Usage (458760K) : Executing rule TGO.f
2026-03-05 03:08:20 +0100: Memory Usage (458760K) : Starting 5.8. GatPoly table
2026-03-05 03:08:20 +0100: Memory Usage (458760K) : Executing rule Gat.a
2026-03-05 03:08:20 +0100: Memory Usage (458760K) : Executing rule Gat.b
2026-03-05 03:08:20 +0100: Memory Usage (458760K) : Executing rule Gat.d
2026-03-05 03:08:20 +0100: Memory Usage (458760K) : Executing rule Gat.a1
2026-03-05 03:08:20 +0100: Memory Usage (459144K) : Executing rule Gat.a2
2026-03-05 03:08:20 +0100: Memory Usage (459144K) : Executing rule Gat.g
2026-03-05 03:08:21 +0100: Memory Usage (459144K) : Starting 5.9 GatPoly:filler
2026-03-05 03:08:21 +0100: Memory Usage (459144K) : Executing rule GFil.d
2026-03-05 03:08:21 +0100: Memory Usage (459144K) : Executing rule GFil.e
2026-03-05 03:08:21 +0100: Memory Usage (459144K) : Executing rule GFil.i
2026-03-05 03:08:21 +0100: Memory Usage (459144K) : Starting 5.10 pSD table
2026-03-05 03:08:21 +0100: Memory Usage (459144K) : Executing rule pSD.c1
2026-03-05 03:08:21 +0100: Memory Usage (459144K) : Starting 5.14. Cont table
2026-03-05 03:08:21 +0100: Memory Usage (459144K) : Executing rule Cnt.a
2026-03-05 03:08:21 +0100: Memory Usage (459144K) : Executing rule Cnt.b
2026-03-05 03:08:21 +0100: Memory Usage (459144K) : Executing rule Cnt.c
2026-03-05 03:08:21 +0100: Memory Usage (459144K) : Executing rule Cnt.c
2026-03-05 03:08:21 +0100: Memory Usage (459144K) : Executing rule Cnt.d
2026-03-05 03:08:21 +0100: Memory Usage (459144K) : Executing rule Cnt.e
2026-03-05 03:08:21 +0100: Memory Usage (459144K) : Executing rule Cnt.g1
2026-03-05 03:08:21 +0100: Memory Usage (459144K) : Executing rule Cnt.g2
2026-03-05 03:08:21 +0100: Memory Usage (459144K) : Starting 5.15. ContBar table
2026-03-05 03:08:21 +0100: Memory Usage (459144K) : Executing rule CntB.b1
2026-03-05 03:08:21 +0100: Memory Usage (459144K) : Executing rule CntB.h1
2026-03-05 03:08:21 +0100: Memory Usage (459144K) : Starting 6.1.3 NPN Substrate-Tie table
2026-03-05 03:08:21 +0100: Memory Usage (459144K) : Executing rule npn13G2.bR 
2026-03-05 03:08:21 +0100: Memory Usage (459144K) : Executing rule npn13G2L.cR 
2026-03-05 03:08:21 +0100: Memory Usage (459144K) : Executing rule npn13G2V.cR 
2026-03-05 03:08:21 +0100: Memory Usage (459144K) : Starting 6.7 Schottky diode table
2026-03-05 03:08:21 +0100: Memory Usage (459144K) : Executing rule Sdiod.d
2026-03-05 03:08:21 +0100: Memory Usage (459144K) : Executing rule Sdiod.e
2026-03-05 03:08:21 +0100: Memory Usage (459144K) : Starting 7.2 Latch-up table
2026-03-05 03:08:21 +0100: Memory Usage (459144K) : Executing rule LU.b
2026-03-05 03:08:21 +0100: Memory Usage (459144K) : Starting 5.16. Metal1 table
2026-03-05 03:08:21 +0100: Memory Usage (459144K) : Executing rule M1.a
2026-03-05 03:08:21 +0100: Memory Usage (459144K) : Executing rule M1.b
2026-03-05 03:08:21 +0100: Memory Usage (459144K) : Executing rule M1.e
2026-03-05 03:08:21 +0100: Memory Usage (459144K) : Executing rule M1.f
2026-03-05 03:08:21 +0100: Memory Usage (459144K) : Executing rule M1.g
2026-03-05 03:08:21 +0100: Memory Usage (459144K) : Executing rule M1.i
2026-03-05 03:08:21 +0100: Memory Usage (459144K) : Starting 5.17 Metaln table
2026-03-05 03:08:21 +0100: Memory Usage (459144K) : Executing rule M2.a
2026-03-05 03:08:21 +0100: Memory Usage (459144K) : Executing rule M2.b
2026-03-05 03:08:21 +0100: Memory Usage (459144K) : Executing rule M2.e
2026-03-05 03:08:21 +0100: Memory Usage (459144K) : Executing rule M2.f
2026-03-05 03:08:21 +0100: Memory Usage (459144K) : Executing rule M2.g
2026-03-05 03:08:21 +0100: Memory Usage (459144K) : Executing rule M2.i
2026-03-05 03:08:21 +0100: Memory Usage (459144K) : Executing rule M3.a
2026-03-05 03:08:21 +0100: Memory Usage (459144K) : Executing rule M3.b
2026-03-05 03:08:21 +0100: Memory Usage (459144K) : Executing rule M3.e
2026-03-05 03:08:21 +0100: Memory Usage (459144K) : Executing rule M3.f
2026-03-05 03:08:21 +0100: Memory Usage (459144K) : Executing rule M3.g
2026-03-05 03:08:21 +0100: Memory Usage (459144K) : Executing rule M3.i
2026-03-05 03:08:21 +0100: Memory Usage (459400K) : Executing rule M4.a
2026-03-05 03:08:21 +0100: Memory Usage (459400K) : Executing rule M4.b
2026-03-05 03:08:21 +0100: Memory Usage (459528K) : Executing rule M4.e
2026-03-05 03:08:21 +0100: Memory Usage (459656K) : Executing rule M4.f
2026-03-05 03:08:21 +0100: Memory Usage (459784K) : Executing rule M4.g
2026-03-05 03:08:21 +0100: Memory Usage (460040K) : Executing rule M4.i
2026-03-05 03:08:21 +0100: Memory Usage (460040K) : Executing rule M5.a
2026-03-05 03:08:21 +0100: Memory Usage (460040K) : Executing rule M5.b
2026-03-05 03:08:21 +0100: Memory Usage (460040K) : Executing rule M5.e
2026-03-05 03:08:21 +0100: Memory Usage (460168K) : Executing rule M5.f
2026-03-05 03:08:21 +0100: Memory Usage (460296K) : Executing rule M5.g
2026-03-05 03:08:21 +0100: Memory Usage (460552K) : Executing rule M5.i
2026-03-05 03:08:21 +0100: Memory Usage (460808K) : Starting 5.18 Metaln:filler table
2026-03-05 03:08:21 +0100: Memory Usage (460808K) : Executing rule M1Fil.c
2026-03-05 03:08:21 +0100: Memory Usage (460936K) : Executing rule M1Fil.a2
2026-03-05 03:08:21 +0100: Memory Usage (460936K) : Executing rule M2Fil.c
2026-03-05 03:08:21 +0100: Memory Usage (460936K) : Executing rule M2Fil.a2
2026-03-05 03:08:21 +0100: Memory Usage (460936K) : Executing rule M3Fil.c
2026-03-05 03:08:21 +0100: Memory Usage (460936K) : Executing rule M3Fil.a2
2026-03-05 03:08:21 +0100: Memory Usage (460936K) : Executing rule M4Fil.c
2026-03-05 03:08:21 +0100: Memory Usage (460936K) : Executing rule M4Fil.a2
2026-03-05 03:08:21 +0100: Memory Usage (460936K) : Executing rule M5Fil.c
2026-03-05 03:08:21 +0100: Memory Usage (460936K) : Executing rule M5Fil.a2
2026-03-05 03:08:21 +0100: Memory Usage (460936K) : Starting 5.19. Via1 table
2026-03-05 03:08:21 +0100: Memory Usage (460936K) : Starting 5.19. Via1 table derivations
2026-03-05 03:08:21 +0100: Memory Usage (460936K) : Executing rule V1.a
2026-03-05 03:08:21 +0100: Memory Usage (460936K) : Executing rule V1.b
2026-03-05 03:08:21 +0100: Memory Usage (460936K) : Executing rule V1.c
2026-03-05 03:08:21 +0100: Memory Usage (460936K) : Starting 5.20. Vian table
2026-03-05 03:08:21 +0100: Memory Usage (460936K) : Executing rule V2.a
2026-03-05 03:08:21 +0100: Memory Usage (460936K) : Executing rule V2.b
2026-03-05 03:08:21 +0100: Memory Usage (460936K) : Executing rule V2.c
2026-03-05 03:08:21 +0100: Memory Usage (460936K) : Executing rule V3.a
2026-03-05 03:08:21 +0100: Memory Usage (460936K) : Executing rule V3.b
2026-03-05 03:08:21 +0100: Memory Usage (460936K) : Executing rule V3.c
2026-03-05 03:08:21 +0100: Memory Usage (460936K) : Executing rule V4.a
2026-03-05 03:08:21 +0100: Memory Usage (460936K) : Executing rule V4.b
2026-03-05 03:08:21 +0100: Memory Usage (460936K) : Executing rule V4.c
2026-03-05 03:08:21 +0100: Memory Usage (460936K) : Starting 5.21. TopVia1 table
2026-03-05 03:08:21 +0100: Memory Usage (460936K) : Executing rule TV1.a
2026-03-05 03:08:21 +0100: Memory Usage (460936K) : Executing rule TV1.b
2026-03-05 03:08:21 +0100: Memory Usage (460936K) : Executing rule TV1.c
2026-03-05 03:08:21 +0100: Memory Usage (460936K) : Executing rule TV1.d
2026-03-05 03:08:21 +0100: Memory Usage (460936K) : Starting 5.22. TopMetal1 table
2026-03-05 03:08:21 +0100: Memory Usage (460936K) : Executing rule TM1.a
2026-03-05 03:08:21 +0100: Memory Usage (460936K) : Executing rule TM1.b
2026-03-05 03:08:21 +0100: Memory Usage (460936K) : Starting 5.23 TopMetal1:filler table
2026-03-05 03:08:21 +0100: Memory Usage (460936K) : Executing rule TM1Fil.c
2026-03-05 03:08:21 +0100: Memory Usage (460936K) : Executing rule TM1Fil.a1
2026-03-05 03:08:21 +0100: Memory Usage (460936K) : Starting 5.24. TopVia2 table
2026-03-05 03:08:21 +0100: Memory Usage (460936K) : Executing rule TV2.a
2026-03-05 03:08:21 +0100: Memory Usage (460936K) : Executing rule TV2.b
2026-03-05 03:08:21 +0100: Memory Usage (460936K) : Executing rule TV2.c
2026-03-05 03:08:21 +0100: Memory Usage (460936K) : Executing rule TV2.d
2026-03-05 03:08:21 +0100: Memory Usage (460936K) : Starting 5.25. TopMetal2 table
2026-03-05 03:08:21 +0100: Memory Usage (460936K) : Executing rule TM2.a
2026-03-05 03:08:21 +0100: Memory Usage (460936K) : Executing rule TM2.b
2026-03-05 03:08:21 +0100: Memory Usage (460936K) : Executing rule TM2.bR
2026-03-05 03:08:21 +0100: Memory Usage (460936K) : Starting 5.26 TopMetal2:filler table
2026-03-05 03:08:21 +0100: Memory Usage (460936K) : Executing rule TM2Fil.c
2026-03-05 03:08:21 +0100: Memory Usage (460936K) : Executing rule TM2Fil.a1
2026-03-05 03:08:21 +0100: Memory Usage (460936K) : Starting 5.27. Passiv table
2026-03-05 03:08:21 +0100: Memory Usage (460936K) : Executing rule Pas.a
2026-03-05 03:08:21 +0100: Memory Usage (460936K) : Executing rule Pas.b
2026-03-05 03:08:21 +0100: Memory Usage (460936K) : Executing rule Pas.c
2026-03-05 03:08:21 +0100: Memory Usage (460936K) : Starting 6.9.2 Copper Pillar table
2026-03-05 03:08:21 +0100: Memory Usage (460936K) : Executing rule Padc.a
2026-03-05 03:08:21 +0100: Memory Usage (460936K) : Executing rule Padc.b
2026-03-05 03:08:21 +0100: Memory Usage (460936K) : Executing rule Padc.c
2026-03-05 03:08:21 +0100: Memory Usage (460936K) : Executing rule Padb.f
2026-03-05 03:08:21 +0100: Memory Usage (460936K) : Starting 6.9 Pad table
2026-03-05 03:08:21 +0100: Memory Usage (460936K) : Executing rule Pad.m
2026-03-05 03:08:21 +0100: Memory Usage (460936K) : Executing rule Pad.fR_M1
2026-03-05 03:08:21 +0100: Memory Usage (460936K) : Executing rule Pad.fR_M2
2026-03-05 03:08:21 +0100: Memory Usage (460936K) : Executing rule Pad.fR_M3
2026-03-05 03:08:21 +0100: Memory Usage (460936K) : Executing rule Pad.fR_M4
2026-03-05 03:08:21 +0100: Memory Usage (460936K) : Executing rule Pad.fR_M5
2026-03-05 03:08:21 +0100: Memory Usage (460936K) : Executing rule Pad.fR_TM1
2026-03-05 03:08:21 +0100: Memory Usage (460936K) : Executing rule Pad.fR_TM2
2026-03-05 03:08:21 +0100: Memory Usage (460936K) : Executing rule Pad.i
2026-03-05 03:08:21 +0100: Memory Usage (460936K) : Starting 6.9.1 Solder Bump
2026-03-05 03:08:21 +0100: Memory Usage (460936K) : Executing rule Padb.a
2026-03-05 03:08:21 +0100: Memory Usage (460936K) : Executing rule Padb.b
2026-03-05 03:08:21 +0100: Memory Usage (460936K) : Executing rule Padb.c
2026-03-05 03:08:21 +0100: Memory Usage (460936K) : Executing rule Padb.f
2026-03-05 03:08:21 +0100: Memory Usage (460936K) : Executing rule Padb.d
2026-03-05 03:08:21 +0100: Memory Usage (460936K) : Starting 6.10 Sealring table
2026-03-05 03:08:21 +0100: Memory Usage (460936K) : Executing rule Seal.l
2026-03-05 03:08:21 +0100: Memory Usage (460936K) : Executing rule Seal.n
2026-03-05 03:08:21 +0100: Memory Usage (460936K) : Executing rule seal.b_metal1
2026-03-05 03:08:21 +0100: Memory Usage (460936K) : Executing rule seal.b_metal2
2026-03-05 03:08:21 +0100: Memory Usage (460936K) : Executing rule seal.b_metal3
2026-03-05 03:08:21 +0100: Memory Usage (460936K) : Executing rule seal.b_metal4
2026-03-05 03:08:21 +0100: Memory Usage (460936K) : Executing rule seal.b_metal5
2026-03-05 03:08:21 +0100: Memory Usage (460936K) : Executing rule seal.b_topmetal1
2026-03-05 03:08:21 +0100: Memory Usage (460936K) : Executing rule seal.b_topmetal2
2026-03-05 03:08:21 +0100: Memory Usage (460936K) : Executing rule seal.b_activ
2026-03-05 03:08:21 +0100: Memory Usage (460936K) : Executing rule seal.b_psd
2026-03-05 03:08:21 +0100: Memory Usage (460936K) : Executing rule Seal.k
2026-03-05 03:08:21 +0100: Memory Usage (460936K) : Executing rule Seal.m
2026-03-05 03:08:21 +0100: Memory Usage (460936K) : Starting 6.11 MIM table
2026-03-05 03:08:21 +0100: Memory Usage (460936K) : Executing rule MIM.c
2026-03-05 03:08:21 +0100: Memory Usage (460936K) : Executing rule MIM.d
2026-03-05 03:08:21 +0100: Memory Usage (460936K) : Executing rule MIM.gR
2026-03-05 03:08:21 +0100: Memory Usage (460936K) : Starting 7.3 Metal Slits table
2026-03-05 03:08:21 +0100: Memory Usage (460936K) : Executing rule Slt.e1_M1
2026-03-05 03:08:21 +0100: Memory Usage (460936K) : Executing rule Slt.e1_M2
2026-03-05 03:08:21 +0100: Memory Usage (460936K) : Executing rule Slt.e1_M3
2026-03-05 03:08:21 +0100: Memory Usage (460936K) : Executing rule Slt.e1_M4
2026-03-05 03:08:21 +0100: Memory Usage (460936K) : Executing rule Slt.e1_M5
2026-03-05 03:08:21 +0100: Memory Usage (460936K) : Executing rule Slt.e1_TM1
2026-03-05 03:08:21 +0100: Memory Usage (460936K) : Executing rule Slt.e1_TM2
2026-03-05 03:08:21 +0100: Memory Usage (460936K) : Starting 9.1. LBE table
2026-03-05 03:08:21 +0100: Memory Usage (460936K) : Executing rule LBE.a
2026-03-05 03:08:21 +0100: Memory Usage (460936K) : Executing rule LBE.b
2026-03-05 03:08:21 +0100: Memory Usage (460936K) : Executing rule LBE.b1
2026-03-05 03:08:21 +0100: Memory Usage (460936K) : Executing rule LBE.c
2026-03-05 03:08:21 +0100: Memory Usage (460936K) : Executing rule LBE.d
2026-03-05 03:08:21 +0100: Memory Usage (460936K) : Executing rule LBE.h
2026-03-05 03:08:21 +0100: Memory Usage (460936K) : Starting 7.4. PIN table
2026-03-05 03:08:21 +0100: Memory Usage (460936K) : Executing rule Pin.a
2026-03-05 03:08:21 +0100: Memory Usage (460936K) : Executing rule Pin.b
2026-03-05 03:08:21 +0100: Memory Usage (460936K) : Executing rule Pin.e
2026-03-05 03:08:21 +0100: Memory Usage (460936K) : Executing rule Pin.f_M2
2026-03-05 03:08:21 +0100: Memory Usage (461064K) : Executing rule Pin.f_M3
2026-03-05 03:08:21 +0100: Memory Usage (461064K) : Executing rule Pin.f_M4
2026-03-05 03:08:21 +0100: Memory Usage (461064K) : Executing rule Pin.f_M5
2026-03-05 03:08:21 +0100: Memory Usage (461064K) : Executing rule Pin.g
2026-03-05 03:08:21 +0100: Memory Usage (461064K) : Executing rule Pin.h
2026-03-05 03:08:21 +0100: Memory Usage (461064K) : Starting 3.2. FORBIDDEN table
2026-03-05 03:08:21 +0100: Memory Usage (461064K) : Executing rule forbidden.biwind
2026-03-05 03:08:21 +0100: Memory Usage (461064K) : Executing rule forbidden.pemwind
2026-03-05 03:08:21 +0100: Memory Usage (461064K) : Executing rule forbidden.baspoly
2026-03-05 03:08:21 +0100: Memory Usage (461192K) : Executing rule forbidden.deepco
2026-03-05 03:08:21 +0100: Memory Usage (461192K) : Executing rule forbidden.pempoly
2026-03-05 03:08:21 +0100: Memory Usage (461192K) : Executing rule forbidden.empoly
2026-03-05 03:08:21 +0100: Memory Usage (461192K) : Executing rule forbidden.ldmos
2026-03-05 03:08:21 +0100: Memory Usage (461192K) : Executing rule forbidden.pbiwind
2026-03-05 03:08:21 +0100: Memory Usage (461192K) : Executing rule forbidden.nodrc
2026-03-05 03:08:21 +0100: Memory Usage (461192K) : Executing rule forbidden.flash
2026-03-05 03:08:21 +0100: Memory Usage (461192K) : Executing rule forbidden.colwind
2026-03-05 03:08:21 +0100: Memory Usage (461320K) : KLayout DRC run for tables 'main' completed in 1.34 seconds
